<?xml version="1.0" encoding="UTF-8"?>
<coverage generated="1581308586485" clover="3.2.0">
  <project timestamp="1581308586485" name="All files">
    <metrics statements="120" coveredstatements="97" conditionals="74" coveredconditionals="51" methods="17" coveredmethods="17" elements="211" coveredelements="165" complexity="0" loc="120" ncloc="120" packages="1" files="2" classes="2"/>
    <file name="scsField.ts" path="C:\Users\yanagida\Desktop\playground\torneko3js\src\scsField.ts">
      <metrics statements="52" coveredstatements="52" conditionals="32" coveredconditionals="31" methods="10" coveredmethods="10"/>
      <line num="5" count="1" type="stmt"/>
      <line num="10" count="1" type="stmt"/>
      <line num="11" count="1" type="stmt"/>
      <line num="12" count="1" type="stmt"/>
      <line num="14" count="1" type="stmt"/>
      <line num="15" count="1" type="stmt"/>
      <line num="17" count="1" type="stmt"/>
      <line num="18" count="1" type="stmt"/>
      <line num="19" count="5" type="stmt"/>
      <line num="26" count="1" type="stmt"/>
      <line num="27" count="1" type="stmt"/>
      <line num="30" count="1" type="stmt"/>
      <line num="31" count="62" type="stmt"/>
      <line num="36" count="10" type="cond" truecount="4" falsecount="0"/>
      <line num="37" count="6" type="stmt"/>
      <line num="38" count="6" type="stmt"/>
      <line num="39" count="6" type="stmt"/>
      <line num="41" count="6" type="stmt"/>
      <line num="42" count="18" type="cond" truecount="2" falsecount="0"/>
      <line num="44" count="180" type="cond" truecount="2" falsecount="0"/>
      <line num="46" count="18" type="stmt"/>
      <line num="49" count="6" type="stmt"/>
      <line num="50" count="18" type="stmt"/>
      <line num="51" count="54" type="stmt"/>
      <line num="52" count="54" type="stmt"/>
      <line num="53" count="54" type="stmt"/>
      <line num="54" count="54" type="cond" truecount="2" falsecount="0"/>
      <line num="55" count="15" type="cond" truecount="3" falsecount="1"/>
      <line num="58" count="15" type="cond" truecount="2" falsecount="0"/>
      <line num="59" count="9" type="cond" truecount="2" falsecount="0"/>
      <line num="60" count="3" type="stmt"/>
      <line num="62" count="6" type="stmt"/>
      <line num="64" count="9" type="stmt"/>
      <line num="68" count="6" type="stmt"/>
      <line num="69" count="6" type="stmt"/>
      <line num="70" count="6" type="cond" truecount="2" falsecount="0"/>
      <line num="71" count="6" type="cond" truecount="4" falsecount="0"/>
      <line num="72" count="5" type="cond" truecount="2" falsecount="0"/>
      <line num="73" count="4" type="stmt"/>
      <line num="75" count="1" type="stmt"/>
      <line num="80" count="6" type="stmt"/>
      <line num="83" count="1" type="stmt"/>
      <line num="84" count="1" type="stmt"/>
      <line num="85" count="5" type="stmt"/>
      <line num="86" count="25" type="stmt"/>
      <line num="87" count="25" type="cond" truecount="2" falsecount="0"/>
      <line num="88" count="21" type="cond" truecount="2" falsecount="0"/>
      <line num="89" count="4" type="cond" truecount="2" falsecount="0"/>
      <line num="90" count="3" type="stmt"/>
      <line num="92" count="5" type="stmt"/>
      <line num="94" count="1" type="stmt"/>
      <line num="96" count="1" type="stmt"/>
    </file>
    <file name="status.ts" path="C:\Users\yanagida\Desktop\playground\torneko3js\src\status.ts">
      <metrics statements="68" coveredstatements="45" conditionals="42" coveredconditionals="20" methods="7" coveredmethods="7"/>
      <line num="4" count="1" type="cond" truecount="2" falsecount="0"/>
      <line num="5" count="1" type="stmt"/>
      <line num="6" count="1" type="stmt"/>
      <line num="7" count="1" type="stmt"/>
      <line num="8" count="1" type="stmt"/>
      <line num="9" count="1" type="stmt"/>
      <line num="10" count="1" type="stmt"/>
      <line num="11" count="1" type="stmt"/>
      <line num="12" count="1" type="stmt"/>
      <line num="15" count="1" type="stmt"/>
      <line num="16" count="14" type="stmt"/>
      <line num="18" count="1" type="stmt"/>
      <line num="20" count="1" type="stmt"/>
      <line num="22" count="0" type="stmt"/>
      <line num="24" count="0" type="stmt"/>
      <line num="26" count="0" type="stmt"/>
      <line num="28" count="12" type="stmt"/>
      <line num="30" count="0" type="stmt"/>
      <line num="32" count="0" type="stmt"/>
      <line num="36" count="1" type="stmt"/>
      <line num="37" count="14" type="stmt"/>
      <line num="39" count="1" type="stmt"/>
      <line num="41" count="1" type="stmt"/>
      <line num="43" count="0" type="stmt"/>
      <line num="45" count="0" type="stmt"/>
      <line num="47" count="0" type="stmt"/>
      <line num="49" count="12" type="stmt"/>
      <line num="51" count="0" type="stmt"/>
      <line num="53" count="0" type="stmt"/>
      <line num="57" count="1" type="stmt"/>
      <line num="58" count="14" type="stmt"/>
      <line num="60" count="1" type="stmt"/>
      <line num="62" count="1" type="stmt"/>
      <line num="64" count="0" type="stmt"/>
      <line num="66" count="0" type="stmt"/>
      <line num="68" count="0" type="stmt"/>
      <line num="70" count="12" type="stmt"/>
      <line num="72" count="0" type="stmt"/>
      <line num="74" count="0" type="stmt"/>
      <line num="78" count="1" type="stmt"/>
      <line num="79" count="14" type="stmt"/>
      <line num="81" count="1" type="stmt"/>
      <line num="83" count="1" type="stmt"/>
      <line num="85" count="0" type="stmt"/>
      <line num="87" count="0" type="stmt"/>
      <line num="89" count="0" type="stmt"/>
      <line num="91" count="12" type="stmt"/>
      <line num="93" count="0" type="stmt"/>
      <line num="95" count="0" type="stmt"/>
      <line num="110" count="1" type="stmt"/>
      <line num="111" count="14" type="stmt"/>
      <line num="300" count="14" type="stmt"/>
      <line num="301" count="14" type="cond" truecount="1" falsecount="1"/>
      <line num="302" count="0" type="stmt"/>
      <line num="304" count="14" type="cond" truecount="3" falsecount="1"/>
      <line num="305" count="0" type="stmt"/>
      <line num="307" count="14" type="stmt"/>
      <line num="308" count="14" type="stmt"/>
      <line num="309" count="14" type="stmt"/>
      <line num="310" count="14" type="stmt"/>
      <line num="312" count="14" type="stmt"/>
      <line num="318" count="1" type="stmt"/>
      <line num="319" count="1" type="stmt"/>
      <line num="320" count="1" type="stmt"/>
      <line num="321" count="10" type="stmt"/>
      <line num="322" count="10" type="cond" truecount="2" falsecount="0"/>
      <line num="323" count="1" type="stmt"/>
      <line num="326" count="0" type="stmt"/>
    </file>
  </project>
</coverage>
