<?xml version="1.0" encoding="UTF-8"?>
<coverage generated="1581586985825" clover="3.2.0">
  <project timestamp="1581586985825" name="All files">
    <metrics statements="382" coveredstatements="312" conditionals="289" coveredconditionals="206" methods="56" coveredmethods="51" elements="727" coveredelements="569" complexity="0" loc="382" ncloc="382" packages="1" files="7" classes="7"/>
    <file name="actionOrder.ts" path="/Users/yanagida/work/torneko3js/src/actionOrder.ts">
      <metrics statements="48" coveredstatements="41" conditionals="30" coveredconditionals="22" methods="9" coveredmethods="9"/>
      <line num="6" count="1" type="stmt"/>
      <line num="7" count="12" type="cond" truecount="2" falsecount="0"/>
      <line num="8" count="2" type="stmt"/>
      <line num="10" count="10" type="stmt"/>
      <line num="14" count="1" type="stmt"/>
      <line num="15" count="2" type="stmt"/>
      <line num="16" count="2" type="stmt"/>
      <line num="17" count="6" type="stmt"/>
      <line num="18" count="18" type="cond" truecount="2" falsecount="0"/>
      <line num="19" count="8" type="stmt"/>
      <line num="24" count="2" type="stmt"/>
      <line num="25" count="6" type="stmt"/>
      <line num="26" count="6" type="stmt"/>
      <line num="27" count="6" type="cond" truecount="1" falsecount="1"/>
      <line num="28" count="0" type="stmt"/>
      <line num="30" count="6" type="cond" truecount="2" falsecount="0"/>
      <line num="31" count="4" type="stmt"/>
      <line num="33" count="2" type="cond" truecount="1" falsecount="1"/>
      <line num="34" count="2" type="cond" truecount="1" falsecount="1"/>
      <line num="35" count="2" type="stmt"/>
      <line num="36" count="0" type="cond" truecount="0" falsecount="2"/>
      <line num="37" count="0" type="stmt"/>
      <line num="40" count="0" type="stmt"/>
      <line num="44" count="1" type="stmt"/>
      <line num="45" count="1" type="stmt"/>
      <line num="46" count="1" type="stmt"/>
      <line num="47" count="3" type="stmt"/>
      <line num="48" count="9" type="stmt"/>
      <line num="49" count="30" type="cond" truecount="2" falsecount="0"/>
      <line num="50" count="9" type="cond" truecount="2" falsecount="0"/>
      <line num="51" count="5" type="stmt"/>
      <line num="53" count="4" type="stmt"/>
      <line num="56" count="3" type="stmt"/>
      <line num="58" count="1" type="stmt"/>
      <line num="62" count="1" type="stmt"/>
      <line num="154" count="1" type="stmt"/>
      <line num="155" count="1" type="stmt"/>
      <line num="156" count="181" type="cond" truecount="2" falsecount="0"/>
      <line num="157" count="9" type="cond" truecount="2" falsecount="0"/>
      <line num="159" count="3" type="cond" truecount="1" falsecount="1"/>
      <line num="160" count="0" type="stmt"/>
      <line num="162" count="3" type="cond" truecount="1" falsecount="1"/>
      <line num="163" count="0" type="stmt"/>
      <line num="166" count="3" type="cond" truecount="2" falsecount="0"/>
      <line num="167" count="2" type="stmt"/>
      <line num="168" count="1" type="cond" truecount="1" falsecount="1"/>
      <line num="169" count="1" type="stmt"/>
      <line num="171" count="0" type="stmt"/>
    </file>
    <file name="checkInp.ts" path="/Users/yanagida/work/torneko3js/src/checkInp.ts">
      <metrics statements="35" coveredstatements="5" conditionals="43" coveredconditionals="1" methods="2" coveredmethods="1"/>
      <line num="6" count="1" type="stmt"/>
      <line num="8" count="2" type="cond" truecount="1" falsecount="1"/>
      <line num="9" count="2" type="stmt"/>
      <line num="11" count="0" type="stmt"/>
      <line num="12" count="0" type="stmt"/>
      <line num="16" count="0" type="stmt"/>
      <line num="17" count="0" type="cond" truecount="0" falsecount="2"/>
      <line num="18" count="0" type="stmt"/>
      <line num="20" count="0" type="stmt"/>
      <line num="21" count="0" type="stmt"/>
      <line num="22" count="0" type="cond" truecount="0" falsecount="2"/>
      <line num="23" count="0" type="stmt"/>
      <line num="28" count="0" type="stmt"/>
      <line num="29" count="0" type="cond" truecount="0" falsecount="2"/>
      <line num="30" count="0" type="cond" truecount="0" falsecount="2"/>
      <line num="31" count="0" type="cond" truecount="0" falsecount="2"/>
      <line num="32" count="0" type="cond" truecount="0" falsecount="2"/>
      <line num="35" count="1" type="stmt"/>
      <line num="36" count="0" type="cond" truecount="0" falsecount="2"/>
      <line num="37" count="0" type="stmt"/>
      <line num="39" count="0" type="cond" truecount="0" falsecount="2"/>
      <line num="40" count="0" type="stmt"/>
      <line num="42" count="0" type="cond" truecount="0" falsecount="2"/>
      <line num="43" count="0" type="stmt"/>
      <line num="45" count="0" type="cond" truecount="0" falsecount="5"/>
      <line num="46" count="0" type="stmt"/>
      <line num="48" count="0" type="cond" truecount="0" falsecount="5"/>
      <line num="49" count="0" type="stmt"/>
      <line num="51" count="0" type="cond" truecount="0" falsecount="4"/>
      <line num="52" count="0" type="stmt"/>
      <line num="54" count="0" type="cond" truecount="0" falsecount="4"/>
      <line num="55" count="0" type="stmt"/>
      <line num="57" count="0" type="cond" truecount="0" falsecount="5"/>
      <line num="58" count="0" type="stmt"/>
      <line num="62" count="1" type="stmt"/>
    </file>
    <file name="config.ts" path="/Users/yanagida/work/torneko3js/src/config.ts">
      <metrics statements="4" coveredstatements="4" conditionals="0" coveredconditionals="0" methods="0" coveredmethods="0"/>
      <line num="1" count="1" type="stmt"/>
      <line num="82" count="1" type="stmt"/>
      <line num="93" count="1" type="stmt"/>
      <line num="98" count="1" type="stmt"/>
    </file>
    <file name="mathFunctions.ts" path="/Users/yanagida/work/torneko3js/src/mathFunctions.ts">
      <metrics statements="17" coveredstatements="17" conditionals="0" coveredconditionals="0" methods="9" coveredmethods="9"/>
      <line num="5" count="1" type="stmt"/>
      <line num="6" count="11" type="stmt"/>
      <line num="7" count="17" type="stmt"/>
      <line num="11" count="1" type="stmt"/>
      <line num="12" count="10" type="stmt"/>
      <line num="15" count="1" type="stmt"/>
      <line num="16" count="5" type="stmt"/>
      <line num="17" count="12" type="stmt"/>
      <line num="18" count="7" type="stmt"/>
      <line num="20" count="5" type="stmt"/>
      <line num="28" count="1" type="stmt"/>
      <line num="29" count="1" type="stmt"/>
      <line num="30" count="1" type="stmt"/>
      <line num="31" count="4" type="stmt"/>
      <line num="32" count="8" type="stmt"/>
      <line num="33" count="8" type="stmt"/>
      <line num="35" count="1" type="stmt"/>
    </file>
    <file name="scsField.ts" path="/Users/yanagida/work/torneko3js/src/scsField.ts">
      <metrics statements="109" coveredstatements="107" conditionals="124" coveredconditionals="120" methods="14" coveredmethods="12"/>
      <line num="5" count="1" type="stmt"/>
      <line num="10" count="2" type="stmt"/>
      <line num="11" count="2" type="stmt"/>
      <line num="12" count="2" type="stmt"/>
      <line num="14" count="2" type="stmt"/>
      <line num="15" count="2" type="stmt"/>
      <line num="17" count="2" type="stmt"/>
      <line num="18" count="2" type="stmt"/>
      <line num="19" count="12" type="stmt"/>
      <line num="26" count="1" type="stmt"/>
      <line num="27" count="8" type="stmt"/>
      <line num="30" count="1" type="stmt"/>
      <line num="31" count="114" type="stmt"/>
      <line num="42" count="10" type="cond" truecount="4" falsecount="0"/>
      <line num="43" count="6" type="stmt"/>
      <line num="44" count="6" type="stmt"/>
      <line num="45" count="6" type="stmt"/>
      <line num="47" count="6" type="stmt"/>
      <line num="48" count="18" type="cond" truecount="2" falsecount="0"/>
      <line num="50" count="180" type="cond" truecount="2" falsecount="0"/>
      <line num="52" count="18" type="stmt"/>
      <line num="55" count="6" type="stmt"/>
      <line num="56" count="18" type="stmt"/>
      <line num="57" count="54" type="stmt"/>
      <line num="58" count="54" type="stmt"/>
      <line num="59" count="54" type="stmt"/>
      <line num="60" count="54" type="cond" truecount="2" falsecount="0"/>
      <line num="61" count="15" type="cond" truecount="3" falsecount="1"/>
      <line num="64" count="15" type="cond" truecount="2" falsecount="0"/>
      <line num="65" count="9" type="cond" truecount="2" falsecount="0"/>
      <line num="66" count="3" type="stmt"/>
      <line num="68" count="6" type="stmt"/>
      <line num="70" count="9" type="stmt"/>
      <line num="74" count="6" type="stmt"/>
      <line num="75" count="6" type="stmt"/>
      <line num="76" count="6" type="cond" truecount="2" falsecount="0"/>
      <line num="77" count="6" type="cond" truecount="4" falsecount="0"/>
      <line num="78" count="5" type="cond" truecount="2" falsecount="0"/>
      <line num="79" count="4" type="stmt"/>
      <line num="81" count="1" type="stmt"/>
      <line num="86" count="6" type="stmt"/>
      <line num="99" count="16" type="cond" truecount="1" falsecount="1"/>
      <line num="100" count="8" type="stmt"/>
      <line num="101" count="8" type="stmt"/>
      <line num="102" count="8" type="stmt"/>
      <line num="103" count="8" type="stmt"/>
      <line num="104" count="8" type="stmt"/>
      <line num="105" count="0" type="cond" truecount="1" falsecount="1"/>
      <line num="107" count="16" type="stmt"/>
      <line num="111" count="8" type="stmt"/>
      <line num="112" count="8" type="stmt"/>
      <line num="113" count="9" type="stmt"/>
      <line num="114" count="9" type="cond" truecount="2" falsecount="0"/>
      <line num="115" count="2" type="cond" truecount="4" falsecount="0"/>
      <line num="116" count="2" type="cond" truecount="4" falsecount="0"/>
      <line num="120" count="7" type="stmt"/>
      <line num="121" count="7" type="cond" truecount="2" falsecount="0"/>
      <line num="122" count="8" type="stmt"/>
      <line num="123" count="8" type="cond" truecount="2" falsecount="0"/>
      <line num="124" count="2" type="cond" truecount="4" falsecount="0"/>
      <line num="125" count="2" type="cond" truecount="4" falsecount="0"/>
      <line num="129" count="6" type="stmt"/>
      <line num="130" count="6" type="stmt"/>
      <line num="131" count="7" type="stmt"/>
      <line num="132" count="7" type="cond" truecount="2" falsecount="0"/>
      <line num="133" count="2" type="cond" truecount="4" falsecount="0"/>
      <line num="134" count="2" type="cond" truecount="4" falsecount="0"/>
      <line num="138" count="5" type="stmt"/>
      <line num="139" count="5" type="cond" truecount="2" falsecount="0"/>
      <line num="140" count="6" type="stmt"/>
      <line num="141" count="6" type="cond" truecount="2" falsecount="0"/>
      <line num="142" count="2" type="cond" truecount="4" falsecount="0"/>
      <line num="143" count="2" type="cond" truecount="4" falsecount="0"/>
      <line num="147" count="4" type="stmt"/>
      <line num="148" count="4" type="stmt"/>
      <line num="149" count="5" type="stmt"/>
      <line num="150" count="5" type="cond" truecount="2" falsecount="0"/>
      <line num="151" count="2" type="cond" truecount="4" falsecount="0"/>
      <line num="152" count="2" type="cond" truecount="4" falsecount="0"/>
      <line num="156" count="3" type="stmt"/>
      <line num="157" count="3" type="cond" truecount="2" falsecount="0"/>
      <line num="158" count="4" type="stmt"/>
      <line num="159" count="4" type="cond" truecount="2" falsecount="0"/>
      <line num="160" count="2" type="cond" truecount="4" falsecount="0"/>
      <line num="161" count="2" type="cond" truecount="4" falsecount="0"/>
      <line num="165" count="2" type="stmt"/>
      <line num="166" count="2" type="stmt"/>
      <line num="167" count="3" type="stmt"/>
      <line num="168" count="3" type="cond" truecount="2" falsecount="0"/>
      <line num="169" count="2" type="cond" truecount="4" falsecount="0"/>
      <line num="170" count="2" type="cond" truecount="4" falsecount="0"/>
      <line num="174" count="1" type="stmt"/>
      <line num="175" count="1" type="cond" truecount="2" falsecount="0"/>
      <line num="176" count="2" type="stmt"/>
      <line num="177" count="2" type="cond" truecount="1" falsecount="1"/>
      <line num="178" count="2" type="cond" truecount="4" falsecount="0"/>
      <line num="179" count="2" type="cond" truecount="4" falsecount="0"/>
      <line num="182" count="0" type="stmt"/>
      <line num="185" count="1" type="stmt"/>
      <line num="186" count="1" type="stmt"/>
      <line num="187" count="5" type="stmt"/>
      <line num="188" count="25" type="stmt"/>
      <line num="189" count="25" type="cond" truecount="2" falsecount="0"/>
      <line num="190" count="21" type="cond" truecount="2" falsecount="0"/>
      <line num="191" count="4" type="cond" truecount="2" falsecount="0"/>
      <line num="192" count="3" type="stmt"/>
      <line num="194" count="5" type="stmt"/>
      <line num="196" count="1" type="stmt"/>
      <line num="198" count="1" type="stmt"/>
    </file>
    <file name="status.ts" path="/Users/yanagida/work/torneko3js/src/status.ts">
      <metrics statements="68" coveredstatements="49" conditionals="42" coveredconditionals="24" methods="7" coveredmethods="7"/>
      <line num="4" count="2" type="cond" truecount="2" falsecount="0"/>
      <line num="5" count="2" type="stmt"/>
      <line num="6" count="2" type="stmt"/>
      <line num="7" count="2" type="stmt"/>
      <line num="8" count="2" type="stmt"/>
      <line num="9" count="2" type="stmt"/>
      <line num="10" count="2" type="stmt"/>
      <line num="11" count="2" type="stmt"/>
      <line num="12" count="2" type="stmt"/>
      <line num="15" count="2" type="stmt"/>
      <line num="16" count="73" type="stmt"/>
      <line num="18" count="1" type="stmt"/>
      <line num="20" count="21" type="stmt"/>
      <line num="22" count="1" type="stmt"/>
      <line num="24" count="0" type="stmt"/>
      <line num="26" count="0" type="stmt"/>
      <line num="28" count="50" type="stmt"/>
      <line num="30" count="0" type="stmt"/>
      <line num="32" count="0" type="stmt"/>
      <line num="36" count="2" type="stmt"/>
      <line num="37" count="73" type="stmt"/>
      <line num="39" count="1" type="stmt"/>
      <line num="41" count="21" type="stmt"/>
      <line num="43" count="1" type="stmt"/>
      <line num="45" count="0" type="stmt"/>
      <line num="47" count="0" type="stmt"/>
      <line num="49" count="50" type="stmt"/>
      <line num="51" count="0" type="stmt"/>
      <line num="53" count="0" type="stmt"/>
      <line num="57" count="2" type="stmt"/>
      <line num="58" count="73" type="stmt"/>
      <line num="60" count="1" type="stmt"/>
      <line num="62" count="21" type="stmt"/>
      <line num="64" count="1" type="stmt"/>
      <line num="66" count="0" type="stmt"/>
      <line num="68" count="0" type="stmt"/>
      <line num="70" count="50" type="stmt"/>
      <line num="72" count="0" type="stmt"/>
      <line num="74" count="0" type="stmt"/>
      <line num="78" count="2" type="stmt"/>
      <line num="79" count="73" type="stmt"/>
      <line num="81" count="1" type="stmt"/>
      <line num="83" count="21" type="stmt"/>
      <line num="85" count="1" type="stmt"/>
      <line num="87" count="0" type="stmt"/>
      <line num="89" count="0" type="stmt"/>
      <line num="91" count="50" type="stmt"/>
      <line num="93" count="0" type="stmt"/>
      <line num="95" count="0" type="stmt"/>
      <line num="110" count="2" type="stmt"/>
      <line num="111" count="73" type="stmt"/>
      <line num="300" count="73" type="stmt"/>
      <line num="301" count="73" type="cond" truecount="1" falsecount="1"/>
      <line num="302" count="0" type="stmt"/>
      <line num="304" count="73" type="cond" truecount="3" falsecount="1"/>
      <line num="305" count="0" type="stmt"/>
      <line num="307" count="73" type="stmt"/>
      <line num="308" count="73" type="stmt"/>
      <line num="309" count="73" type="stmt"/>
      <line num="310" count="73" type="stmt"/>
      <line num="312" count="73" type="stmt"/>
      <line num="318" count="2" type="stmt"/>
      <line num="319" count="1" type="stmt"/>
      <line num="320" count="1" type="stmt"/>
      <line num="321" count="10" type="stmt"/>
      <line num="322" count="10" type="cond" truecount="2" falsecount="0"/>
      <line num="323" count="1" type="stmt"/>
      <line num="326" count="0" type="stmt"/>
    </file>
    <file name="unit.ts" path="/Users/yanagida/work/torneko3js/src/unit.ts">
      <metrics statements="101" coveredstatements="89" conditionals="50" coveredconditionals="39" methods="15" coveredmethods="13"/>
      <line num="4" count="1" type="stmt"/>
      <line num="7" count="1" type="stmt"/>
      <line num="10" count="11" type="stmt"/>
      <line num="11" count="11" type="stmt"/>
      <line num="12" count="11" type="stmt"/>
      <line num="13" count="11" type="stmt"/>
      <line num="26" count="11" type="stmt"/>
      <line num="27" count="11" type="stmt"/>
      <line num="28" count="11" type="stmt"/>
      <line num="29" count="11" type="cond" truecount="2" falsecount="0"/>
      <line num="30" count="11" type="cond" truecount="1" falsecount="1"/>
      <line num="31" count="11" type="cond" truecount="2" falsecount="0"/>
      <line num="32" count="11" type="cond" truecount="2" falsecount="0"/>
      <line num="33" count="11" type="cond" truecount="1" falsecount="1"/>
      <line num="34" count="11" type="stmt"/>
      <line num="36" count="11" type="stmt"/>
      <line num="37" count="11" type="stmt"/>
      <line num="38" count="11" type="stmt"/>
      <line num="40" count="11" type="stmt"/>
      <line num="41" count="11" type="stmt"/>
      <line num="42" count="11" type="stmt"/>
      <line num="43" count="11" type="stmt"/>
      <line num="46" count="1" type="stmt"/>
      <line num="47" count="11" type="stmt"/>
      <line num="48" count="11" type="stmt"/>
      <line num="51" count="1" type="stmt"/>
      <line num="53" count="12" type="stmt"/>
      <line num="55" count="12" type="cond" truecount="2" falsecount="0"/>
      <line num="57" count="2" type="stmt"/>
      <line num="59" count="12" type="cond" truecount="2" falsecount="0"/>
      <line num="61" count="1" type="stmt"/>
      <line num="64" count="12" type="stmt"/>
      <line num="65" count="12" type="stmt"/>
      <line num="68" count="1" type="stmt"/>
      <line num="70" count="18" type="stmt"/>
      <line num="72" count="18" type="cond" truecount="2" falsecount="0"/>
      <line num="73" count="1" type="stmt"/>
      <line num="74" count="17" type="cond" truecount="2" falsecount="0"/>
      <line num="75" count="1" type="stmt"/>
      <line num="76" count="16" type="cond" truecount="2" falsecount="0"/>
      <line num="77" count="1" type="stmt"/>
      <line num="78" count="15" type="cond" truecount="2" falsecount="0"/>
      <line num="79" count="1" type="stmt"/>
      <line num="80" count="14" type="cond" truecount="2" falsecount="0"/>
      <line num="81" count="1" type="stmt"/>
      <line num="82" count="13" type="cond" truecount="2" falsecount="0"/>
      <line num="83" count="1" type="stmt"/>
      <line num="86" count="18" type="stmt"/>
      <line num="87" count="18" type="stmt"/>
      <line num="90" count="6" type="cond" truecount="1" falsecount="1"/>
      <line num="91" count="3" type="cond" truecount="2" falsecount="0"/>
      <line num="92" count="1" type="stmt"/>
      <line num="94" count="2" type="cond" truecount="2" falsecount="0"/>
      <line num="95" count="1" type="stmt"/>
      <line num="98" count="1" type="cond" truecount="1" falsecount="1"/>
      <line num="99" count="0" type="stmt"/>
      <line num="101" count="1" type="stmt"/>
      <line num="103" count="1" type="stmt"/>
      <line num="105" count="1" type="stmt"/>
      <line num="109" count="1" type="stmt"/>
      <line num="110" count="0" type="stmt"/>
      <line num="111" count="0" type="stmt"/>
      <line num="112" count="0" type="stmt"/>
      <line num="113" count="0" type="cond" truecount="0" falsecount="2"/>
      <line num="115" count="0" type="stmt"/>
      <line num="116" count="0" type="stmt"/>
      <line num="117" count="0" type="stmt"/>
      <line num="118" count="0" type="stmt"/>
      <line num="119" count="0" type="stmt"/>
      <line num="121" count="0" type="stmt"/>
      <line num="123" count="1" type="stmt"/>
      <line num="125" count="1" type="stmt"/>
      <line num="127" count="6" type="stmt"/>
      <line num="128" count="6" type="stmt"/>
      <line num="129" count="6" type="stmt"/>
      <line num="134" count="6" type="cond" truecount="2" falsecount="0"/>
      <line num="135" count="6" type="stmt"/>
      <line num="136" count="6" type="cond" truecount="1" falsecount="1"/>
      <line num="137" count="6" type="cond" truecount="1" falsecount="1"/>
      <line num="140" count="6" type="cond" truecount="1" falsecount="1"/>
      <line num="141" count="3" type="stmt"/>
      <line num="142" count="3" type="stmt"/>
      <line num="145" count="3" type="stmt"/>
      <line num="146" count="1" type="stmt"/>
      <line num="147" count="1" type="stmt"/>
      <line num="149" count="1" type="stmt"/>
      <line num="150" count="1" type="stmt"/>
      <line num="151" count="1" type="stmt"/>
      <line num="152" count="1" type="stmt"/>
      <line num="153" count="1" type="stmt"/>
      <line num="157" count="1" type="stmt"/>
      <line num="158" count="3" type="stmt"/>
      <line num="161" count="1" type="stmt"/>
      <line num="162" count="2" type="stmt"/>
      <line num="163" count="2" type="cond" truecount="1" falsecount="1"/>
      <line num="164" count="0" type="stmt"/>
      <line num="167" count="1" type="stmt"/>
      <line num="169" count="1" type="stmt"/>
      <line num="172" count="5" type="cond" truecount="2" falsecount="0"/>
      <line num="173" count="5" type="stmt"/>
      <line num="175" count="1" type="stmt"/>
    </file>
  </project>
</coverage>
