{"/Users/yanagida/work/torneko3js/src/lib/actionOrder.ts": {"path":"/Users/yanagida/work/torneko3js/src/lib/actionOrder.ts","statementMap":{"0":{"start":{"line":6,"column":18},"end":{"line":12,"column":1}},"1":{"start":{"line":7,"column":2},"end":{"line":11,"column":null}},"2":{"start":{"line":8,"column":4},"end":{"line":8,"column":20}},"3":{"start":{"line":10,"column":4},"end":{"line":10,"column":16}},"4":{"start":{"line":14,"column":13},"end":{"line":42,"column":2}},"5":{"start":{"line":15,"column":22},"end":{"line":15,"column":24}},"6":{"start":{"line":16,"column":2},"end":{"line":22,"column":null}},"7":{"start":{"line":16,"column":17},"end":{"line":16,"column":21}},"8":{"start":{"line":17,"column":4},"end":{"line":21,"column":null}},"9":{"start":{"line":17,"column":19},"end":{"line":17,"column":23}},"10":{"start":{"line":18,"column":6},"end":{"line":20,"column":null}},"11":{"start":{"line":19,"column":8},"end":{"line":19,"column":32}},"12":{"start":{"line":24,"column":2},"end":{"line":41,"column":5}},"13":{"start":{"line":25,"column":16},"end":{"line":25,"column":33}},"14":{"start":{"line":26,"column":16},"end":{"line":26,"column":33}},"15":{"start":{"line":27,"column":4},"end":{"line":29,"column":null}},"16":{"start":{"line":28,"column":6},"end":{"line":28,"column":16}},"17":{"start":{"line":30,"column":4},"end":{"line":32,"column":null}},"18":{"start":{"line":31,"column":6},"end":{"line":31,"column":15}},"19":{"start":{"line":33,"column":4},"end":{"line":39,"column":null}},"20":{"start":{"line":34,"column":6},"end":{"line":38,"column":null}},"21":{"start":{"line":35,"column":8},"end":{"line":35,"column":17}},"22":{"start":{"line":36,"column":13},"end":{"line":38,"column":null}},"23":{"start":{"line":37,"column":8},"end":{"line":37,"column":18}},"24":{"start":{"line":40,"column":4},"end":{"line":40,"column":13}},"25":{"start":{"line":44,"column":13},"end":{"line":59,"column":2}},"26":{"start":{"line":45,"column":15},"end":{"line":45,"column":35}},"27":{"start":{"line":46,"column":12},"end":{"line":46,"column":14}},"28":{"start":{"line":49,"column":20},"end":{"line":49,"column":71}},"29":{"start":{"line":49,"column":40},"end":{"line":49,"column":71}},"30":{"start":{"line":50,"column":6},"end":{"line":54,"column":null}},"31":{"start":{"line":51,"column":8},"end":{"line":51,"column":19}},"32":{"start":{"line":53,"column":8},"end":{"line":53,"column":32}},"33":{"start":{"line":48,"column":4},"end":{"line":55,"column":null}},"34":{"start":{"line":48,"column":19},"end":{"line":48,"column":23}},"35":{"start":{"line":48,"column":13},"end":{"line":48,"column":19}},"36":{"start":{"line":56,"column":4},"end":{"line":56,"column":16}},"37":{"start":{"line":47,"column":2},"end":{"line":57,"column":null}},"38":{"start":{"line":47,"column":17},"end":{"line":47,"column":21}},"39":{"start":{"line":47,"column":11},"end":{"line":47,"column":17}},"40":{"start":{"line":58,"column":2},"end":{"line":58,"column":13}},"41":{"start":{"line":62,"column":28},"end":{"line":182,"column":2}},"42":{"start":{"line":189,"column":13},"end":{"line":212,"column":2}},"43":{"start":{"line":190,"column":2},"end":{"line":211,"column":5}},"44":{"start":{"line":191,"column":19},"end":{"line":192,"column":null}},"45":{"start":{"line":192,"column":20},"end":{"line":192,"column":null}},"46":{"start":{"line":194,"column":19},"end":{"line":195,"column":null}},"47":{"start":{"line":195,"column":20},"end":{"line":195,"column":null}},"48":{"start":{"line":198,"column":4},"end":{"line":200,"column":null}},"49":{"start":{"line":199,"column":6},"end":{"line":199,"column":54}},"50":{"start":{"line":201,"column":4},"end":{"line":203,"column":null}},"51":{"start":{"line":202,"column":6},"end":{"line":202,"column":54}},"52":{"start":{"line":205,"column":4},"end":{"line":209,"column":null}},"53":{"start":{"line":206,"column":6},"end":{"line":206,"column":15}},"54":{"start":{"line":207,"column":11},"end":{"line":209,"column":null}},"55":{"start":{"line":208,"column":6},"end":{"line":208,"column":16}},"56":{"start":{"line":210,"column":4},"end":{"line":210,"column":13}}},"fnMap":{"0":{"name":"(anonymous_0)","decl":{"start":{"line":6,"column":18},"end":{"line":6,"column":19}},"loc":{"start":{"line":6,"column":30},"end":{"line":12,"column":1}}},"1":{"name":"(anonymous_1)","decl":{"start":{"line":14,"column":31},"end":{"line":14,"column":32}},"loc":{"start":{"line":14,"column":43},"end":{"line":42,"column":1}}},"2":{"name":"(anonymous_2)","decl":{"start":{"line":24,"column":19},"end":{"line":24,"column":20}},"loc":{"start":{"line":24,"column":40},"end":{"line":41,"column":3}}},"3":{"name":"(anonymous_3)","decl":{"start":{"line":44,"column":22},"end":{"line":44,"column":23}},"loc":{"start":{"line":44,"column":34},"end":{"line":59,"column":1}}},"4":{"name":"(anonymous_6)","decl":{"start":{"line":49,"column":35},"end":{"line":49,"column":36}},"loc":{"start":{"line":49,"column":36},"end":{"line":49,"column":41}}},"5":{"name":"(anonymous_7)","decl":{"start":{"line":189,"column":24},"end":{"line":189,"column":25}},"loc":{"start":{"line":189,"column":42},"end":{"line":212,"column":1}}},"6":{"name":"(anonymous_8)","decl":{"start":{"line":190,"column":18},"end":{"line":190,"column":19}},"loc":{"start":{"line":190,"column":53},"end":{"line":211,"column":3}}},"7":{"name":"(anonymous_9)","decl":{"start":{"line":192,"column":6},"end":{"line":192,"column":7}},"loc":{"start":{"line":192,"column":15},"end":{"line":192,"column":21}}},"8":{"name":"(anonymous_10)","decl":{"start":{"line":195,"column":6},"end":{"line":195,"column":7}},"loc":{"start":{"line":195,"column":15},"end":{"line":195,"column":21}}}},"branchMap":{"0":{"loc":{"start":{"line":7,"column":2},"end":{"line":11,"column":null}},"type":"if","locations":[{"start":{"line":7,"column":2},"end":{"line":11,"column":null}},{"start":{"line":7,"column":2},"end":{"line":11,"column":null}}]},"1":{"loc":{"start":{"line":18,"column":6},"end":{"line":20,"column":null}},"type":"if","locations":[{"start":{"line":18,"column":6},"end":{"line":20,"column":null}},{"start":{"line":18,"column":6},"end":{"line":20,"column":null}}]},"2":{"loc":{"start":{"line":27,"column":4},"end":{"line":29,"column":null}},"type":"if","locations":[{"start":{"line":27,"column":4},"end":{"line":29,"column":null}},{"start":{"line":27,"column":4},"end":{"line":29,"column":null}}]},"3":{"loc":{"start":{"line":30,"column":4},"end":{"line":32,"column":null}},"type":"if","locations":[{"start":{"line":30,"column":4},"end":{"line":32,"column":null}},{"start":{"line":30,"column":4},"end":{"line":32,"column":null}}]},"4":{"loc":{"start":{"line":33,"column":4},"end":{"line":39,"column":null}},"type":"if","locations":[{"start":{"line":33,"column":4},"end":{"line":39,"column":null}},{"start":{"line":33,"column":4},"end":{"line":39,"column":null}}]},"5":{"loc":{"start":{"line":34,"column":6},"end":{"line":38,"column":null}},"type":"if","locations":[{"start":{"line":34,"column":6},"end":{"line":38,"column":null}},{"start":{"line":34,"column":6},"end":{"line":38,"column":null}}]},"6":{"loc":{"start":{"line":36,"column":13},"end":{"line":38,"column":null}},"type":"if","locations":[{"start":{"line":36,"column":13},"end":{"line":38,"column":null}},{"start":{"line":36,"column":13},"end":{"line":38,"column":null}}]},"7":{"loc":{"start":{"line":49,"column":40},"end":{"line":49,"column":53}},"type":"binary-expr","locations":[{"start":{"line":49,"column":40},"end":{"line":49,"column":53}},{"start":{"line":49,"column":57},"end":{"line":49,"column":70}}]},"8":{"loc":{"start":{"line":50,"column":6},"end":{"line":54,"column":null}},"type":"if","locations":[{"start":{"line":50,"column":6},"end":{"line":54,"column":null}},{"start":{"line":50,"column":6},"end":{"line":54,"column":null}}]},"9":{"loc":{"start":{"line":192,"column":20},"end":{"line":192,"column":44}},"type":"binary-expr","locations":[{"start":{"line":192,"column":20},"end":{"line":192,"column":44}},{"start":{"line":192,"column":48},"end":{"line":192,"column":72}}]},"10":{"loc":{"start":{"line":195,"column":20},"end":{"line":195,"column":44}},"type":"binary-expr","locations":[{"start":{"line":195,"column":20},"end":{"line":195,"column":44}},{"start":{"line":195,"column":48},"end":{"line":195,"column":72}}]},"11":{"loc":{"start":{"line":198,"column":4},"end":{"line":200,"column":null}},"type":"if","locations":[{"start":{"line":198,"column":4},"end":{"line":200,"column":null}},{"start":{"line":198,"column":4},"end":{"line":200,"column":null}}]},"12":{"loc":{"start":{"line":201,"column":4},"end":{"line":203,"column":null}},"type":"if","locations":[{"start":{"line":201,"column":4},"end":{"line":203,"column":null}},{"start":{"line":201,"column":4},"end":{"line":203,"column":null}}]},"13":{"loc":{"start":{"line":205,"column":4},"end":{"line":209,"column":null}},"type":"if","locations":[{"start":{"line":205,"column":4},"end":{"line":209,"column":null}},{"start":{"line":205,"column":4},"end":{"line":209,"column":null}}]},"14":{"loc":{"start":{"line":207,"column":11},"end":{"line":209,"column":null}},"type":"if","locations":[{"start":{"line":207,"column":11},"end":{"line":209,"column":null}},{"start":{"line":207,"column":11},"end":{"line":209,"column":null}}]}},"s":{"0":1,"1":12,"2":2,"3":10,"4":1,"5":2,"6":2,"7":2,"8":6,"9":6,"10":18,"11":8,"12":2,"13":6,"14":6,"15":6,"16":0,"17":6,"18":4,"19":2,"20":2,"21":2,"22":0,"23":0,"24":0,"25":1,"26":1,"27":1,"28":9,"29":30,"30":9,"31":5,"32":4,"33":3,"34":3,"35":9,"36":3,"37":1,"38":1,"39":3,"40":1,"41":1,"42":1,"43":4,"44":6,"45":315,"46":6,"47":143,"48":6,"49":1,"50":5,"51":1,"52":4,"53":2,"54":2,"55":1,"56":1},"f":{"0":12,"1":2,"2":6,"3":1,"4":30,"5":4,"6":6,"7":315,"8":143},"b":{"0":[2,10],"1":[8,10],"2":[0,6],"3":[4,2],"4":[2,0],"5":[2,0],"6":[0,0],"7":[30,11],"8":[5,4],"9":[315,19],"10":[143,11],"11":[1,5],"12":[1,4],"13":[2,2],"14":[1,1]}}
,"/Users/yanagida/work/torneko3js/src/lib/checkInp.ts": {"path":"/Users/yanagida/work/torneko3js/src/lib/checkInp.ts","statementMap":{"0":{"start":{"line":6,"column":17},"end":{"line":44,"column":1}},"1":{"start":{"line":8,"column":2},"end":{"line":10,"column":null}},"2":{"start":{"line":9,"column":4},"end":{"line":9,"column":57}},"3":{"start":{"line":11,"column":2},"end":{"line":13,"column":null}},"4":{"start":{"line":11,"column":18},"end":{"line":11,"column":31}},"5":{"start":{"line":11,"column":29},"end":{"line":11,"column":31}},"6":{"start":{"line":11,"column":14},"end":{"line":11,"column":18}},"7":{"start":{"line":12,"column":4},"end":{"line":12,"column":19}},"8":{"start":{"line":16,"column":8},"end":{"line":16,"column":10}},"9":{"start":{"line":16,"column":10},"end":{"line":16,"column":13}},"10":{"start":{"line":16,"column":15},"end":{"line":16,"column":18}},"11":{"start":{"line":16,"column":20},"end":{"line":16,"column":38}},"12":{"start":{"line":17,"column":2},"end":{"line":19,"column":null}},"13":{"start":{"line":18,"column":4},"end":{"line":18,"column":59}},"14":{"start":{"line":20,"column":2},"end":{"line":22,"column":null}},"15":{"start":{"line":21,"column":4},"end":{"line":21,"column":59}},"16":{"start":{"line":23,"column":2},"end":{"line":25,"column":null}},"17":{"start":{"line":24,"column":4},"end":{"line":24,"column":76}},"18":{"start":{"line":26,"column":22},"end":{"line":26,"column":71}},"19":{"start":{"line":27,"column":2},"end":{"line":31,"column":null}},"20":{"start":{"line":27,"column":18},"end":{"line":27,"column":24}},"21":{"start":{"line":27,"column":22},"end":{"line":27,"column":24}},"22":{"start":{"line":27,"column":14},"end":{"line":27,"column":18}},"23":{"start":{"line":28,"column":4},"end":{"line":30,"column":null}},"24":{"start":{"line":29,"column":6},"end":{"line":29,"column":59}},"25":{"start":{"line":32,"column":2},"end":{"line":36,"column":null}},"26":{"start":{"line":32,"column":25},"end":{"line":32,"column":26}},"27":{"start":{"line":33,"column":4},"end":{"line":35,"column":null}},"28":{"start":{"line":34,"column":6},"end":{"line":34,"column":63}},"29":{"start":{"line":39,"column":8},"end":{"line":39,"column":10}},"30":{"start":{"line":39,"column":10},"end":{"line":39,"column":14}},"31":{"start":{"line":39,"column":16},"end":{"line":39,"column":36}},"32":{"start":{"line":40,"column":2},"end":{"line":40,"column":80}},"33":{"start":{"line":40,"column":32},"end":{"line":40,"column":80}},"34":{"start":{"line":41,"column":2},"end":{"line":41,"column":67}},"35":{"start":{"line":41,"column":18},"end":{"line":41,"column":67}},"36":{"start":{"line":42,"column":2},"end":{"line":42,"column":78}},"37":{"start":{"line":42,"column":31},"end":{"line":42,"column":78}},"38":{"start":{"line":43,"column":2},"end":{"line":43,"column":65}},"39":{"start":{"line":43,"column":17},"end":{"line":43,"column":65}},"40":{"start":{"line":46,"column":20},"end":{"line":65,"column":1}},"41":{"start":{"line":47,"column":2},"end":{"line":49,"column":null}},"42":{"start":{"line":48,"column":4},"end":{"line":48,"column":43}},"43":{"start":{"line":50,"column":2},"end":{"line":52,"column":null}},"44":{"start":{"line":51,"column":4},"end":{"line":51,"column":60}},"45":{"start":{"line":53,"column":2},"end":{"line":55,"column":null}},"46":{"start":{"line":54,"column":4},"end":{"line":54,"column":61}},"47":{"start":{"line":56,"column":2},"end":{"line":58,"column":null}},"48":{"start":{"line":57,"column":4},"end":{"line":57,"column":73}},"49":{"start":{"line":59,"column":2},"end":{"line":61,"column":null}},"50":{"start":{"line":60,"column":4},"end":{"line":60,"column":67}},"51":{"start":{"line":62,"column":2},"end":{"line":64,"column":null}},"52":{"start":{"line":63,"column":4},"end":{"line":63,"column":59}},"53":{"start":{"line":67,"column":0},"end":{"line":67,"column":24}}},"fnMap":{"0":{"name":"(anonymous_2)","decl":{"start":{"line":6,"column":17},"end":{"line":6,"column":18}},"loc":{"start":{"line":6,"column":31},"end":{"line":44,"column":1}}},"1":{"name":"(anonymous_3)","decl":{"start":{"line":46,"column":20},"end":{"line":46,"column":21}},"loc":{"start":{"line":46,"column":38},"end":{"line":65,"column":1}}}},"branchMap":{"0":{"loc":{"start":{"line":8,"column":2},"end":{"line":10,"column":null}},"type":"if","locations":[{"start":{"line":8,"column":2},"end":{"line":10,"column":null}},{"start":{"line":8,"column":2},"end":{"line":10,"column":null}}]},"1":{"loc":{"start":{"line":8,"column":6},"end":{"line":8,"column":28}},"type":"binary-expr","locations":[{"start":{"line":8,"column":6},"end":{"line":8,"column":28}},{"start":{"line":8,"column":32},"end":{"line":8,"column":55}}]},"2":{"loc":{"start":{"line":17,"column":2},"end":{"line":19,"column":null}},"type":"if","locations":[{"start":{"line":17,"column":2},"end":{"line":19,"column":null}},{"start":{"line":17,"column":2},"end":{"line":19,"column":null}}]},"3":{"loc":{"start":{"line":17,"column":6},"end":{"line":17,"column":28}},"type":"binary-expr","locations":[{"start":{"line":17,"column":6},"end":{"line":17,"column":28}},{"start":{"line":17,"column":32},"end":{"line":17,"column":39}}]},"4":{"loc":{"start":{"line":20,"column":2},"end":{"line":22,"column":null}},"type":"if","locations":[{"start":{"line":20,"column":2},"end":{"line":22,"column":null}},{"start":{"line":20,"column":2},"end":{"line":22,"column":null}}]},"5":{"loc":{"start":{"line":20,"column":6},"end":{"line":20,"column":28}},"type":"binary-expr","locations":[{"start":{"line":20,"column":6},"end":{"line":20,"column":28}},{"start":{"line":20,"column":32},"end":{"line":20,"column":39}}]},"6":{"loc":{"start":{"line":23,"column":2},"end":{"line":25,"column":null}},"type":"if","locations":[{"start":{"line":23,"column":2},"end":{"line":25,"column":null}},{"start":{"line":23,"column":2},"end":{"line":25,"column":null}}]},"7":{"loc":{"start":{"line":28,"column":4},"end":{"line":30,"column":null}},"type":"if","locations":[{"start":{"line":28,"column":4},"end":{"line":30,"column":null}},{"start":{"line":28,"column":4},"end":{"line":30,"column":null}}]},"8":{"loc":{"start":{"line":33,"column":4},"end":{"line":35,"column":null}},"type":"if","locations":[{"start":{"line":33,"column":4},"end":{"line":35,"column":null}},{"start":{"line":33,"column":4},"end":{"line":35,"column":null}}]},"9":{"loc":{"start":{"line":40,"column":2},"end":{"line":40,"column":80}},"type":"if","locations":[{"start":{"line":40,"column":2},"end":{"line":40,"column":80}},{"start":{"line":40,"column":2},"end":{"line":40,"column":80}}]},"10":{"loc":{"start":{"line":41,"column":2},"end":{"line":41,"column":67}},"type":"if","locations":[{"start":{"line":41,"column":2},"end":{"line":41,"column":67}},{"start":{"line":41,"column":2},"end":{"line":41,"column":67}}]},"11":{"loc":{"start":{"line":42,"column":2},"end":{"line":42,"column":78}},"type":"if","locations":[{"start":{"line":42,"column":2},"end":{"line":42,"column":78}},{"start":{"line":42,"column":2},"end":{"line":42,"column":78}}]},"12":{"loc":{"start":{"line":43,"column":2},"end":{"line":43,"column":65}},"type":"if","locations":[{"start":{"line":43,"column":2},"end":{"line":43,"column":65}},{"start":{"line":43,"column":2},"end":{"line":43,"column":65}}]},"13":{"loc":{"start":{"line":47,"column":2},"end":{"line":49,"column":null}},"type":"if","locations":[{"start":{"line":47,"column":2},"end":{"line":49,"column":null}},{"start":{"line":47,"column":2},"end":{"line":49,"column":null}}]},"14":{"loc":{"start":{"line":47,"column":6},"end":{"line":47,"column":29}},"type":"binary-expr","locations":[{"start":{"line":47,"column":6},"end":{"line":47,"column":29}},{"start":{"line":47,"column":33},"end":{"line":47,"column":41}},{"start":{"line":47,"column":45},"end":{"line":47,"column":54}}]},"15":{"loc":{"start":{"line":50,"column":2},"end":{"line":52,"column":null}},"type":"if","locations":[{"start":{"line":50,"column":2},"end":{"line":52,"column":null}},{"start":{"line":50,"column":2},"end":{"line":52,"column":null}}]},"16":{"loc":{"start":{"line":50,"column":6},"end":{"line":50,"column":14}},"type":"binary-expr","locations":[{"start":{"line":50,"column":6},"end":{"line":50,"column":14}},{"start":{"line":50,"column":19},"end":{"line":50,"column":46}},{"start":{"line":50,"column":50},"end":{"line":50,"column":62}}]},"17":{"loc":{"start":{"line":53,"column":2},"end":{"line":55,"column":null}},"type":"if","locations":[{"start":{"line":53,"column":2},"end":{"line":55,"column":null}},{"start":{"line":53,"column":2},"end":{"line":55,"column":null}}]},"18":{"loc":{"start":{"line":53,"column":6},"end":{"line":53,"column":15}},"type":"binary-expr","locations":[{"start":{"line":53,"column":6},"end":{"line":53,"column":15}},{"start":{"line":53,"column":20},"end":{"line":53,"column":48}},{"start":{"line":53,"column":52},"end":{"line":53,"column":65}}]},"19":{"loc":{"start":{"line":56,"column":2},"end":{"line":58,"column":null}},"type":"if","locations":[{"start":{"line":56,"column":2},"end":{"line":58,"column":null}},{"start":{"line":56,"column":2},"end":{"line":58,"column":null}}]},"20":{"loc":{"start":{"line":56,"column":6},"end":{"line":56,"column":17}},"type":"binary-expr","locations":[{"start":{"line":56,"column":6},"end":{"line":56,"column":17}},{"start":{"line":56,"column":21},"end":{"line":56,"column":74}}]},"21":{"loc":{"start":{"line":59,"column":2},"end":{"line":61,"column":null}},"type":"if","locations":[{"start":{"line":59,"column":2},"end":{"line":61,"column":null}},{"start":{"line":59,"column":2},"end":{"line":61,"column":null}}]},"22":{"loc":{"start":{"line":59,"column":6},"end":{"line":59,"column":17}},"type":"binary-expr","locations":[{"start":{"line":59,"column":6},"end":{"line":59,"column":17}},{"start":{"line":59,"column":21},"end":{"line":59,"column":74}}]},"23":{"loc":{"start":{"line":62,"column":2},"end":{"line":64,"column":null}},"type":"if","locations":[{"start":{"line":62,"column":2},"end":{"line":64,"column":null}},{"start":{"line":62,"column":2},"end":{"line":64,"column":null}}]},"24":{"loc":{"start":{"line":62,"column":6},"end":{"line":62,"column":31}},"type":"binary-expr","locations":[{"start":{"line":62,"column":6},"end":{"line":62,"column":31}},{"start":{"line":62,"column":35},"end":{"line":62,"column":47}},{"start":{"line":62,"column":51},"end":{"line":62,"column":71}}]}},"s":{"0":3,"1":26,"2":1,"3":25,"4":25,"5":25,"6":70,"7":70,"8":19,"9":19,"10":19,"11":19,"12":19,"13":1,"14":18,"15":1,"16":17,"17":1,"18":16,"19":16,"20":16,"21":16,"22":667,"23":667,"24":1,"25":15,"26":15,"27":60,"28":1,"29":14,"30":14,"31":14,"32":14,"33":1,"34":13,"35":1,"36":12,"37":1,"38":11,"39":1,"40":3,"41":70,"42":1,"43":69,"44":1,"45":68,"46":1,"47":67,"48":1,"49":66,"50":1,"51":65,"52":1,"53":3},"f":{"0":26,"1":70},"b":{"0":[1,25],"1":[26,25],"2":[1,18],"3":[19,19],"4":[1,17],"5":[18,18],"6":[1,16],"7":[1,666],"8":[1,59],"9":[1,13],"10":[1,12],"11":[1,11],"12":[1,10],"13":[1,69],"14":[70,70,69],"15":[1,68],"16":[69,1,1],"17":[1,67],"18":[68,1,1],"19":[1,66],"20":[67,20],"21":[1,65],"22":[66,1],"23":[1,64],"24":[65,2,2]}}
,"/Users/yanagida/work/torneko3js/src/lib/config.ts": {"path":"/Users/yanagida/work/torneko3js/src/lib/config.ts","statementMap":{"0":{"start":{"line":1,"column":0},"end":{"line":1,"column":24}},"1":{"start":{"line":4,"column":13},"end":{"line":4,"column":37}},"2":{"start":{"line":6,"column":13},"end":{"line":10,"column":3}},"3":{"start":{"line":12,"column":13},"end":{"line":96,"column":2}},"4":{"start":{"line":98,"column":13},"end":{"line":108,"column":2}},"5":{"start":{"line":109,"column":13},"end":{"line":113,"column":2}},"6":{"start":{"line":114,"column":13},"end":{"line":116,"column":2}}},"fnMap":{},"branchMap":{},"s":{"0":3,"1":3,"2":3,"3":3,"4":3,"5":3,"6":3},"f":{},"b":{}}
,"/Users/yanagida/work/torneko3js/src/lib/manager.ts": {"path":"/Users/yanagida/work/torneko3js/src/lib/manager.ts","statementMap":{"0":{"start":{"line":4,"column":0},"end":{"line":4,"column":45}},"1":{"start":{"line":5,"column":0},"end":{"line":5,"column":38}},"2":{"start":{"line":15,"column":0},"end":{"line":15,"column":null}},"3":{"start":{"line":23,"column":0},"end":{"line":23,"column":34}},"4":{"start":{"line":24,"column":0},"end":{"line":24,"column":68}},"5":{"start":{"line":30,"column":16},"end":{"line":32,"column":1}},"6":{"start":{"line":31,"column":2},"end":{"line":31,"column":51}},"7":{"start":{"line":34,"column":17},"end":{"line":39,"column":1}},"8":{"start":{"line":35,"column":2},"end":{"line":38,"column":4}},"9":{"start":{"line":41,"column":42},"end":{"line":59,"column":1}},"10":{"start":{"line":42,"column":10},"end":{"line":42,"column":32}},"11":{"start":{"line":44,"column":2},"end":{"line":56,"column":null}},"12":{"start":{"line":45,"column":4},"end":{"line":52,"column":null}},"13":{"start":{"line":45,"column":20},"end":{"line":45,"column":39}},"14":{"start":{"line":45,"column":37},"end":{"line":45,"column":39}},"15":{"start":{"line":45,"column":16},"end":{"line":45,"column":20}},"16":{"start":{"line":46,"column":21},"end":{"line":46,"column":28}},"17":{"start":{"line":47,"column":6},"end":{"line":51,"column":null}},"18":{"start":{"line":47,"column":23},"end":{"line":47,"column":44}},"19":{"start":{"line":47,"column":42},"end":{"line":47,"column":44}},"20":{"start":{"line":47,"column":19},"end":{"line":47,"column":23}},"21":{"start":{"line":48,"column":22},"end":{"line":48,"column":32}},"22":{"start":{"line":49,"column":8},"end":{"line":49,"column":25}},"23":{"start":{"line":50,"column":8},"end":{"line":50,"column":66}},"24":{"start":{"line":54,"column":4},"end":{"line":54,"column":49}},"25":{"start":{"line":55,"column":4},"end":{"line":55,"column":12}},"26":{"start":{"line":58,"column":2},"end":{"line":58,"column":11}},"27":{"start":{"line":61,"column":0},"end":{"line":61,"column":13}},"28":{"start":{"line":65,"column":2},"end":{"line":65,"column":25}},"29":{"start":{"line":66,"column":2},"end":{"line":66,"column":23}},"30":{"start":{"line":67,"column":2},"end":{"line":67,"column":24}},"31":{"start":{"line":68,"column":2},"end":{"line":68,"column":22}},"32":{"start":{"line":69,"column":2},"end":{"line":69,"column":63}},"33":{"start":{"line":72,"column":4},"end":{"line":72,"column":18}},"34":{"start":{"line":74,"column":4},"end":{"line":74,"column":19}},"35":{"start":{"line":75,"column":4},"end":{"line":77,"column":31}},"36":{"start":{"line":78,"column":4},"end":{"line":78,"column":34}},"37":{"start":{"line":79,"column":4},"end":{"line":79,"column":27}},"38":{"start":{"line":82,"column":12},"end":{"line":122,"column":null}},"39":{"start":{"line":83,"column":4},"end":{"line":83,"column":22}},"40":{"start":{"line":84,"column":4},"end":{"line":84,"column":21}},"41":{"start":{"line":85,"column":4},"end":{"line":85,"column":23}},"42":{"start":{"line":86,"column":4},"end":{"line":86,"column":21}},"43":{"start":{"line":87,"column":4},"end":{"line":87,"column":46}},"44":{"start":{"line":97,"column":25},"end":{"line":97,"column":77}},"45":{"start":{"line":97,"column":60},"end":{"line":97,"column":77}},"46":{"start":{"line":98,"column":20},"end":{"line":101,"column":8}},"47":{"start":{"line":102,"column":6},"end":{"line":102,"column":70}},"48":{"start":{"line":95,"column":4},"end":{"line":103,"column":null}},"49":{"start":{"line":95,"column":34},"end":{"line":95,"column":null}},"50":{"start":{"line":95,"column":60},"end":{"line":95,"column":null}},"51":{"start":{"line":95,"column":15},"end":{"line":95,"column":16}},"52":{"start":{"line":95,"column":16},"end":{"line":95,"column":21}},"53":{"start":{"line":95,"column":23},"end":{"line":95,"column":29}},"54":{"start":{"line":95,"column":16},"end":{"line":95,"column":30}},"55":{"start":{"line":106,"column":28},"end":{"line":113,"column":null}},"56":{"start":{"line":108,"column":8},"end":{"line":110,"column":null}},"57":{"start":{"line":109,"column":10},"end":{"line":109,"column":34}},"58":{"start":{"line":111,"column":8},"end":{"line":111,"column":27}},"59":{"start":{"line":115,"column":4},"end":{"line":121,"column":null}},"60":{"start":{"line":115,"column":29},"end":{"line":115,"column":46}},"61":{"start":{"line":115,"column":44},"end":{"line":115,"column":46}},"62":{"start":{"line":115,"column":25},"end":{"line":115,"column":29}},"63":{"start":{"line":116,"column":20},"end":{"line":119,"column":8}},"64":{"start":{"line":120,"column":6},"end":{"line":120,"column":32}},"65":{"start":{"line":129,"column":10},"end":{"line":163,"column":null}},"66":{"start":{"line":130,"column":4},"end":{"line":133,"column":null}},"67":{"start":{"line":131,"column":6},"end":{"line":131,"column":94}},"68":{"start":{"line":132,"column":6},"end":{"line":132,"column":19}},"69":{"start":{"line":134,"column":25},"end":{"line":134,"column":98}},"70":{"start":{"line":135,"column":4},"end":{"line":138,"column":null}},"71":{"start":{"line":136,"column":6},"end":{"line":136,"column":84}},"72":{"start":{"line":137,"column":6},"end":{"line":137,"column":19}},"73":{"start":{"line":140,"column":23},"end":{"line":149,"column":6}},"74":{"start":{"line":151,"column":25},"end":{"line":151,"column":39}},"75":{"start":{"line":152,"column":4},"end":{"line":161,"column":null}},"76":{"start":{"line":152,"column":29},"end":{"line":152,"column":30}},"77":{"start":{"line":153,"column":18},"end":{"line":153,"column":46}},"78":{"start":{"line":154,"column":6},"end":{"line":154,"column":44}},"79":{"start":{"line":156,"column":20},"end":{"line":156,"column":59}},"80":{"start":{"line":157,"column":6},"end":{"line":160,"column":null}},"81":{"start":{"line":158,"column":8},"end":{"line":158,"column":29}},"82":{"start":{"line":159,"column":8},"end":{"line":159,"column":20}},"83":{"start":{"line":162,"column":4},"end":{"line":162,"column":17}},"84":{"start":{"line":165,"column":2},"end":{"line":167,"column":null}},"85":{"start":{"line":166,"column":4},"end":{"line":166,"column":53}},"86":{"start":{"line":166,"column":35},"end":{"line":166,"column":49}},"87":{"start":{"line":169,"column":10},"end":{"line":176,"column":null}},"88":{"start":{"line":169,"column":33},"end":{"line":169,"column":null}},"89":{"start":{"line":170,"column":4},"end":{"line":175,"column":null}},"90":{"start":{"line":171,"column":6},"end":{"line":171,"column":69}},"91":{"start":{"line":172,"column":6},"end":{"line":172,"column":54}},"92":{"start":{"line":173,"column":6},"end":{"line":173,"column":26}},"93":{"start":{"line":174,"column":6},"end":{"line":174,"column":64}},"94":{"start":{"line":186,"column":2},"end":{"line":191,"column":null}},"95":{"start":{"line":187,"column":4},"end":{"line":190,"column":null}},"96":{"start":{"line":187,"column":21},"end":{"line":187,"column":22}},"97":{"start":{"line":188,"column":6},"end":{"line":188,"column":19}},"98":{"start":{"line":189,"column":6},"end":{"line":189,"column":44}},"99":{"start":{"line":193,"column":2},"end":{"line":212,"column":null}},"100":{"start":{"line":194,"column":4},"end":{"line":194,"column":16}},"101":{"start":{"line":195,"column":4},"end":{"line":210,"column":null}},"102":{"start":{"line":195,"column":20},"end":{"line":195,"column":21}},"103":{"start":{"line":197,"column":6},"end":{"line":197,"column":18}},"104":{"start":{"line":199,"column":6},"end":{"line":203,"column":null}},"105":{"start":{"line":199,"column":27},"end":{"line":199,"column":41}},"106":{"start":{"line":199,"column":39},"end":{"line":199,"column":41}},"107":{"start":{"line":199,"column":23},"end":{"line":199,"column":27}},"108":{"start":{"line":200,"column":8},"end":{"line":202,"column":null}},"109":{"start":{"line":201,"column":10},"end":{"line":201,"column":17}},"110":{"start":{"line":205,"column":6},"end":{"line":207,"column":null}},"111":{"start":{"line":206,"column":8},"end":{"line":206,"column":15}},"112":{"start":{"line":209,"column":6},"end":{"line":209,"column":24}},"113":{"start":{"line":211,"column":4},"end":{"line":211,"column":41}},"114":{"start":{"line":214,"column":12},"end":{"line":217,"column":null}},"115":{"start":{"line":215,"column":4},"end":{"line":215,"column":21}},"116":{"start":{"line":216,"column":4},"end":{"line":216,"column":22}},"117":{"start":{"line":219,"column":2},"end":{"line":224,"column":null}},"118":{"start":{"line":221,"column":4},"end":{"line":223,"column":null}},"119":{"start":{"line":221,"column":22},"end":{"line":221,"column":35}},"120":{"start":{"line":221,"column":33},"end":{"line":221,"column":35}},"121":{"start":{"line":221,"column":18},"end":{"line":221,"column":22}},"122":{"start":{"line":222,"column":6},"end":{"line":222,"column":30}},"123":{"start":{"line":226,"column":12},"end":{"line":247,"column":null}},"124":{"start":{"line":228,"column":20},"end":{"line":228,"column":55}},"125":{"start":{"line":229,"column":4},"end":{"line":238,"column":null}},"126":{"start":{"line":230,"column":21},"end":{"line":230,"column":53}},"127":{"start":{"line":231,"column":21},"end":{"line":231,"column":46}},"128":{"start":{"line":232,"column":21},"end":{"line":232,"column":41}},"129":{"start":{"line":234,"column":6},"end":{"line":236,"column":null}},"130":{"start":{"line":235,"column":8},"end":{"line":235,"column":47}},"131":{"start":{"line":237,"column":6},"end":{"line":237,"column":13}},"132":{"start":{"line":240,"column":24},"end":{"line":240,"column":66}},"133":{"start":{"line":241,"column":4},"end":{"line":246,"column":null}},"134":{"start":{"line":242,"column":20},"end":{"line":242,"column":60}},"135":{"start":{"line":243,"column":6},"end":{"line":243,"column":42}},"136":{"start":{"line":244,"column":6},"end":{"line":244,"column":49}},"137":{"start":{"line":245,"column":6},"end":{"line":245,"column":26}},"138":{"start":{"line":249,"column":2},"end":{"line":262,"column":null}},"139":{"start":{"line":251,"column":4},"end":{"line":261,"column":null}},"140":{"start":{"line":251,"column":24},"end":{"line":251,"column":39}},"141":{"start":{"line":251,"column":37},"end":{"line":251,"column":39}},"142":{"start":{"line":251,"column":20},"end":{"line":251,"column":24}},"143":{"start":{"line":252,"column":6},"end":{"line":260,"column":null}},"144":{"start":{"line":252,"column":25},"end":{"line":252,"column":39}},"145":{"start":{"line":252,"column":37},"end":{"line":252,"column":39}},"146":{"start":{"line":252,"column":21},"end":{"line":252,"column":25}},"147":{"start":{"line":253,"column":8},"end":{"line":259,"column":null}},"148":{"start":{"line":254,"column":26},"end":{"line":254,"column":51}},"149":{"start":{"line":255,"column":10},"end":{"line":257,"column":null}},"150":{"start":{"line":256,"column":12},"end":{"line":256,"column":40}},"151":{"start":{"line":258,"column":10},"end":{"line":258,"column":35}},"152":{"start":{"line":264,"column":12},"end":{"line":280,"column":null}},"153":{"start":{"line":265,"column":4},"end":{"line":279,"column":null}},"154":{"start":{"line":266,"column":6},"end":{"line":266,"column":34}},"155":{"start":{"line":267,"column":11},"end":{"line":279,"column":null}},"156":{"start":{"line":268,"column":6},"end":{"line":268,"column":41}},"157":{"start":{"line":269,"column":11},"end":{"line":279,"column":null}},"158":{"start":{"line":270,"column":6},"end":{"line":270,"column":38}},"159":{"start":{"line":271,"column":11},"end":{"line":279,"column":null}},"160":{"start":{"line":272,"column":6},"end":{"line":272,"column":34}},"161":{"start":{"line":273,"column":11},"end":{"line":279,"column":null}},"162":{"start":{"line":274,"column":6},"end":{"line":274,"column":33}},"163":{"start":{"line":275,"column":11},"end":{"line":279,"column":null}},"164":{"start":{"line":276,"column":6},"end":{"line":276,"column":41}},"165":{"start":{"line":278,"column":6},"end":{"line":278,"column":34}},"166":{"start":{"line":286,"column":10},"end":{"line":289,"column":null}},"167":{"start":{"line":287,"column":4},"end":{"line":287,"column":40}},"168":{"start":{"line":288,"column":4},"end":{"line":288,"column":55}},"169":{"start":{"line":288,"column":42},"end":{"line":288,"column":54}},"170":{"start":{"line":298,"column":10},"end":{"line":315,"column":null}},"171":{"start":{"line":298,"column":47},"end":{"line":298,"column":null}},"172":{"start":{"line":299,"column":19},"end":{"line":299,"column":52}},"173":{"start":{"line":301,"column":4},"end":{"line":313,"column":null}},"174":{"start":{"line":303,"column":6},"end":{"line":303,"column":22}},"175":{"start":{"line":304,"column":6},"end":{"line":304,"column":30}},"176":{"start":{"line":305,"column":6},"end":{"line":305,"column":22}},"177":{"start":{"line":306,"column":11},"end":{"line":313,"column":null}},"178":{"start":{"line":308,"column":30},"end":{"line":308,"column":48}},"179":{"start":{"line":309,"column":6},"end":{"line":311,"column":null}},"180":{"start":{"line":310,"column":8},"end":{"line":310,"column":38}},"181":{"start":{"line":312,"column":6},"end":{"line":312,"column":24}},"182":{"start":{"line":314,"column":4},"end":{"line":314,"column":20}},"183":{"start":{"line":320,"column":10},"end":{"line":329,"column":null}},"184":{"start":{"line":321,"column":20},"end":{"line":321,"column":51}},"185":{"start":{"line":322,"column":4},"end":{"line":327,"column":null}},"186":{"start":{"line":323,"column":21},"end":{"line":323,"column":53}},"187":{"start":{"line":324,"column":20},"end":{"line":324,"column":54}},"188":{"start":{"line":325,"column":6},"end":{"line":325,"column":28}},"189":{"start":{"line":326,"column":6},"end":{"line":326,"column":18}},"190":{"start":{"line":328,"column":4},"end":{"line":328,"column":17}},"191":{"start":{"line":335,"column":10},"end":{"line":454,"column":null}},"192":{"start":{"line":336,"column":4},"end":{"line":336,"column":50}},"193":{"start":{"line":338,"column":20},"end":{"line":338,"column":65}},"194":{"start":{"line":339,"column":25},"end":{"line":339,"column":65}},"195":{"start":{"line":340,"column":4},"end":{"line":450,"column":null}},"196":{"start":{"line":341,"column":21},"end":{"line":341,"column":63}},"197":{"start":{"line":342,"column":20},"end":{"line":342,"column":54}},"198":{"start":{"line":345,"column":6},"end":{"line":449,"column":null}},"199":{"start":{"line":347,"column":10},"end":{"line":351,"column":null}},"200":{"start":{"line":348,"column":12},"end":{"line":348,"column":33}},"201":{"start":{"line":349,"column":12},"end":{"line":349,"column":27}},"202":{"start":{"line":350,"column":12},"end":{"line":350,"column":24}},"203":{"start":{"line":352,"column":10},"end":{"line":352,"column":16}},"204":{"start":{"line":354,"column":10},"end":{"line":357,"column":null}},"205":{"start":{"line":355,"column":12},"end":{"line":355,"column":34}},"206":{"start":{"line":356,"column":12},"end":{"line":356,"column":24}},"207":{"start":{"line":358,"column":10},"end":{"line":358,"column":16}},"208":{"start":{"line":360,"column":10},"end":{"line":363,"column":null}},"209":{"start":{"line":361,"column":12},"end":{"line":361,"column":34}},"210":{"start":{"line":362,"column":12},"end":{"line":362,"column":24}},"211":{"start":{"line":364,"column":10},"end":{"line":364,"column":16}},"212":{"start":{"line":366,"column":10},"end":{"line":369,"column":null}},"213":{"start":{"line":367,"column":12},"end":{"line":367,"column":49}},"214":{"start":{"line":368,"column":12},"end":{"line":368,"column":24}},"215":{"start":{"line":370,"column":10},"end":{"line":370,"column":16}},"216":{"start":{"line":372,"column":10},"end":{"line":375,"column":null}},"217":{"start":{"line":373,"column":12},"end":{"line":373,"column":49}},"218":{"start":{"line":374,"column":12},"end":{"line":374,"column":24}},"219":{"start":{"line":376,"column":10},"end":{"line":376,"column":16}},"220":{"start":{"line":378,"column":10},"end":{"line":381,"column":null}},"221":{"start":{"line":379,"column":12},"end":{"line":379,"column":38}},"222":{"start":{"line":380,"column":12},"end":{"line":380,"column":24}},"223":{"start":{"line":382,"column":10},"end":{"line":382,"column":16}},"224":{"start":{"line":384,"column":10},"end":{"line":387,"column":null}},"225":{"start":{"line":385,"column":12},"end":{"line":385,"column":38}},"226":{"start":{"line":386,"column":12},"end":{"line":386,"column":24}},"227":{"start":{"line":388,"column":10},"end":{"line":388,"column":16}},"228":{"start":{"line":390,"column":10},"end":{"line":393,"column":null}},"229":{"start":{"line":391,"column":12},"end":{"line":391,"column":38}},"230":{"start":{"line":392,"column":12},"end":{"line":392,"column":24}},"231":{"start":{"line":394,"column":10},"end":{"line":394,"column":16}},"232":{"start":{"line":396,"column":10},"end":{"line":404,"column":null}},"233":{"start":{"line":397,"column":12},"end":{"line":402,"column":null}},"234":{"start":{"line":398,"column":14},"end":{"line":398,"column":51}},"235":{"start":{"line":400,"column":14},"end":{"line":400,"column":35}},"236":{"start":{"line":401,"column":14},"end":{"line":401,"column":29}},"237":{"start":{"line":403,"column":12},"end":{"line":403,"column":24}},"238":{"start":{"line":405,"column":10},"end":{"line":405,"column":16}},"239":{"start":{"line":407,"column":10},"end":{"line":415,"column":null}},"240":{"start":{"line":408,"column":12},"end":{"line":413,"column":null}},"241":{"start":{"line":409,"column":14},"end":{"line":409,"column":28}},"242":{"start":{"line":411,"column":14},"end":{"line":411,"column":35}},"243":{"start":{"line":412,"column":14},"end":{"line":412,"column":29}},"244":{"start":{"line":414,"column":12},"end":{"line":414,"column":24}},"245":{"start":{"line":416,"column":10},"end":{"line":416,"column":16}},"246":{"start":{"line":418,"column":10},"end":{"line":425,"column":null}},"247":{"start":{"line":419,"column":12},"end":{"line":419,"column":28}},"248":{"start":{"line":420,"column":12},"end":{"line":423,"column":null}},"249":{"start":{"line":421,"column":14},"end":{"line":421,"column":25}},"250":{"start":{"line":422,"column":14},"end":{"line":422,"column":38}},"251":{"start":{"line":424,"column":12},"end":{"line":424,"column":24}},"252":{"start":{"line":426,"column":10},"end":{"line":426,"column":16}},"253":{"start":{"line":428,"column":10},"end":{"line":435,"column":null}},"254":{"start":{"line":429,"column":12},"end":{"line":429,"column":28}},"255":{"start":{"line":430,"column":12},"end":{"line":433,"column":null}},"256":{"start":{"line":431,"column":14},"end":{"line":431,"column":25}},"257":{"start":{"line":432,"column":14},"end":{"line":432,"column":38}},"258":{"start":{"line":434,"column":12},"end":{"line":434,"column":24}},"259":{"start":{"line":436,"column":10},"end":{"line":436,"column":16}},"260":{"start":{"line":438,"column":10},"end":{"line":445,"column":null}},"261":{"start":{"line":439,"column":12},"end":{"line":439,"column":28}},"262":{"start":{"line":440,"column":12},"end":{"line":443,"column":null}},"263":{"start":{"line":441,"column":14},"end":{"line":441,"column":25}},"264":{"start":{"line":442,"column":14},"end":{"line":442,"column":38}},"265":{"start":{"line":444,"column":12},"end":{"line":444,"column":24}},"266":{"start":{"line":446,"column":10},"end":{"line":446,"column":16}},"267":{"start":{"line":448,"column":10},"end":{"line":448,"column":62}},"268":{"start":{"line":453,"column":4},"end":{"line":453,"column":32}},"269":{"start":{"line":460,"column":10},"end":{"line":511,"column":null}},"270":{"start":{"line":461,"column":4},"end":{"line":461,"column":47}},"271":{"start":{"line":462,"column":22},"end":{"line":462,"column":77}},"272":{"start":{"line":463,"column":23},"end":{"line":463,"column":49}},"273":{"start":{"line":465,"column":16},"end":{"line":465,"column":84}},"274":{"start":{"line":468,"column":4},"end":{"line":471,"column":null}},"275":{"start":{"line":469,"column":6},"end":{"line":469,"column":67}},"276":{"start":{"line":470,"column":6},"end":{"line":470,"column":34}},"277":{"start":{"line":473,"column":4},"end":{"line":476,"column":null}},"278":{"start":{"line":474,"column":6},"end":{"line":474,"column":38}},"279":{"start":{"line":475,"column":6},"end":{"line":475,"column":18}},"280":{"start":{"line":479,"column":4},"end":{"line":479,"column":46}},"281":{"start":{"line":480,"column":19},"end":{"line":480,"column":86}},"282":{"start":{"line":481,"column":4},"end":{"line":481,"column":87}},"283":{"start":{"line":489,"column":17},"end":{"line":489,"column":66}},"284":{"start":{"line":490,"column":4},"end":{"line":490,"column":44}},"285":{"start":{"line":491,"column":4},"end":{"line":491,"column":62}},"286":{"start":{"line":492,"column":4},"end":{"line":492,"column":25}},"287":{"start":{"line":493,"column":4},"end":{"line":493,"column":44}},"288":{"start":{"line":496,"column":4},"end":{"line":500,"column":null}},"289":{"start":{"line":497,"column":6},"end":{"line":497,"column":17}},"290":{"start":{"line":498,"column":6},"end":{"line":498,"column":56}},"291":{"start":{"line":499,"column":6},"end":{"line":499,"column":18}},"292":{"start":{"line":503,"column":4},"end":{"line":505,"column":null}},"293":{"start":{"line":504,"column":6},"end":{"line":504,"column":18}},"294":{"start":{"line":506,"column":28},"end":{"line":506,"column":47}},"295":{"start":{"line":507,"column":4},"end":{"line":509,"column":null}},"296":{"start":{"line":508,"column":6},"end":{"line":508,"column":31}},"297":{"start":{"line":510,"column":4},"end":{"line":510,"column":16}},"298":{"start":{"line":518,"column":10},"end":{"line":542,"column":null}},"299":{"start":{"line":519,"column":4},"end":{"line":519,"column":38}},"300":{"start":{"line":520,"column":22},"end":{"line":520,"column":39}},"301":{"start":{"line":521,"column":16},"end":{"line":521,"column":84}},"302":{"start":{"line":524,"column":4},"end":{"line":527,"column":null}},"303":{"start":{"line":525,"column":6},"end":{"line":525,"column":67}},"304":{"start":{"line":526,"column":6},"end":{"line":526,"column":34}},"305":{"start":{"line":530,"column":4},"end":{"line":530,"column":46}},"306":{"start":{"line":531,"column":19},"end":{"line":531,"column":86}},"307":{"start":{"line":532,"column":4},"end":{"line":532,"column":87}},"308":{"start":{"line":534,"column":4},"end":{"line":534,"column":21}},"309":{"start":{"line":537,"column":4},"end":{"line":540,"column":null}},"310":{"start":{"line":538,"column":6},"end":{"line":538,"column":17}},"311":{"start":{"line":539,"column":6},"end":{"line":539,"column":56}},"312":{"start":{"line":541,"column":4},"end":{"line":541,"column":16}},"313":{"start":{"line":548,"column":10},"end":{"line":560,"column":null}},"314":{"start":{"line":549,"column":20},"end":{"line":549,"column":51}},"315":{"start":{"line":550,"column":4},"end":{"line":558,"column":null}},"316":{"start":{"line":551,"column":21},"end":{"line":551,"column":53}},"317":{"start":{"line":552,"column":20},"end":{"line":552,"column":54}},"318":{"start":{"line":554,"column":21},"end":{"line":554,"column":42}},"319":{"start":{"line":555,"column":6},"end":{"line":555,"column":43}},"320":{"start":{"line":555,"column":31},"end":{"line":555,"column":43}},"321":{"start":{"line":556,"column":6},"end":{"line":556,"column":28}},"322":{"start":{"line":557,"column":6},"end":{"line":557,"column":18}},"323":{"start":{"line":559,"column":4},"end":{"line":559,"column":17}},"324":{"start":{"line":571,"column":10},"end":{"line":662,"column":null}},"325":{"start":{"line":572,"column":4},"end":{"line":572,"column":37}},"326":{"start":{"line":573,"column":22},"end":{"line":573,"column":27}},"327":{"start":{"line":576,"column":23},"end":{"line":576,"column":25}},"328":{"start":{"line":577,"column":4},"end":{"line":599,"column":null}},"329":{"start":{"line":577,"column":21},"end":{"line":577,"column":33}},"330":{"start":{"line":577,"column":31},"end":{"line":577,"column":33}},"331":{"start":{"line":577,"column":17},"end":{"line":577,"column":21}},"332":{"start":{"line":578,"column":6},"end":{"line":598,"column":null}},"333":{"start":{"line":578,"column":23},"end":{"line":578,"column":35}},"334":{"start":{"line":578,"column":33},"end":{"line":578,"column":35}},"335":{"start":{"line":578,"column":19},"end":{"line":578,"column":23}},"336":{"start":{"line":579,"column":22},"end":{"line":579,"column":65}},"337":{"start":{"line":580,"column":23},"end":{"line":580,"column":49}},"338":{"start":{"line":581,"column":8},"end":{"line":583,"column":10}},"339":{"start":{"line":582,"column":10},"end":{"line":582,"column":19}},"340":{"start":{"line":585,"column":8},"end":{"line":597,"column":null}},"341":{"start":{"line":587,"column":21},"end":{"line":587,"column":46}},"342":{"start":{"line":588,"column":10},"end":{"line":590,"column":null}},"343":{"start":{"line":589,"column":12},"end":{"line":589,"column":36}},"344":{"start":{"line":591,"column":15},"end":{"line":597,"column":null}},"345":{"start":{"line":593,"column":21},"end":{"line":593,"column":55}},"346":{"start":{"line":594,"column":10},"end":{"line":596,"column":null}},"347":{"start":{"line":595,"column":12},"end":{"line":595,"column":36}},"348":{"start":{"line":600,"column":4},"end":{"line":600,"column":58}},"349":{"start":{"line":601,"column":4},"end":{"line":601,"column":55}},"350":{"start":{"line":604,"column":20},"end":{"line":604,"column":25}},"351":{"start":{"line":605,"column":4},"end":{"line":610,"column":null}},"352":{"start":{"line":605,"column":17},"end":{"line":605,"column":18}},"353":{"start":{"line":606,"column":6},"end":{"line":609,"column":null}},"354":{"start":{"line":607,"column":8},"end":{"line":607,"column":25}},"355":{"start":{"line":608,"column":8},"end":{"line":608,"column":14}},"356":{"start":{"line":611,"column":4},"end":{"line":621,"column":null}},"357":{"start":{"line":612,"column":6},"end":{"line":612,"column":37}},"358":{"start":{"line":613,"column":6},"end":{"line":619,"column":null}},"359":{"start":{"line":613,"column":25},"end":{"line":613,"column":39}},"360":{"start":{"line":613,"column":37},"end":{"line":613,"column":39}},"361":{"start":{"line":613,"column":21},"end":{"line":613,"column":25}},"362":{"start":{"line":614,"column":8},"end":{"line":614,"column":78}},"363":{"start":{"line":615,"column":8},"end":{"line":615,"column":25}},"364":{"start":{"line":616,"column":8},"end":{"line":618,"column":null}},"365":{"start":{"line":617,"column":10},"end":{"line":617,"column":34}},"366":{"start":{"line":620,"column":6},"end":{"line":620,"column":25}},"367":{"start":{"line":624,"column":26},"end":{"line":624,"column":57}},"368":{"start":{"line":625,"column":4},"end":{"line":625,"column":56}},"369":{"start":{"line":626,"column":4},"end":{"line":626,"column":60}},"370":{"start":{"line":629,"column":4},"end":{"line":637,"column":null}},"371":{"start":{"line":629,"column":24},"end":{"line":629,"column":39}},"372":{"start":{"line":629,"column":37},"end":{"line":629,"column":39}},"373":{"start":{"line":629,"column":20},"end":{"line":629,"column":24}},"374":{"start":{"line":630,"column":6},"end":{"line":635,"column":null}},"375":{"start":{"line":631,"column":20},"end":{"line":631,"column":55}},"376":{"start":{"line":632,"column":8},"end":{"line":632,"column":30}},"377":{"start":{"line":633,"column":8},"end":{"line":633,"column":82}},"378":{"start":{"line":634,"column":8},"end":{"line":634,"column":27}},"379":{"start":{"line":636,"column":6},"end":{"line":636,"column":36}},"380":{"start":{"line":640,"column":26},"end":{"line":640,"column":64}},"381":{"start":{"line":641,"column":4},"end":{"line":641,"column":56}},"382":{"start":{"line":642,"column":4},"end":{"line":642,"column":59}},"383":{"start":{"line":643,"column":4},"end":{"line":659,"column":null}},"384":{"start":{"line":649,"column":23},"end":{"line":649,"column":67}},"385":{"start":{"line":650,"column":6},"end":{"line":652,"column":8}},"386":{"start":{"line":653,"column":6},"end":{"line":653,"column":38}},"387":{"start":{"line":654,"column":6},"end":{"line":654,"column":66}},"388":{"start":{"line":655,"column":6},"end":{"line":655,"column":25}},"389":{"start":{"line":658,"column":6},"end":{"line":658,"column":25}},"390":{"start":{"line":661,"column":4},"end":{"line":661,"column":23}},"391":{"start":{"line":664,"column":2},"end":{"line":692,"column":null}},"392":{"start":{"line":664,"column":2},"end":{"line":664,"column":8}},"393":{"start":{"line":666,"column":30},"end":{"line":666,"column":39}},"394":{"start":{"line":667,"column":4},"end":{"line":673,"column":null}},"395":{"start":{"line":668,"column":6},"end":{"line":672,"column":null}},"396":{"start":{"line":669,"column":8},"end":{"line":669,"column":34}},"397":{"start":{"line":671,"column":8},"end":{"line":671,"column":31}},"398":{"start":{"line":675,"column":4},"end":{"line":691,"column":6}},"399":{"start":{"line":679,"column":55},"end":{"line":679,"column":65}},"400":{"start":{"line":679,"column":75},"end":{"line":679,"column":83}},"401":{"start":{"line":684,"column":42},"end":{"line":684,"column":59}},"402":{"start":{"line":685,"column":49},"end":{"line":685,"column":83}},"403":{"start":{"line":688,"column":38},"end":{"line":688,"column":56}},"404":{"start":{"line":689,"column":40},"end":{"line":689,"column":60}},"405":{"start":{"line":697,"column":2},"end":{"line":730,"column":null}},"406":{"start":{"line":698,"column":31},"end":{"line":698,"column":77}},"407":{"start":{"line":699,"column":4},"end":{"line":703,"column":null}},"408":{"start":{"line":699,"column":25},"end":{"line":699,"column":44}},"409":{"start":{"line":699,"column":42},"end":{"line":699,"column":44}},"410":{"start":{"line":699,"column":21},"end":{"line":699,"column":25}},"411":{"start":{"line":700,"column":6},"end":{"line":702,"column":null}},"412":{"start":{"line":700,"column":26},"end":{"line":700,"column":62}},"413":{"start":{"line":700,"column":60},"end":{"line":700,"column":62}},"414":{"start":{"line":700,"column":22},"end":{"line":700,"column":26}},"415":{"start":{"line":701,"column":8},"end":{"line":701,"column":38}},"416":{"start":{"line":705,"column":4},"end":{"line":729,"column":6}},"417":{"start":{"line":708,"column":49},"end":{"line":708,"column":84}},"418":{"start":{"line":709,"column":48},"end":{"line":709,"column":82}},"419":{"start":{"line":710,"column":51},"end":{"line":710,"column":88}},"420":{"start":{"line":713,"column":48},"end":{"line":713,"column":68}},"421":{"start":{"line":714,"column":46},"end":{"line":714,"column":66}},"422":{"start":{"line":720,"column":48},"end":{"line":720,"column":60}},"423":{"start":{"line":721,"column":46},"end":{"line":721,"column":58}},"424":{"start":{"line":723,"column":70},"end":{"line":723,"column":87}},"425":{"start":{"line":726,"column":66},"end":{"line":726,"column":80}},"426":{"start":{"line":727,"column":68},"end":{"line":727,"column":84}},"427":{"start":{"line":731,"column":0},"end":{"line":731,"column":null}},"428":{"start":{"line":61,"column":13},"end":{"line":61,"column":20}}},"fnMap":{"0":{"name":"(anonymous_4)","decl":{"start":{"line":30,"column":16},"end":{"line":30,"column":17}},"loc":{"start":{"line":30,"column":26},"end":{"line":32,"column":1}}},"1":{"name":"(anonymous_5)","decl":{"start":{"line":34,"column":17},"end":{"line":34,"column":18}},"loc":{"start":{"line":34,"column":46},"end":{"line":39,"column":1}}},"2":{"name":"(anonymous_6)","decl":{"start":{"line":41,"column":42},"end":{"line":41,"column":43}},"loc":{"start":{"line":41,"column":59},"end":{"line":59,"column":1}}},"3":{"name":"(anonymous_7)","decl":{"start":{"line":61,"column":0},"end":{"line":61,"column":13}},"loc":{"start":{"line":61,"column":0},"end":{"line":731,"column":null}}},"4":{"name":"Manager","decl":{"start":{"line":71,"column":2},"end":{"line":71,"column":14}},"loc":{"start":{"line":71,"column":27},"end":{"line":80,"column":3}}},"5":{"name":"(anonymous_9)","decl":{"start":{"line":82,"column":2},"end":{"line":82,"column":12}},"loc":{"start":{"line":82,"column":2},"end":{"line":122,"column":3}}},"6":{"name":"(anonymous_11)","decl":{"start":{"line":97,"column":55},"end":{"line":97,"column":56}},"loc":{"start":{"line":97,"column":56},"end":{"line":97,"column":61}}},"7":{"name":"(anonymous_12)","decl":{"start":{"line":107,"column":6},"end":{"line":107,"column":7}},"loc":{"start":{"line":107,"column":49},"end":{"line":112,"column":7}}},"8":{"name":"(anonymous_13)","decl":{"start":{"line":129,"column":2},"end":{"line":129,"column":10}},"loc":{"start":{"line":129,"column":27},"end":{"line":163,"column":3}}},"9":{"name":"(anonymous_14)","decl":{"start":{"line":165,"column":2},"end":{"line":165,"column":18}},"loc":{"start":{"line":165,"column":30},"end":{"line":167,"column":3}}},"10":{"name":"(anonymous_15)","decl":{"start":{"line":166,"column":30},"end":{"line":166,"column":31}},"loc":{"start":{"line":166,"column":31},"end":{"line":166,"column":36}}},"11":{"name":"(anonymous_16)","decl":{"start":{"line":169,"column":2},"end":{"line":169,"column":10}},"loc":{"start":{"line":169,"column":78},"end":{"line":176,"column":3}}},"12":{"name":"(anonymous_17)","decl":{"start":{"line":186,"column":2},"end":{"line":186,"column":13}},"loc":{"start":{"line":186,"column":2},"end":{"line":191,"column":3}}},"13":{"name":"(anonymous_18)","decl":{"start":{"line":193,"column":2},"end":{"line":193,"column":7}},"loc":{"start":{"line":193,"column":2},"end":{"line":212,"column":3}}},"14":{"name":"(anonymous_19)","decl":{"start":{"line":214,"column":2},"end":{"line":214,"column":12}},"loc":{"start":{"line":214,"column":2},"end":{"line":217,"column":3}}},"15":{"name":"(anonymous_20)","decl":{"start":{"line":219,"column":2},"end":{"line":219,"column":11}},"loc":{"start":{"line":219,"column":2},"end":{"line":224,"column":3}}},"16":{"name":"(anonymous_21)","decl":{"start":{"line":226,"column":2},"end":{"line":226,"column":12}},"loc":{"start":{"line":226,"column":36},"end":{"line":247,"column":3}}},"17":{"name":"(anonymous_22)","decl":{"start":{"line":249,"column":2},"end":{"line":249,"column":12}},"loc":{"start":{"line":249,"column":2},"end":{"line":262,"column":3}}},"18":{"name":"(anonymous_23)","decl":{"start":{"line":264,"column":2},"end":{"line":264,"column":12}},"loc":{"start":{"line":264,"column":34},"end":{"line":280,"column":3}}},"19":{"name":"(anonymous_24)","decl":{"start":{"line":286,"column":2},"end":{"line":286,"column":10}},"loc":{"start":{"line":286,"column":34},"end":{"line":289,"column":3}}},"20":{"name":"(anonymous_25)","decl":{"start":{"line":288,"column":37},"end":{"line":288,"column":38}},"loc":{"start":{"line":288,"column":38},"end":{"line":288,"column":43}}},"21":{"name":"(anonymous_26)","decl":{"start":{"line":298,"column":2},"end":{"line":298,"column":10}},"loc":{"start":{"line":298,"column":70},"end":{"line":315,"column":3}}},"22":{"name":"(anonymous_27)","decl":{"start":{"line":320,"column":2},"end":{"line":320,"column":10}},"loc":{"start":{"line":320,"column":32},"end":{"line":329,"column":3}}},"23":{"name":"(anonymous_28)","decl":{"start":{"line":335,"column":2},"end":{"line":335,"column":10}},"loc":{"start":{"line":335,"column":39},"end":{"line":454,"column":3}}},"24":{"name":"(anonymous_29)","decl":{"start":{"line":460,"column":2},"end":{"line":460,"column":10}},"loc":{"start":{"line":460,"column":31},"end":{"line":511,"column":3}}},"25":{"name":"(anonymous_30)","decl":{"start":{"line":518,"column":2},"end":{"line":518,"column":10}},"loc":{"start":{"line":518,"column":32},"end":{"line":542,"column":3}}},"26":{"name":"(anonymous_31)","decl":{"start":{"line":548,"column":2},"end":{"line":548,"column":10}},"loc":{"start":{"line":548,"column":39},"end":{"line":560,"column":3}}},"27":{"name":"(anonymous_32)","decl":{"start":{"line":571,"column":2},"end":{"line":571,"column":10}},"loc":{"start":{"line":571,"column":36},"end":{"line":662,"column":3}}},"28":{"name":"(anonymous_33)","decl":{"start":{"line":664,"column":2},"end":{"line":664,"column":8}},"loc":{"start":{"line":664,"column":2},"end":{"line":692,"column":3}}},"29":{"name":"(anonymous_34)","decl":{"start":{"line":679,"column":50},"end":{"line":679,"column":51}},"loc":{"start":{"line":679,"column":51},"end":{"line":679,"column":56}}},"30":{"name":"(anonymous_35)","decl":{"start":{"line":679,"column":70},"end":{"line":679,"column":71}},"loc":{"start":{"line":679,"column":71},"end":{"line":679,"column":76}}},"31":{"name":"(anonymous_36)","decl":{"start":{"line":684,"column":37},"end":{"line":684,"column":38}},"loc":{"start":{"line":684,"column":38},"end":{"line":684,"column":43}}},"32":{"name":"(anonymous_37)","decl":{"start":{"line":685,"column":44},"end":{"line":685,"column":45}},"loc":{"start":{"line":685,"column":45},"end":{"line":685,"column":50}}},"33":{"name":"(anonymous_38)","decl":{"start":{"line":688,"column":33},"end":{"line":688,"column":34}},"loc":{"start":{"line":688,"column":34},"end":{"line":688,"column":39}}},"34":{"name":"(anonymous_39)","decl":{"start":{"line":689,"column":35},"end":{"line":689,"column":36}},"loc":{"start":{"line":689,"column":36},"end":{"line":689,"column":41}}},"35":{"name":"(anonymous_40)","decl":{"start":{"line":697,"column":2},"end":{"line":697,"column":18}},"loc":{"start":{"line":697,"column":2},"end":{"line":730,"column":3}}},"36":{"name":"(anonymous_41)","decl":{"start":{"line":708,"column":44},"end":{"line":708,"column":45}},"loc":{"start":{"line":708,"column":45},"end":{"line":708,"column":50}}},"37":{"name":"(anonymous_42)","decl":{"start":{"line":709,"column":43},"end":{"line":709,"column":44}},"loc":{"start":{"line":709,"column":44},"end":{"line":709,"column":49}}},"38":{"name":"(anonymous_43)","decl":{"start":{"line":710,"column":46},"end":{"line":710,"column":47}},"loc":{"start":{"line":710,"column":47},"end":{"line":710,"column":52}}},"39":{"name":"(anonymous_44)","decl":{"start":{"line":713,"column":43},"end":{"line":713,"column":44}},"loc":{"start":{"line":713,"column":44},"end":{"line":713,"column":49}}},"40":{"name":"(anonymous_45)","decl":{"start":{"line":714,"column":41},"end":{"line":714,"column":42}},"loc":{"start":{"line":714,"column":42},"end":{"line":714,"column":47}}},"41":{"name":"(anonymous_46)","decl":{"start":{"line":720,"column":43},"end":{"line":720,"column":44}},"loc":{"start":{"line":720,"column":44},"end":{"line":720,"column":49}}},"42":{"name":"(anonymous_47)","decl":{"start":{"line":721,"column":41},"end":{"line":721,"column":42}},"loc":{"start":{"line":721,"column":42},"end":{"line":721,"column":47}}},"43":{"name":"(anonymous_48)","decl":{"start":{"line":723,"column":65},"end":{"line":723,"column":66}},"loc":{"start":{"line":723,"column":66},"end":{"line":723,"column":71}}},"44":{"name":"(anonymous_49)","decl":{"start":{"line":726,"column":61},"end":{"line":726,"column":62}},"loc":{"start":{"line":726,"column":62},"end":{"line":726,"column":67}}},"45":{"name":"(anonymous_50)","decl":{"start":{"line":727,"column":63},"end":{"line":727,"column":64}},"loc":{"start":{"line":727,"column":64},"end":{"line":727,"column":69}}}},"branchMap":{"0":{"loc":{"start":{"line":76,"column":8},"end":{"line":76,"column":59}},"type":"cond-expr","locations":[{"start":{"line":76,"column":8},"end":{"line":76,"column":59}},{"start":{"line":77,"column":8},"end":{"line":77,"column":30}}]},"1":{"loc":{"start":{"line":108,"column":8},"end":{"line":110,"column":null}},"type":"if","locations":[{"start":{"line":108,"column":8},"end":{"line":110,"column":null}},{"start":{"line":108,"column":8},"end":{"line":110,"column":null}}]},"2":{"loc":{"start":{"line":130,"column":4},"end":{"line":133,"column":null}},"type":"if","locations":[{"start":{"line":130,"column":4},"end":{"line":133,"column":null}},{"start":{"line":130,"column":4},"end":{"line":133,"column":null}}]},"3":{"loc":{"start":{"line":134,"column":52},"end":{"line":134,"column":76}},"type":"cond-expr","locations":[{"start":{"line":134,"column":52},"end":{"line":134,"column":76}},{"start":{"line":134,"column":79},"end":{"line":134,"column":98}}]},"4":{"loc":{"start":{"line":135,"column":4},"end":{"line":138,"column":null}},"type":"if","locations":[{"start":{"line":135,"column":4},"end":{"line":138,"column":null}},{"start":{"line":135,"column":4},"end":{"line":138,"column":null}}]},"5":{"loc":{"start":{"line":154,"column":26},"end":{"line":154,"column":35}},"type":"cond-expr","locations":[{"start":{"line":154,"column":26},"end":{"line":154,"column":35}},{"start":{"line":154,"column":38},"end":{"line":154,"column":43}}]},"6":{"loc":{"start":{"line":157,"column":6},"end":{"line":160,"column":null}},"type":"if","locations":[{"start":{"line":157,"column":6},"end":{"line":160,"column":null}},{"start":{"line":157,"column":6},"end":{"line":160,"column":null}}]},"7":{"loc":{"start":{"line":169,"column":33},"end":{"line":169,"column":null}},"type":"if","locations":[{"start":{"line":169,"column":33},"end":{"line":169,"column":null}},{"start":{"line":169,"column":33},"end":{"line":169,"column":null}}]},"8":{"loc":{"start":{"line":170,"column":4},"end":{"line":175,"column":null}},"type":"if","locations":[{"start":{"line":170,"column":4},"end":{"line":175,"column":null}},{"start":{"line":170,"column":4},"end":{"line":175,"column":null}}]},"9":{"loc":{"start":{"line":200,"column":8},"end":{"line":202,"column":null}},"type":"if","locations":[{"start":{"line":200,"column":8},"end":{"line":202,"column":null}},{"start":{"line":200,"column":8},"end":{"line":202,"column":null}}]},"10":{"loc":{"start":{"line":205,"column":6},"end":{"line":207,"column":null}},"type":"if","locations":[{"start":{"line":205,"column":6},"end":{"line":207,"column":null}},{"start":{"line":205,"column":6},"end":{"line":207,"column":null}}]},"11":{"loc":{"start":{"line":229,"column":4},"end":{"line":238,"column":null}},"type":"if","locations":[{"start":{"line":229,"column":4},"end":{"line":238,"column":null}},{"start":{"line":229,"column":4},"end":{"line":238,"column":null}}]},"12":{"loc":{"start":{"line":234,"column":6},"end":{"line":236,"column":null}},"type":"if","locations":[{"start":{"line":234,"column":6},"end":{"line":236,"column":null}},{"start":{"line":234,"column":6},"end":{"line":236,"column":null}}]},"13":{"loc":{"start":{"line":234,"column":10},"end":{"line":234,"column":35}},"type":"binary-expr","locations":[{"start":{"line":234,"column":10},"end":{"line":234,"column":35}},{"start":{"line":234,"column":39},"end":{"line":234,"column":45}}]},"14":{"loc":{"start":{"line":241,"column":4},"end":{"line":246,"column":null}},"type":"if","locations":[{"start":{"line":241,"column":4},"end":{"line":246,"column":null}},{"start":{"line":241,"column":4},"end":{"line":246,"column":null}}]},"15":{"loc":{"start":{"line":253,"column":8},"end":{"line":259,"column":null}},"type":"if","locations":[{"start":{"line":253,"column":8},"end":{"line":259,"column":null}},{"start":{"line":253,"column":8},"end":{"line":259,"column":null}}]},"16":{"loc":{"start":{"line":253,"column":12},"end":{"line":253,"column":17}},"type":"binary-expr","locations":[{"start":{"line":253,"column":12},"end":{"line":253,"column":17}},{"start":{"line":253,"column":21},"end":{"line":253,"column":39}}]},"17":{"loc":{"start":{"line":255,"column":10},"end":{"line":257,"column":null}},"type":"if","locations":[{"start":{"line":255,"column":10},"end":{"line":257,"column":null}},{"start":{"line":255,"column":10},"end":{"line":257,"column":null}}]},"18":{"loc":{"start":{"line":265,"column":4},"end":{"line":279,"column":null}},"type":"if","locations":[{"start":{"line":265,"column":4},"end":{"line":279,"column":null}},{"start":{"line":265,"column":4},"end":{"line":279,"column":null}}]},"19":{"loc":{"start":{"line":267,"column":11},"end":{"line":279,"column":null}},"type":"if","locations":[{"start":{"line":267,"column":11},"end":{"line":279,"column":null}},{"start":{"line":267,"column":11},"end":{"line":279,"column":null}}]},"20":{"loc":{"start":{"line":267,"column":15},"end":{"line":267,"column":34}},"type":"binary-expr","locations":[{"start":{"line":267,"column":15},"end":{"line":267,"column":34}},{"start":{"line":267,"column":38},"end":{"line":267,"column":58}}]},"21":{"loc":{"start":{"line":269,"column":11},"end":{"line":279,"column":null}},"type":"if","locations":[{"start":{"line":269,"column":11},"end":{"line":279,"column":null}},{"start":{"line":269,"column":11},"end":{"line":279,"column":null}}]},"22":{"loc":{"start":{"line":271,"column":11},"end":{"line":279,"column":null}},"type":"if","locations":[{"start":{"line":271,"column":11},"end":{"line":279,"column":null}},{"start":{"line":271,"column":11},"end":{"line":279,"column":null}}]},"23":{"loc":{"start":{"line":273,"column":11},"end":{"line":279,"column":null}},"type":"if","locations":[{"start":{"line":273,"column":11},"end":{"line":279,"column":null}},{"start":{"line":273,"column":11},"end":{"line":279,"column":null}}]},"24":{"loc":{"start":{"line":273,"column":15},"end":{"line":273,"column":33}},"type":"binary-expr","locations":[{"start":{"line":273,"column":15},"end":{"line":273,"column":33}},{"start":{"line":273,"column":37},"end":{"line":273,"column":58}}]},"25":{"loc":{"start":{"line":275,"column":11},"end":{"line":279,"column":null}},"type":"if","locations":[{"start":{"line":275,"column":11},"end":{"line":279,"column":null}},{"start":{"line":275,"column":11},"end":{"line":279,"column":null}}]},"26":{"loc":{"start":{"line":298,"column":47},"end":{"line":298,"column":null}},"type":"if","locations":[{"start":{"line":298,"column":47},"end":{"line":298,"column":null}},{"start":{"line":298,"column":47},"end":{"line":298,"column":null}}]},"27":{"loc":{"start":{"line":301,"column":4},"end":{"line":313,"column":null}},"type":"if","locations":[{"start":{"line":301,"column":4},"end":{"line":313,"column":null}},{"start":{"line":301,"column":4},"end":{"line":313,"column":null}}]},"28":{"loc":{"start":{"line":306,"column":11},"end":{"line":313,"column":null}},"type":"if","locations":[{"start":{"line":306,"column":11},"end":{"line":313,"column":null}},{"start":{"line":306,"column":11},"end":{"line":313,"column":null}}]},"29":{"loc":{"start":{"line":309,"column":6},"end":{"line":311,"column":null}},"type":"if","locations":[{"start":{"line":309,"column":6},"end":{"line":311,"column":null}},{"start":{"line":309,"column":6},"end":{"line":311,"column":null}}]},"30":{"loc":{"start":{"line":322,"column":4},"end":{"line":327,"column":null}},"type":"if","locations":[{"start":{"line":322,"column":4},"end":{"line":327,"column":null}},{"start":{"line":322,"column":4},"end":{"line":327,"column":null}}]},"31":{"loc":{"start":{"line":340,"column":4},"end":{"line":450,"column":null}},"type":"if","locations":[{"start":{"line":340,"column":4},"end":{"line":450,"column":null}},{"start":{"line":340,"column":4},"end":{"line":450,"column":null}}]},"32":{"loc":{"start":{"line":346,"column":8},"end":{"line":352,"column":16}},"type":"switch","locations":[{"start":{"line":346,"column":8},"end":{"line":352,"column":16}},{"start":{"line":353,"column":8},"end":{"line":358,"column":16}},{"start":{"line":359,"column":8},"end":{"line":364,"column":16}},{"start":{"line":365,"column":8},"end":{"line":370,"column":16}},{"start":{"line":371,"column":8},"end":{"line":376,"column":16}},{"start":{"line":377,"column":8},"end":{"line":382,"column":16}},{"start":{"line":383,"column":8},"end":{"line":388,"column":16}},{"start":{"line":389,"column":8},"end":{"line":394,"column":16}},{"start":{"line":395,"column":8},"end":{"line":405,"column":16}},{"start":{"line":406,"column":8},"end":{"line":416,"column":16}},{"start":{"line":417,"column":8},"end":{"line":426,"column":16}},{"start":{"line":427,"column":8},"end":{"line":436,"column":16}},{"start":{"line":437,"column":8},"end":{"line":446,"column":16}},{"start":{"line":447,"column":8},"end":{"line":448,"column":62}}]},"33":{"loc":{"start":{"line":347,"column":10},"end":{"line":351,"column":null}},"type":"if","locations":[{"start":{"line":347,"column":10},"end":{"line":351,"column":null}},{"start":{"line":347,"column":10},"end":{"line":351,"column":null}}]},"34":{"loc":{"start":{"line":354,"column":10},"end":{"line":357,"column":null}},"type":"if","locations":[{"start":{"line":354,"column":10},"end":{"line":357,"column":null}},{"start":{"line":354,"column":10},"end":{"line":357,"column":null}}]},"35":{"loc":{"start":{"line":360,"column":10},"end":{"line":363,"column":null}},"type":"if","locations":[{"start":{"line":360,"column":10},"end":{"line":363,"column":null}},{"start":{"line":360,"column":10},"end":{"line":363,"column":null}}]},"36":{"loc":{"start":{"line":366,"column":10},"end":{"line":369,"column":null}},"type":"if","locations":[{"start":{"line":366,"column":10},"end":{"line":369,"column":null}},{"start":{"line":366,"column":10},"end":{"line":369,"column":null}}]},"37":{"loc":{"start":{"line":372,"column":10},"end":{"line":375,"column":null}},"type":"if","locations":[{"start":{"line":372,"column":10},"end":{"line":375,"column":null}},{"start":{"line":372,"column":10},"end":{"line":375,"column":null}}]},"38":{"loc":{"start":{"line":378,"column":10},"end":{"line":381,"column":null}},"type":"if","locations":[{"start":{"line":378,"column":10},"end":{"line":381,"column":null}},{"start":{"line":378,"column":10},"end":{"line":381,"column":null}}]},"39":{"loc":{"start":{"line":384,"column":10},"end":{"line":387,"column":null}},"type":"if","locations":[{"start":{"line":384,"column":10},"end":{"line":387,"column":null}},{"start":{"line":384,"column":10},"end":{"line":387,"column":null}}]},"40":{"loc":{"start":{"line":390,"column":10},"end":{"line":393,"column":null}},"type":"if","locations":[{"start":{"line":390,"column":10},"end":{"line":393,"column":null}},{"start":{"line":390,"column":10},"end":{"line":393,"column":null}}]},"41":{"loc":{"start":{"line":396,"column":10},"end":{"line":404,"column":null}},"type":"if","locations":[{"start":{"line":396,"column":10},"end":{"line":404,"column":null}},{"start":{"line":396,"column":10},"end":{"line":404,"column":null}}]},"42":{"loc":{"start":{"line":397,"column":12},"end":{"line":402,"column":null}},"type":"if","locations":[{"start":{"line":397,"column":12},"end":{"line":402,"column":null}},{"start":{"line":397,"column":12},"end":{"line":402,"column":null}}]},"43":{"loc":{"start":{"line":407,"column":10},"end":{"line":415,"column":null}},"type":"if","locations":[{"start":{"line":407,"column":10},"end":{"line":415,"column":null}},{"start":{"line":407,"column":10},"end":{"line":415,"column":null}}]},"44":{"loc":{"start":{"line":408,"column":12},"end":{"line":413,"column":null}},"type":"if","locations":[{"start":{"line":408,"column":12},"end":{"line":413,"column":null}},{"start":{"line":408,"column":12},"end":{"line":413,"column":null}}]},"45":{"loc":{"start":{"line":418,"column":10},"end":{"line":425,"column":null}},"type":"if","locations":[{"start":{"line":418,"column":10},"end":{"line":425,"column":null}},{"start":{"line":418,"column":10},"end":{"line":425,"column":null}}]},"46":{"loc":{"start":{"line":420,"column":12},"end":{"line":423,"column":null}},"type":"if","locations":[{"start":{"line":420,"column":12},"end":{"line":423,"column":null}},{"start":{"line":420,"column":12},"end":{"line":423,"column":null}}]},"47":{"loc":{"start":{"line":428,"column":10},"end":{"line":435,"column":null}},"type":"if","locations":[{"start":{"line":428,"column":10},"end":{"line":435,"column":null}},{"start":{"line":428,"column":10},"end":{"line":435,"column":null}}]},"48":{"loc":{"start":{"line":430,"column":12},"end":{"line":433,"column":null}},"type":"if","locations":[{"start":{"line":430,"column":12},"end":{"line":433,"column":null}},{"start":{"line":430,"column":12},"end":{"line":433,"column":null}}]},"49":{"loc":{"start":{"line":438,"column":10},"end":{"line":445,"column":null}},"type":"if","locations":[{"start":{"line":438,"column":10},"end":{"line":445,"column":null}},{"start":{"line":438,"column":10},"end":{"line":445,"column":null}}]},"50":{"loc":{"start":{"line":440,"column":12},"end":{"line":443,"column":null}},"type":"if","locations":[{"start":{"line":440,"column":12},"end":{"line":443,"column":null}},{"start":{"line":440,"column":12},"end":{"line":443,"column":null}}]},"51":{"loc":{"start":{"line":462,"column":43},"end":{"line":462,"column":58}},"type":"cond-expr","locations":[{"start":{"line":462,"column":43},"end":{"line":462,"column":58}},{"start":{"line":462,"column":61},"end":{"line":462,"column":77}}]},"52":{"loc":{"start":{"line":463,"column":44},"end":{"line":463,"column":45}},"type":"cond-expr","locations":[{"start":{"line":463,"column":44},"end":{"line":463,"column":45}},{"start":{"line":463,"column":48},"end":{"line":463,"column":49}}]},"53":{"loc":{"start":{"line":468,"column":4},"end":{"line":471,"column":null}},"type":"if","locations":[{"start":{"line":468,"column":4},"end":{"line":471,"column":null}},{"start":{"line":468,"column":4},"end":{"line":471,"column":null}}]},"54":{"loc":{"start":{"line":473,"column":4},"end":{"line":476,"column":null}},"type":"if","locations":[{"start":{"line":473,"column":4},"end":{"line":476,"column":null}},{"start":{"line":473,"column":4},"end":{"line":476,"column":null}}]},"55":{"loc":{"start":{"line":480,"column":30},"end":{"line":480,"column":52}},"type":"cond-expr","locations":[{"start":{"line":480,"column":30},"end":{"line":480,"column":52}},{"start":{"line":480,"column":55},"end":{"line":480,"column":86}}]},"56":{"loc":{"start":{"line":496,"column":4},"end":{"line":500,"column":null}},"type":"if","locations":[{"start":{"line":496,"column":4},"end":{"line":500,"column":null}},{"start":{"line":496,"column":4},"end":{"line":500,"column":null}}]},"57":{"loc":{"start":{"line":496,"column":8},"end":{"line":496,"column":17}},"type":"binary-expr","locations":[{"start":{"line":496,"column":8},"end":{"line":496,"column":17}},{"start":{"line":496,"column":21},"end":{"line":496,"column":35}}]},"58":{"loc":{"start":{"line":503,"column":4},"end":{"line":505,"column":null}},"type":"if","locations":[{"start":{"line":503,"column":4},"end":{"line":505,"column":null}},{"start":{"line":503,"column":4},"end":{"line":505,"column":null}}]},"59":{"loc":{"start":{"line":507,"column":4},"end":{"line":509,"column":null}},"type":"if","locations":[{"start":{"line":507,"column":4},"end":{"line":509,"column":null}},{"start":{"line":507,"column":4},"end":{"line":509,"column":null}}]},"60":{"loc":{"start":{"line":524,"column":4},"end":{"line":527,"column":null}},"type":"if","locations":[{"start":{"line":524,"column":4},"end":{"line":527,"column":null}},{"start":{"line":524,"column":4},"end":{"line":527,"column":null}}]},"61":{"loc":{"start":{"line":531,"column":30},"end":{"line":531,"column":52}},"type":"cond-expr","locations":[{"start":{"line":531,"column":30},"end":{"line":531,"column":52}},{"start":{"line":531,"column":55},"end":{"line":531,"column":86}}]},"62":{"loc":{"start":{"line":537,"column":4},"end":{"line":540,"column":null}},"type":"if","locations":[{"start":{"line":537,"column":4},"end":{"line":540,"column":null}},{"start":{"line":537,"column":4},"end":{"line":540,"column":null}}]},"63":{"loc":{"start":{"line":537,"column":8},"end":{"line":537,"column":17}},"type":"binary-expr","locations":[{"start":{"line":537,"column":8},"end":{"line":537,"column":17}},{"start":{"line":537,"column":21},"end":{"line":537,"column":35}}]},"64":{"loc":{"start":{"line":550,"column":4},"end":{"line":558,"column":null}},"type":"if","locations":[{"start":{"line":550,"column":4},"end":{"line":558,"column":null}},{"start":{"line":550,"column":4},"end":{"line":558,"column":null}}]},"65":{"loc":{"start":{"line":555,"column":6},"end":{"line":555,"column":43}},"type":"if","locations":[{"start":{"line":555,"column":6},"end":{"line":555,"column":43}},{"start":{"line":555,"column":6},"end":{"line":555,"column":43}}]},"66":{"loc":{"start":{"line":581,"column":8},"end":{"line":583,"column":10}},"type":"if","locations":[{"start":{"line":581,"column":8},"end":{"line":583,"column":10}},{"start":{"line":581,"column":8},"end":{"line":583,"column":10}}]},"67":{"loc":{"start":{"line":581,"column":12},"end":{"line":581,"column":22}},"type":"binary-expr","locations":[{"start":{"line":581,"column":12},"end":{"line":581,"column":22}},{"start":{"line":581,"column":26},"end":{"line":581,"column":36}}]},"68":{"loc":{"start":{"line":585,"column":8},"end":{"line":597,"column":null}},"type":"if","locations":[{"start":{"line":585,"column":8},"end":{"line":597,"column":null}},{"start":{"line":585,"column":8},"end":{"line":597,"column":null}}]},"69":{"loc":{"start":{"line":585,"column":12},"end":{"line":585,"column":24}},"type":"binary-expr","locations":[{"start":{"line":585,"column":12},"end":{"line":585,"column":24}},{"start":{"line":585,"column":28},"end":{"line":585,"column":40}}]},"70":{"loc":{"start":{"line":588,"column":10},"end":{"line":590,"column":null}},"type":"if","locations":[{"start":{"line":588,"column":10},"end":{"line":590,"column":null}},{"start":{"line":588,"column":10},"end":{"line":590,"column":null}}]},"71":{"loc":{"start":{"line":591,"column":15},"end":{"line":597,"column":null}},"type":"if","locations":[{"start":{"line":591,"column":15},"end":{"line":597,"column":null}},{"start":{"line":591,"column":15},"end":{"line":597,"column":null}}]},"72":{"loc":{"start":{"line":594,"column":10},"end":{"line":596,"column":null}},"type":"if","locations":[{"start":{"line":594,"column":10},"end":{"line":596,"column":null}},{"start":{"line":594,"column":10},"end":{"line":596,"column":null}}]},"73":{"loc":{"start":{"line":601,"column":18},"end":{"line":601,"column":29}},"type":"binary-expr","locations":[{"start":{"line":601,"column":18},"end":{"line":601,"column":29}},{"start":{"line":601,"column":33},"end":{"line":601,"column":54}}]},"74":{"loc":{"start":{"line":606,"column":6},"end":{"line":609,"column":null}},"type":"if","locations":[{"start":{"line":606,"column":6},"end":{"line":609,"column":null}},{"start":{"line":606,"column":6},"end":{"line":609,"column":null}}]},"75":{"loc":{"start":{"line":611,"column":4},"end":{"line":621,"column":null}},"type":"if","locations":[{"start":{"line":611,"column":4},"end":{"line":621,"column":null}},{"start":{"line":611,"column":4},"end":{"line":621,"column":null}}]},"76":{"loc":{"start":{"line":616,"column":8},"end":{"line":618,"column":null}},"type":"if","locations":[{"start":{"line":616,"column":8},"end":{"line":618,"column":null}},{"start":{"line":616,"column":8},"end":{"line":618,"column":null}}]},"77":{"loc":{"start":{"line":625,"column":18},"end":{"line":625,"column":29}},"type":"binary-expr","locations":[{"start":{"line":625,"column":18},"end":{"line":625,"column":29}},{"start":{"line":625,"column":33
[...]
,"/Users/yanagida/work/torneko3js/src/lib/unit.ts": {"path":"/Users/yanagida/work/torneko3js/src/lib/unit.ts","statementMap":{"0":{"start":{"line":4,"column":0},"end":{"line":4,"column":49}},"1":{"start":{"line":6,"column":0},"end":{"line":6,"column":34}},"2":{"start":{"line":8,"column":0},"end":{"line":8,"column":13}},"3":{"start":{"line":28,"column":58},"end":{"line":28,"column":82}},"4":{"start":{"line":11,"column":2},"end":{"line":11,"column":19}},"5":{"start":{"line":12,"column":2},"end":{"line":12,"column":19}},"6":{"start":{"line":13,"column":2},"end":{"line":13,"column":19}},"7":{"start":{"line":14,"column":2},"end":{"line":14,"column":19}},"8":{"start":{"line":29,"column":4},"end":{"line":29,"column":25}},"9":{"start":{"line":30,"column":4},"end":{"line":30,"column":21}},"10":{"start":{"line":31,"column":4},"end":{"line":31,"column":55}},"11":{"start":{"line":32,"column":4},"end":{"line":32,"column":55}},"12":{"start":{"line":33,"column":4},"end":{"line":33,"column":49}},"13":{"start":{"line":34,"column":4},"end":{"line":34,"column":46}},"14":{"start":{"line":35,"column":4},"end":{"line":35,"column":70}},"15":{"start":{"line":36,"column":4},"end":{"line":36,"column":23}},"16":{"start":{"line":38,"column":19},"end":{"line":38,"column":58}},"17":{"start":{"line":39,"column":4},"end":{"line":39,"column":36}},"18":{"start":{"line":40,"column":4},"end":{"line":40,"column":26}},"19":{"start":{"line":41,"column":4},"end":{"line":41,"column":38}},"20":{"start":{"line":43,"column":4},"end":{"line":43,"column":17}},"21":{"start":{"line":44,"column":4},"end":{"line":44,"column":18}},"22":{"start":{"line":45,"column":4},"end":{"line":45,"column":18}},"23":{"start":{"line":46,"column":4},"end":{"line":46,"column":24}},"24":{"start":{"line":49,"column":2},"end":{"line":52,"column":null}},"25":{"start":{"line":50,"column":14},"end":{"line":50,"column":74}},"26":{"start":{"line":51,"column":4},"end":{"line":51,"column":19}},"27":{"start":{"line":54,"column":2},"end":{"line":69,"column":null}},"28":{"start":{"line":56,"column":14},"end":{"line":56,"column":75}},"29":{"start":{"line":58,"column":4},"end":{"line":61,"column":null}},"30":{"start":{"line":60,"column":6},"end":{"line":60,"column":35}},"31":{"start":{"line":62,"column":4},"end":{"line":65,"column":null}},"32":{"start":{"line":64,"column":6},"end":{"line":64,"column":14}},"33":{"start":{"line":67,"column":4},"end":{"line":67,"column":25}},"34":{"start":{"line":68,"column":4},"end":{"line":68,"column":19}},"35":{"start":{"line":71,"column":2},"end":{"line":93,"column":null}},"36":{"start":{"line":73,"column":14},"end":{"line":73,"column":60}},"37":{"start":{"line":75,"column":4},"end":{"line":89,"column":null}},"38":{"start":{"line":76,"column":6},"end":{"line":76,"column":17}},"39":{"start":{"line":77,"column":11},"end":{"line":89,"column":null}},"40":{"start":{"line":78,"column":6},"end":{"line":78,"column":17}},"41":{"start":{"line":79,"column":11},"end":{"line":89,"column":null}},"42":{"start":{"line":80,"column":6},"end":{"line":80,"column":17}},"43":{"start":{"line":81,"column":11},"end":{"line":89,"column":null}},"44":{"start":{"line":82,"column":6},"end":{"line":82,"column":17}},"45":{"start":{"line":83,"column":11},"end":{"line":89,"column":null}},"46":{"start":{"line":84,"column":6},"end":{"line":84,"column":17}},"47":{"start":{"line":85,"column":11},"end":{"line":89,"column":null}},"48":{"start":{"line":86,"column":6},"end":{"line":86,"column":19}},"49":{"start":{"line":87,"column":11},"end":{"line":89,"column":null}},"50":{"start":{"line":88,"column":6},"end":{"line":88,"column":14}},"51":{"start":{"line":91,"column":4},"end":{"line":91,"column":26}},"52":{"start":{"line":92,"column":4},"end":{"line":92,"column":19}},"53":{"start":{"line":95,"column":2},"end":{"line":120,"column":null}},"54":{"start":{"line":95,"column":22},"end":{"line":95,"column":null}},"55":{"start":{"line":96,"column":4},"end":{"line":99,"column":null}},"56":{"start":{"line":97,"column":6},"end":{"line":97,"column":62}},"57":{"start":{"line":98,"column":6},"end":{"line":98,"column":19}},"58":{"start":{"line":100,"column":4},"end":{"line":119,"column":null}},"59":{"start":{"line":102,"column":8},"end":{"line":104,"column":23}},"60":{"start":{"line":105,"column":6},"end":{"line":109,"column":null}},"61":{"start":{"line":106,"column":8},"end":{"line":106,"column":25}},"62":{"start":{"line":108,"column":8},"end":{"line":108,"column":28}},"63":{"start":{"line":110,"column":6},"end":{"line":112,"column":8}},"64":{"start":{"line":113,"column":6},"end":{"line":113,"column":18}},"65":{"start":{"line":115,"column":6},"end":{"line":117,"column":8}},"66":{"start":{"line":118,"column":6},"end":{"line":118,"column":19}},"67":{"start":{"line":122,"column":2},"end":{"line":137,"column":null}},"68":{"start":{"line":122,"column":2},"end":{"line":122,"column":20}},"69":{"start":{"line":123,"column":20},"end":{"line":123,"column":23}},"70":{"start":{"line":124,"column":17},"end":{"line":129,"column":5}},"71":{"start":{"line":125,"column":21},"end":{"line":126,"column":null}},"72":{"start":{"line":128,"column":6},"end":{"line":128,"column":39}},"73":{"start":{"line":130,"column":22},"end":{"line":130,"column":29}},"74":{"start":{"line":131,"column":22},"end":{"line":131,"column":39}},"75":{"start":{"line":132,"column":21},"end":{"line":132,"column":22}},"76":{"start":{"line":133,"column":4},"end":{"line":135,"column":null}},"77":{"start":{"line":133,"column":20},"end":{"line":133,"column":21}},"78":{"start":{"line":134,"column":6},"end":{"line":134,"column":41}},"79":{"start":{"line":136,"column":4},"end":{"line":136,"column":46}},"80":{"start":{"line":138,"column":0},"end":{"line":138,"column":null}},"81":{"start":{"line":8,"column":13},"end":{"line":8,"column":17}},"82":{"start":{"line":140,"column":0},"end":{"line":140,"column":null}},"83":{"start":{"line":140,"column":28},"end":{"line":140,"column":32}},"84":{"start":{"line":149,"column":4},"end":{"line":149,"column":null}},"85":{"start":{"line":142,"column":2},"end":{"line":142,"column":24}},"86":{"start":{"line":143,"column":2},"end":{"line":143,"column":32}},"87":{"start":{"line":144,"column":2},"end":{"line":144,"column":30}},"88":{"start":{"line":150,"column":4},"end":{"line":150,"column":23}},"89":{"start":{"line":151,"column":4},"end":{"line":151,"column":79}},"90":{"start":{"line":152,"column":4},"end":{"line":152,"column":72}},"91":{"start":{"line":153,"column":4},"end":{"line":158,"column":7}},"92":{"start":{"line":161,"column":2},"end":{"line":179,"column":null}},"93":{"start":{"line":161,"column":9},"end":{"line":161,"column":null}},"94":{"start":{"line":162,"column":4},"end":{"line":162,"column":24}},"95":{"start":{"line":163,"column":4},"end":{"line":163,"column":20}},"96":{"start":{"line":164,"column":4},"end":{"line":164,"column":28}},"97":{"start":{"line":165,"column":4},"end":{"line":165,"column":43}},"98":{"start":{"line":165,"column":36},"end":{"line":165,"column":43}},"99":{"start":{"line":168,"column":4},"end":{"line":178,"column":null}},"100":{"start":{"line":169,"column":22},"end":{"line":169,"column":63}},"101":{"start":{"line":170,"column":22},"end":{"line":170,"column":67}},"102":{"start":{"line":172,"column":6},"end":{"line":172,"column":19}},"103":{"start":{"line":173,"column":6},"end":{"line":173,"column":44}},"104":{"start":{"line":174,"column":6},"end":{"line":174,"column":46}},"105":{"start":{"line":175,"column":6},"end":{"line":175,"column":20}},"106":{"start":{"line":176,"column":6},"end":{"line":176,"column":20}},"107":{"start":{"line":177,"column":6},"end":{"line":177,"column":58}},"108":{"start":{"line":181,"column":2},"end":{"line":183,"column":null}},"109":{"start":{"line":182,"column":4},"end":{"line":182,"column":23}},"110":{"start":{"line":185,"column":2},"end":{"line":191,"column":null}},"111":{"start":{"line":186,"column":4},"end":{"line":186,"column":79}},"112":{"start":{"line":187,"column":4},"end":{"line":187,"column":41}},"113":{"start":{"line":188,"column":4},"end":{"line":190,"column":null}},"114":{"start":{"line":189,"column":6},"end":{"line":189,"column":26}},"115":{"start":{"line":192,"column":0},"end":{"line":192,"column":null}},"116":{"start":{"line":140,"column":13},"end":{"line":140,"column":19}},"117":{"start":{"line":194,"column":0},"end":{"line":194,"column":null}},"118":{"start":{"line":194,"column":27},"end":{"line":194,"column":31}},"119":{"start":{"line":197,"column":4},"end":{"line":197,"column":null}},"120":{"start":{"line":198,"column":4},"end":{"line":198,"column":19}},"121":{"start":{"line":200,"column":0},"end":{"line":200,"column":null}},"122":{"start":{"line":194,"column":13},"end":{"line":194,"column":18}}},"fnMap":{"0":{"name":"(anonymous_6)","decl":{"start":{"line":8,"column":0},"end":{"line":8,"column":13}},"loc":{"start":{"line":8,"column":0},"end":{"line":138,"column":null}}},"1":{"name":"Unit","decl":{"start":{"line":28,"column":2},"end":{"line":28,"column":14}},"loc":{"start":{"line":28,"column":82},"end":{"line":47,"column":3}}},"2":{"name":"(anonymous_8)","decl":{"start":{"line":49,"column":2},"end":{"line":49,"column":7}},"loc":{"start":{"line":49,"column":2},"end":{"line":52,"column":3}}},"3":{"name":"(anonymous_9)","decl":{"start":{"line":54,"column":2},"end":{"line":54,"column":8}},"loc":{"start":{"line":54,"column":2},"end":{"line":69,"column":3}}},"4":{"name":"(anonymous_10)","decl":{"start":{"line":71,"column":2},"end":{"line":71,"column":8}},"loc":{"start":{"line":71,"column":2},"end":{"line":93,"column":3}}},"5":{"name":"(anonymous_11)","decl":{"start":{"line":95,"column":2},"end":{"line":95,"column":8}},"loc":{"start":{"line":95,"column":45},"end":{"line":120,"column":3}}},"6":{"name":"(anonymous_12)","decl":{"start":{"line":122,"column":2},"end":{"line":122,"column":20}},"loc":{"start":{"line":122,"column":32},"end":{"line":137,"column":3}}},"7":{"name":"(anonymous_13)","decl":{"start":{"line":124,"column":17},"end":{"line":124,"column":18}},"loc":{"start":{"line":124,"column":30},"end":{"line":129,"column":5}}},"8":{"name":"(anonymous_14)","decl":{"start":{"line":140,"column":0},"end":{"line":140,"column":13}},"loc":{"start":{"line":140,"column":0},"end":{"line":192,"column":null}}},"9":{"name":"Friend","decl":{"start":{"line":148,"column":2},"end":{"line":148,"column":14}},"loc":{"start":{"line":148,"column":88},"end":{"line":159,"column":3}}},"10":{"name":"(anonymous_16)","decl":{"start":{"line":161,"column":2},"end":{"line":161,"column":8}},"loc":{"start":{"line":161,"column":25},"end":{"line":179,"column":3}}},"11":{"name":"(anonymous_17)","decl":{"start":{"line":181,"column":2},"end":{"line":181,"column":11}},"loc":{"start":{"line":181,"column":26},"end":{"line":183,"column":3}}},"12":{"name":"(anonymous_18)","decl":{"start":{"line":185,"column":2},"end":{"line":185,"column":17}},"loc":{"start":{"line":185,"column":2},"end":{"line":191,"column":3}}},"13":{"name":"(anonymous_19)","decl":{"start":{"line":194,"column":0},"end":{"line":194,"column":13}},"loc":{"start":{"line":194,"column":0},"end":{"line":200,"column":null}}},"14":{"name":"Enemy","decl":{"start":{"line":196,"column":2},"end":{"line":196,"column":14}},"loc":{"start":{"line":196,"column":65},"end":{"line":199,"column":3}}}},"branchMap":{"0":{"loc":{"start":{"line":31,"column":37},"end":{"line":31,"column":50}},"type":"cond-expr","locations":[{"start":{"line":31,"column":37},"end":{"line":31,"column":50}},{"start":{"line":31,"column":53},"end":{"line":31,"column":54}}]},"1":{"loc":{"start":{"line":32,"column":37},"end":{"line":32,"column":50}},"type":"cond-expr","locations":[{"start":{"line":32,"column":37},"end":{"line":32,"column":50}},{"start":{"line":32,"column":53},"end":{"line":32,"column":54}}]},"2":{"loc":{"start":{"line":33,"column":33},"end":{"line":33,"column":44}},"type":"cond-expr","locations":[{"start":{"line":33,"column":33},"end":{"line":33,"column":44}},{"start":{"line":33,"column":47},"end":{"line":33,"column":48}}]},"3":{"loc":{"start":{"line":34,"column":31},"end":{"line":34,"column":41}},"type":"cond-expr","locations":[{"start":{"line":34,"column":31},"end":{"line":34,"column":41}},{"start":{"line":34,"column":44},"end":{"line":34,"column":45}}]},"4":{"loc":{"start":{"line":35,"column":49},"end":{"line":35,"column":61}},"type":"cond-expr","locations":[{"start":{"line":35,"column":49},"end":{"line":35,"column":61}},{"start":{"line":35,"column":64},"end":{"line":35,"column":69}}]},"5":{"loc":{"start":{"line":58,"column":4},"end":{"line":61,"column":null}},"type":"if","locations":[{"start":{"line":58,"column":4},"end":{"line":61,"column":null}},{"start":{"line":58,"column":4},"end":{"line":61,"column":null}}]},"6":{"loc":{"start":{"line":62,"column":4},"end":{"line":65,"column":null}},"type":"if","locations":[{"start":{"line":62,"column":4},"end":{"line":65,"column":null}},{"start":{"line":62,"column":4},"end":{"line":65,"column":null}}]},"7":{"loc":{"start":{"line":75,"column":4},"end":{"line":89,"column":null}},"type":"if","locations":[{"start":{"line":75,"column":4},"end":{"line":89,"column":null}},{"start":{"line":75,"column":4},"end":{"line":89,"column":null}}]},"8":{"loc":{"start":{"line":77,"column":11},"end":{"line":89,"column":null}},"type":"if","locations":[{"start":{"line":77,"column":11},"end":{"line":89,"column":null}},{"start":{"line":77,"column":11},"end":{"line":89,"column":null}}]},"9":{"loc":{"start":{"line":79,"column":11},"end":{"line":89,"column":null}},"type":"if","locations":[{"start":{"line":79,"column":11},"end":{"line":89,"column":null}},{"start":{"line":79,"column":11},"end":{"line":89,"column":null}}]},"10":{"loc":{"start":{"line":81,"column":11},"end":{"line":89,"column":null}},"type":"if","locations":[{"start":{"line":81,"column":11},"end":{"line":89,"column":null}},{"start":{"line":81,"column":11},"end":{"line":89,"column":null}}]},"11":{"loc":{"start":{"line":83,"column":11},"end":{"line":89,"column":null}},"type":"if","locations":[{"start":{"line":83,"column":11},"end":{"line":89,"column":null}},{"start":{"line":83,"column":11},"end":{"line":89,"column":null}}]},"12":{"loc":{"start":{"line":85,"column":11},"end":{"line":89,"column":null}},"type":"if","locations":[{"start":{"line":85,"column":11},"end":{"line":89,"column":null}},{"start":{"line":85,"column":11},"end":{"line":89,"column":null}}]},"13":{"loc":{"start":{"line":87,"column":11},"end":{"line":89,"column":null}},"type":"if","locations":[{"start":{"line":87,"column":11},"end":{"line":89,"column":null}},{"start":{"line":87,"column":11},"end":{"line":89,"column":null}}]},"14":{"loc":{"start":{"line":95,"column":22},"end":{"line":95,"column":null}},"type":"if","locations":[{"start":{"line":95,"column":22},"end":{"line":95,"column":null}},{"start":{"line":95,"column":22},"end":{"line":95,"column":null}}]},"15":{"loc":{"start":{"line":96,"column":4},"end":{"line":99,"column":null}},"type":"if","locations":[{"start":{"line":96,"column":4},"end":{"line":99,"column":null}},{"start":{"line":96,"column":4},"end":{"line":99,"column":null}}]},"16":{"loc":{"start":{"line":100,"column":4},"end":{"line":119,"column":null}},"type":"if","locations":[{"start":{"line":100,"column":4},"end":{"line":119,"column":null}},{"start":{"line":100,"column":4},"end":{"line":119,"column":null}}]},"17":{"loc":{"start":{"line":103,"column":12},"end":{"line":103,"column":99}},"type":"cond-expr","locations":[{"start":{"line":103,"column":12},"end":{"line":103,"column":99}},{"start":{"line":104,"column":12},"end":{"line":104,"column":23}}]},"18":{"loc":{"start":{"line":105,"column":6},"end":{"line":109,"column":null}},"type":"if","locations":[{"start":{"line":105,"column":6},"end":{"line":109,"column":null}},{"start":{"line":105,"column":6},"end":{"line":109,"column":null}}]},"19":{"loc":{"start":{"line":128,"column":28},"end":{"line":128,"column":29}},"type":"cond-expr","locations":[{"start":{"line":128,"column":28},"end":{"line":128,"column":29}},{"start":{"line":128,"column":32},"end":{"line":128,"column":38}}]},"20":{"loc":{"start":{"line":149,"column":4},"end":{"line":149,"column":28}},"type":"binary-expr","locations":[{"start":{"line":149,"column":4},"end":{"line":149,"column":28}},{"start":{"line":149,"column":28},"end":{"line":149,"column":null}}]},"21":{"loc":{"start":{"line":151,"column":55},"end":{"line":151,"column":70}},"type":"cond-expr","locations":[{"start":{"line":151,"column":55},"end":{"line":151,"column":70}},{"start":{"line":151,"column":73},"end":{"line":151,"column":78}}]},"22":{"loc":{"start":{"line":152,"column":51},"end":{"line":152,"column":64}},"type":"cond-expr","locations":[{"start":{"line":152,"column":51},"end":{"line":152,"column":64}},{"start":{"line":152,"column":67},"end":{"line":152,"column":71}}]},"23":{"loc":{"start":{"line":161,"column":9},"end":{"line":161,"column":null}},"type":"if","locations":[{"start":{"line":161,"column":9},"end":{"line":161,"column":null}},{"start":{"line":161,"column":9},"end":{"line":161,"column":null}}]},"24":{"loc":{"start":{"line":165,"column":4},"end":{"line":165,"column":43}},"type":"if","locations":[{"start":{"line":165,"column":4},"end":{"line":165,"column":43}},{"start":{"line":165,"column":4},"end":{"line":165,"column":43}}]},"25":{"loc":{"start":{"line":188,"column":4},"end":{"line":190,"column":null}},"type":"if","locations":[{"start":{"line":188,"column":4},"end":{"line":190,"column":null}},{"start":{"line":188,"column":4},"end":{"line":190,"column":null}}]},"26":{"loc":{"start":{"line":197,"column":4},"end":{"line":197,"column":51}},"type":"binary-expr","locations":[{"start":{"line":197,"column":4},"end":{"line":197,"column":51}},{"start":{"line":197,"column":51},"end":{"line":197,"column":null}}]}},"s":{"0":3,"1":3,"2":3,"3":486,"4":486,"5":486,"6":486,"7":486,"8":486,"9":486,"10":486,"11":486,"12":486,"13":486,"14":486,"15":486,"16":486,"17":486,"18":486,"19":486,"20":486,"21":486,"22":486,"23":486,"24":3,"25":486,"26":486,"27":3,"28":487,"29":487,"30":23,"31":487,"32":1,"33":487,"34":487,"35":3,"36":492,"37":492,"38":1,"39":491,"40":1,"41":490,"42":1,"43":489,"44":1,"45":488,"46":1,"47":487,"48":1,"49":486,"50":0,"51":492,"52":492,"53":3,"54":97777,"55":79684,"56":1,"57":1,"58":79683,"59":203,"60":203,"61":1,"62":202,"63":203,"64":203,"65":79480,"66":79480,"67":3,"68":2,"69":2,"70":2,"71":516,"72":516,"73":2,"74":2,"75":2,"76":2,"77":2,"78":512,"79":2,"80":3,"81":3,"82":3,"83":3,"84":262,"85":262,"86":262,"87":262,"88":262,"89":262,"90":262,"91":262,"92":3,"93":207,"94":104,"95":104,"96":104,"97":104,"98":101,"99":3,"100":1,"101":1,"102":1,"103":1,"104":1,"105":1,"106":1,"107":1,"108":3,"109":3,"110":3,"111":106709,"112":106709,"113":106709,"114":106607,"115":3,"116":3,"117":3,"118":3,"119":224,"120":224,"121":3,"122":3},"f":{"0":3,"1":486,"2":486,"3":487,"4":492,"5":79684,"6":2,"7":516,"8":3,"9":262,"10":104,"11":3,"12":106709,"13":3,"14":224},"b":{"0":[23,463],"1":[1,485],"2":[1,485],"3":[1,485],"4":[1,485],"5":[23,464],"6":[1,486],"7":[1,491],"8":[1,490],"9":[1,489],"10":[1,488],"11":[1,487],"12":[1,486],"13":[0,486],"14":[18093,61591],"15":[1,79683],"16":[203,79480],"17":[202,1],"18":[1,202],"19":[258,258],"20":[262,262],"21":[20,242],"22":[1,261],"23":[103,1],"24":[101,3],"25":[106607,102],"26":[224,224]}}
}
