{"/Users/yanagida/work/torneko3js/src/actionOrder.ts": {"path":"/Users/yanagida/work/torneko3js/src/actionOrder.ts","statementMap":{"0":{"start":{"line":6,"column":18},"end":{"line":12,"column":1}},"1":{"start":{"line":7,"column":2},"end":{"line":11,"column":null}},"2":{"start":{"line":8,"column":4},"end":{"line":8,"column":18}},"3":{"start":{"line":10,"column":4},"end":{"line":10,"column":16}},"4":{"start":{"line":14,"column":13},"end":{"line":42,"column":null}},"5":{"start":{"line":15,"column":22},"end":{"line":15,"column":24}},"6":{"start":{"line":16,"column":2},"end":{"line":22,"column":null}},"7":{"start":{"line":16,"column":16},"end":{"line":16,"column":20}},"8":{"start":{"line":17,"column":4},"end":{"line":21,"column":null}},"9":{"start":{"line":17,"column":18},"end":{"line":17,"column":22}},"10":{"start":{"line":18,"column":6},"end":{"line":20,"column":null}},"11":{"start":{"line":19,"column":8},"end":{"line":19,"column":null}},"12":{"start":{"line":24,"column":2},"end":{"line":41,"column":5}},"13":{"start":{"line":25,"column":16},"end":{"line":25,"column":33}},"14":{"start":{"line":26,"column":16},"end":{"line":26,"column":33}},"15":{"start":{"line":27,"column":4},"end":{"line":29,"column":null}},"16":{"start":{"line":28,"column":6},"end":{"line":28,"column":null}},"17":{"start":{"line":30,"column":4},"end":{"line":32,"column":null}},"18":{"start":{"line":31,"column":6},"end":{"line":31,"column":null}},"19":{"start":{"line":33,"column":4},"end":{"line":39,"column":null}},"20":{"start":{"line":34,"column":6},"end":{"line":38,"column":null}},"21":{"start":{"line":35,"column":8},"end":{"line":35,"column":17}},"22":{"start":{"line":36,"column":13},"end":{"line":38,"column":null}},"23":{"start":{"line":37,"column":8},"end":{"line":37,"column":18}},"24":{"start":{"line":40,"column":4},"end":{"line":40,"column":13}},"25":{"start":{"line":44,"column":13},"end":{"line":59,"column":null}},"26":{"start":{"line":45,"column":15},"end":{"line":45,"column":35}},"27":{"start":{"line":46,"column":12},"end":{"line":46,"column":14}},"28":{"start":{"line":49,"column":20},"end":{"line":49,"column":71}},"29":{"start":{"line":49,"column":40},"end":{"line":49,"column":71}},"30":{"start":{"line":50,"column":6},"end":{"line":54,"column":null}},"31":{"start":{"line":51,"column":8},"end":{"line":51,"column":19}},"32":{"start":{"line":53,"column":8},"end":{"line":53,"column":32}},"33":{"start":{"line":48,"column":4},"end":{"line":55,"column":null}},"34":{"start":{"line":48,"column":18},"end":{"line":48,"column":22}},"35":{"start":{"line":48,"column":12},"end":{"line":48,"column":18}},"36":{"start":{"line":56,"column":4},"end":{"line":56,"column":16}},"37":{"start":{"line":47,"column":2},"end":{"line":57,"column":null}},"38":{"start":{"line":47,"column":16},"end":{"line":47,"column":20}},"39":{"start":{"line":47,"column":10},"end":{"line":47,"column":16}},"40":{"start":{"line":58,"column":2},"end":{"line":58,"column":13}},"41":{"start":{"line":62,"column":28},"end":{"line":146,"column":2}},"42":{"start":{"line":154,"column":13},"end":{"line":173,"column":null}},"43":{"start":{"line":155,"column":2},"end":{"line":172,"column":5}},"44":{"start":{"line":156,"column":19},"end":{"line":156,"column":107}},"45":{"start":{"line":156,"column":54},"end":{"line":156,"column":107}},"46":{"start":{"line":157,"column":19},"end":{"line":157,"column":107}},"47":{"start":{"line":157,"column":54},"end":{"line":157,"column":107}},"48":{"start":{"line":159,"column":4},"end":{"line":161,"column":null}},"49":{"start":{"line":160,"column":6},"end":{"line":160,"column":54}},"50":{"start":{"line":162,"column":4},"end":{"line":164,"column":null}},"51":{"start":{"line":163,"column":6},"end":{"line":163,"column":54}},"52":{"start":{"line":166,"column":4},"end":{"line":170,"column":null}},"53":{"start":{"line":167,"column":6},"end":{"line":167,"column":15}},"54":{"start":{"line":168,"column":11},"end":{"line":170,"column":null}},"55":{"start":{"line":169,"column":6},"end":{"line":169,"column":16}},"56":{"start":{"line":171,"column":4},"end":{"line":171,"column":13}}},"fnMap":{"0":{"name":"(anonymous_0)","decl":{"start":{"line":6,"column":18},"end":{"line":6,"column":19}},"loc":{"start":{"line":6,"column":30},"end":{"line":12,"column":1}}},"1":{"name":"(anonymous_1)","decl":{"start":{"line":14,"column":31},"end":{"line":14,"column":32}},"loc":{"start":{"line":14,"column":43},"end":{"line":42,"column":1}}},"2":{"name":"(anonymous_2)","decl":{"start":{"line":24,"column":19},"end":{"line":24,"column":20}},"loc":{"start":{"line":24,"column":40},"end":{"line":41,"column":3}}},"3":{"name":"(anonymous_3)","decl":{"start":{"line":44,"column":22},"end":{"line":44,"column":23}},"loc":{"start":{"line":44,"column":34},"end":{"line":59,"column":1}}},"4":{"name":"(anonymous_6)","decl":{"start":{"line":49,"column":35},"end":{"line":49,"column":36}},"loc":{"start":{"line":49,"column":36},"end":{"line":49,"column":41}}},"5":{"name":"(anonymous_7)","decl":{"start":{"line":154,"column":24},"end":{"line":154,"column":25}},"loc":{"start":{"line":154,"column":42},"end":{"line":173,"column":1}}},"6":{"name":"(anonymous_8)","decl":{"start":{"line":155,"column":18},"end":{"line":155,"column":19}},"loc":{"start":{"line":155,"column":53},"end":{"line":172,"column":3}}},"7":{"name":"(anonymous_9)","decl":{"start":{"line":156,"column":40},"end":{"line":156,"column":41}},"loc":{"start":{"line":156,"column":49},"end":{"line":156,"column":55}}},"8":{"name":"(anonymous_10)","decl":{"start":{"line":157,"column":40},"end":{"line":157,"column":41}},"loc":{"start":{"line":157,"column":49},"end":{"line":157,"column":55}}}},"branchMap":{"0":{"loc":{"start":{"line":7,"column":2},"end":{"line":11,"column":null}},"type":"if","locations":[{"start":{"line":7,"column":2},"end":{"line":11,"column":null}},{"start":{"line":7,"column":2},"end":{"line":11,"column":null}}]},"1":{"loc":{"start":{"line":18,"column":6},"end":{"line":20,"column":null}},"type":"if","locations":[{"start":{"line":18,"column":6},"end":{"line":20,"column":null}},{"start":{"line":18,"column":6},"end":{"line":20,"column":null}}]},"2":{"loc":{"start":{"line":27,"column":4},"end":{"line":29,"column":null}},"type":"if","locations":[{"start":{"line":27,"column":4},"end":{"line":29,"column":null}},{"start":{"line":27,"column":4},"end":{"line":29,"column":null}}]},"3":{"loc":{"start":{"line":30,"column":4},"end":{"line":32,"column":null}},"type":"if","locations":[{"start":{"line":30,"column":4},"end":{"line":32,"column":null}},{"start":{"line":30,"column":4},"end":{"line":32,"column":null}}]},"4":{"loc":{"start":{"line":33,"column":4},"end":{"line":39,"column":null}},"type":"if","locations":[{"start":{"line":33,"column":4},"end":{"line":39,"column":null}},{"start":{"line":33,"column":4},"end":{"line":39,"column":null}}]},"5":{"loc":{"start":{"line":34,"column":6},"end":{"line":38,"column":null}},"type":"if","locations":[{"start":{"line":34,"column":6},"end":{"line":38,"column":null}},{"start":{"line":34,"column":6},"end":{"line":38,"column":null}}]},"6":{"loc":{"start":{"line":36,"column":13},"end":{"line":38,"column":null}},"type":"if","locations":[{"start":{"line":36,"column":13},"end":{"line":38,"column":null}},{"start":{"line":36,"column":13},"end":{"line":38,"column":null}}]},"7":{"loc":{"start":{"line":49,"column":40},"end":{"line":49,"column":53}},"type":"binary-expr","locations":[{"start":{"line":49,"column":40},"end":{"line":49,"column":53}},{"start":{"line":49,"column":57},"end":{"line":49,"column":70}}]},"8":{"loc":{"start":{"line":50,"column":6},"end":{"line":54,"column":null}},"type":"if","locations":[{"start":{"line":50,"column":6},"end":{"line":54,"column":null}},{"start":{"line":50,"column":6},"end":{"line":54,"column":null}}]},"9":{"loc":{"start":{"line":156,"column":54},"end":{"line":156,"column":78}},"type":"binary-expr","locations":[{"start":{"line":156,"column":54},"end":{"line":156,"column":78}},{"start":{"line":156,"column":82},"end":{"line":156,"column":106}}]},"10":{"loc":{"start":{"line":157,"column":54},"end":{"line":157,"column":78}},"type":"binary-expr","locations":[{"start":{"line":157,"column":54},"end":{"line":157,"column":78}},{"start":{"line":157,"column":82},"end":{"line":157,"column":106}}]},"11":{"loc":{"start":{"line":159,"column":4},"end":{"line":161,"column":null}},"type":"if","locations":[{"start":{"line":159,"column":4},"end":{"line":161,"column":null}},{"start":{"line":159,"column":4},"end":{"line":161,"column":null}}]},"12":{"loc":{"start":{"line":162,"column":4},"end":{"line":164,"column":null}},"type":"if","locations":[{"start":{"line":162,"column":4},"end":{"line":164,"column":null}},{"start":{"line":162,"column":4},"end":{"line":164,"column":null}}]},"13":{"loc":{"start":{"line":166,"column":4},"end":{"line":170,"column":null}},"type":"if","locations":[{"start":{"line":166,"column":4},"end":{"line":170,"column":null}},{"start":{"line":166,"column":4},"end":{"line":170,"column":null}}]},"14":{"loc":{"start":{"line":168,"column":11},"end":{"line":170,"column":null}},"type":"if","locations":[{"start":{"line":168,"column":11},"end":{"line":170,"column":null}},{"start":{"line":168,"column":11},"end":{"line":170,"column":null}}]}},"s":{"0":1,"1":12,"2":2,"3":10,"4":1,"5":2,"6":2,"7":2,"8":6,"9":6,"10":18,"11":8,"12":2,"13":6,"14":6,"15":6,"16":0,"17":6,"18":4,"19":2,"20":2,"21":2,"22":0,"23":0,"24":0,"25":1,"26":1,"27":1,"28":9,"29":30,"30":9,"31":5,"32":4,"33":3,"34":3,"35":9,"36":3,"37":1,"38":1,"39":3,"40":1,"41":1,"42":1,"43":1,"44":3,"45":181,"46":3,"47":9,"48":3,"49":0,"50":3,"51":0,"52":3,"53":2,"54":1,"55":1,"56":0},"f":{"0":12,"1":2,"2":6,"3":1,"4":30,"5":1,"6":3,"7":181,"8":9},"b":{"0":[2,10],"1":[8,10],"2":[0,6],"3":[4,2],"4":[2,0],"5":[2,0],"6":[0,0],"7":[30,11],"8":[5,4],"9":[181,13],"10":[9,5],"11":[0,3],"12":[0,3],"13":[2,1],"14":[1,0]}}
,"/Users/yanagida/work/torneko3js/src/checkInp.ts": {"path":"/Users/yanagida/work/torneko3js/src/checkInp.ts","statementMap":{"0":{"start":{"line":6,"column":17},"end":{"line":33,"column":1}},"1":{"start":{"line":8,"column":2},"end":{"line":10,"column":null}},"2":{"start":{"line":9,"column":4},"end":{"line":9,"column":49}},"3":{"start":{"line":11,"column":2},"end":{"line":13,"column":null}},"4":{"start":{"line":11,"column":18},"end":{"line":11,"column":31}},"5":{"start":{"line":11,"column":29},"end":{"line":11,"column":31}},"6":{"start":{"line":11,"column":14},"end":{"line":11,"column":18}},"7":{"start":{"line":12,"column":4},"end":{"line":12,"column":19}},"8":{"start":{"line":16,"column":8},"end":{"line":16,"column":9}},"9":{"start":{"line":16,"column":9},"end":{"line":16,"column":12}},"10":{"start":{"line":16,"column":14},"end":{"line":16,"column":17}},"11":{"start":{"line":16,"column":19},"end":{"line":16,"column":36}},"12":{"start":{"line":17,"column":2},"end":{"line":19,"column":null}},"13":{"start":{"line":18,"column":4},"end":{"line":18,"column":76}},"14":{"start":{"line":20,"column":22},"end":{"line":20,"column":71}},"15":{"start":{"line":21,"column":2},"end":{"line":25,"column":null}},"16":{"start":{"line":21,"column":18},"end":{"line":21,"column":24}},"17":{"start":{"line":21,"column":22},"end":{"line":21,"column":24}},"18":{"start":{"line":21,"column":14},"end":{"line":21,"column":18}},"19":{"start":{"line":22,"column":4},"end":{"line":24,"column":null}},"20":{"start":{"line":23,"column":6},"end":{"line":23,"column":53}},"21":{"start":{"line":28,"column":8},"end":{"line":28,"column":10}},"22":{"start":{"line":28,"column":10},"end":{"line":28,"column":14}},"23":{"start":{"line":28,"column":16},"end":{"line":28,"column":36}},"24":{"start":{"line":29,"column":2},"end":{"line":29,"column":73}},"25":{"start":{"line":29,"column":32},"end":{"line":29,"column":73}},"26":{"start":{"line":30,"column":2},"end":{"line":30,"column":60}},"27":{"start":{"line":30,"column":18},"end":{"line":30,"column":60}},"28":{"start":{"line":31,"column":2},"end":{"line":31,"column":71}},"29":{"start":{"line":31,"column":31},"end":{"line":31,"column":71}},"30":{"start":{"line":32,"column":2},"end":{"line":32,"column":58}},"31":{"start":{"line":32,"column":17},"end":{"line":32,"column":58}},"32":{"start":{"line":35,"column":20},"end":{"line":60,"column":1}},"33":{"start":{"line":36,"column":2},"end":{"line":38,"column":null}},"34":{"start":{"line":37,"column":4},"end":{"line":37,"column":44}},"35":{"start":{"line":39,"column":2},"end":{"line":41,"column":null}},"36":{"start":{"line":40,"column":4},"end":{"line":40,"column":42}},"37":{"start":{"line":42,"column":2},"end":{"line":44,"column":null}},"38":{"start":{"line":43,"column":4},"end":{"line":43,"column":24}},"39":{"start":{"line":45,"column":2},"end":{"line":47,"column":null}},"40":{"start":{"line":46,"column":4},"end":{"line":46,"column":60}},"41":{"start":{"line":48,"column":2},"end":{"line":50,"column":null}},"42":{"start":{"line":49,"column":4},"end":{"line":49,"column":61}},"43":{"start":{"line":51,"column":2},"end":{"line":53,"column":null}},"44":{"start":{"line":52,"column":4},"end":{"line":52,"column":73}},"45":{"start":{"line":54,"column":2},"end":{"line":56,"column":null}},"46":{"start":{"line":55,"column":4},"end":{"line":55,"column":67}},"47":{"start":{"line":57,"column":2},"end":{"line":59,"column":null}},"48":{"start":{"line":58,"column":4},"end":{"line":58,"column":59}},"49":{"start":{"line":62,"column":0},"end":{"line":62,"column":24}}},"fnMap":{"0":{"name":"(anonymous_2)","decl":{"start":{"line":6,"column":17},"end":{"line":6,"column":18}},"loc":{"start":{"line":6,"column":31},"end":{"line":33,"column":1}}},"1":{"name":"(anonymous_3)","decl":{"start":{"line":35,"column":20},"end":{"line":35,"column":21}},"loc":{"start":{"line":35,"column":38},"end":{"line":60,"column":1}}}},"branchMap":{"0":{"loc":{"start":{"line":8,"column":2},"end":{"line":10,"column":null}},"type":"if","locations":[{"start":{"line":8,"column":2},"end":{"line":10,"column":null}},{"start":{"line":8,"column":2},"end":{"line":10,"column":null}}]},"1":{"loc":{"start":{"line":17,"column":2},"end":{"line":19,"column":null}},"type":"if","locations":[{"start":{"line":17,"column":2},"end":{"line":19,"column":null}},{"start":{"line":17,"column":2},"end":{"line":19,"column":null}}]},"2":{"loc":{"start":{"line":22,"column":4},"end":{"line":24,"column":null}},"type":"if","locations":[{"start":{"line":22,"column":4},"end":{"line":24,"column":null}},{"start":{"line":22,"column":4},"end":{"line":24,"column":null}}]},"3":{"loc":{"start":{"line":29,"column":2},"end":{"line":29,"column":73}},"type":"if","locations":[{"start":{"line":29,"column":2},"end":{"line":29,"column":73}},{"start":{"line":29,"column":2},"end":{"line":29,"column":73}}]},"4":{"loc":{"start":{"line":30,"column":2},"end":{"line":30,"column":60}},"type":"if","locations":[{"start":{"line":30,"column":2},"end":{"line":30,"column":60}},{"start":{"line":30,"column":2},"end":{"line":30,"column":60}}]},"5":{"loc":{"start":{"line":31,"column":2},"end":{"line":31,"column":71}},"type":"if","locations":[{"start":{"line":31,"column":2},"end":{"line":31,"column":71}},{"start":{"line":31,"column":2},"end":{"line":31,"column":71}}]},"6":{"loc":{"start":{"line":32,"column":2},"end":{"line":32,"column":58}},"type":"if","locations":[{"start":{"line":32,"column":2},"end":{"line":32,"column":58}},{"start":{"line":32,"column":2},"end":{"line":32,"column":58}}]},"7":{"loc":{"start":{"line":36,"column":2},"end":{"line":38,"column":null}},"type":"if","locations":[{"start":{"line":36,"column":2},"end":{"line":38,"column":null}},{"start":{"line":36,"column":2},"end":{"line":38,"column":null}}]},"8":{"loc":{"start":{"line":39,"column":2},"end":{"line":41,"column":null}},"type":"if","locations":[{"start":{"line":39,"column":2},"end":{"line":41,"column":null}},{"start":{"line":39,"column":2},"end":{"line":41,"column":null}}]},"9":{"loc":{"start":{"line":42,"column":2},"end":{"line":44,"column":null}},"type":"if","locations":[{"start":{"line":42,"column":2},"end":{"line":44,"column":null}},{"start":{"line":42,"column":2},"end":{"line":44,"column":null}}]},"10":{"loc":{"start":{"line":45,"column":2},"end":{"line":47,"column":null}},"type":"if","locations":[{"start":{"line":45,"column":2},"end":{"line":47,"column":null}},{"start":{"line":45,"column":2},"end":{"line":47,"column":null}}]},"11":{"loc":{"start":{"line":45,"column":6},"end":{"line":45,"column":14}},"type":"binary-expr","locations":[{"start":{"line":45,"column":6},"end":{"line":45,"column":14}},{"start":{"line":45,"column":19},"end":{"line":45,"column":46}},{"start":{"line":45,"column":50},"end":{"line":45,"column":62}}]},"12":{"loc":{"start":{"line":48,"column":2},"end":{"line":50,"column":null}},"type":"if","locations":[{"start":{"line":48,"column":2},"end":{"line":50,"column":null}},{"start":{"line":48,"column":2},"end":{"line":50,"column":null}}]},"13":{"loc":{"start":{"line":48,"column":6},"end":{"line":48,"column":15}},"type":"binary-expr","locations":[{"start":{"line":48,"column":6},"end":{"line":48,"column":15}},{"start":{"line":48,"column":20},"end":{"line":48,"column":48}},{"start":{"line":48,"column":52},"end":{"line":48,"column":65}}]},"14":{"loc":{"start":{"line":51,"column":2},"end":{"line":53,"column":null}},"type":"if","locations":[{"start":{"line":51,"column":2},"end":{"line":53,"column":null}},{"start":{"line":51,"column":2},"end":{"line":53,"column":null}}]},"15":{"loc":{"start":{"line":51,"column":6},"end":{"line":51,"column":17}},"type":"binary-expr","locations":[{"start":{"line":51,"column":6},"end":{"line":51,"column":17}},{"start":{"line":51,"column":21},"end":{"line":51,"column":74}}]},"16":{"loc":{"start":{"line":54,"column":2},"end":{"line":56,"column":null}},"type":"if","locations":[{"start":{"line":54,"column":2},"end":{"line":56,"column":null}},{"start":{"line":54,"column":2},"end":{"line":56,"column":null}}]},"17":{"loc":{"start":{"line":54,"column":6},"end":{"line":54,"column":17}},"type":"binary-expr","locations":[{"start":{"line":54,"column":6},"end":{"line":54,"column":17}},{"start":{"line":54,"column":21},"end":{"line":54,"column":74}}]},"18":{"loc":{"start":{"line":57,"column":2},"end":{"line":59,"column":null}},"type":"if","locations":[{"start":{"line":57,"column":2},"end":{"line":59,"column":null}},{"start":{"line":57,"column":2},"end":{"line":59,"column":null}}]},"19":{"loc":{"start":{"line":57,"column":6},"end":{"line":57,"column":31}},"type":"binary-expr","locations":[{"start":{"line":57,"column":6},"end":{"line":57,"column":31}},{"start":{"line":57,"column":35},"end":{"line":57,"column":46}},{"start":{"line":57,"column":50},"end":{"line":57,"column":70}}]}},"s":{"0":1,"1":2,"2":2,"3":0,"4":0,"5":0,"6":0,"7":0,"8":0,"9":0,"10":0,"11":0,"12":0,"13":0,"14":0,"15":0,"16":0,"17":0,"18":0,"19":0,"20":0,"21":0,"22":0,"23":0,"24":0,"25":0,"26":0,"27":0,"28":0,"29":0,"30":0,"31":0,"32":1,"33":0,"34":0,"35":0,"36":0,"37":0,"38":0,"39":0,"40":0,"41":0,"42":0,"43":0,"44":0,"45":0,"46":0,"47":0,"48":0,"49":1},"f":{"0":2,"1":0},"b":{"0":[2,0],"1":[0,0],"2":[0,0],"3":[0,0],"4":[0,0],"5":[0,0],"6":[0,0],"7":[0,0],"8":[0,0],"9":[0,0],"10":[0,0],"11":[0,0,0],"12":[0,0],"13":[0,0,0],"14":[0,0],"15":[0,0],"16":[0,0],"17":[0,0],"18":[0,0],"19":[0,0,0]}}
,"/Users/yanagida/work/torneko3js/src/config.ts": {"path":"/Users/yanagida/work/torneko3js/src/config.ts","statementMap":{"0":{"start":{"line":1,"column":13},"end":{"line":79,"column":null}},"1":{"start":{"line":82,"column":13},"end":{"line":92,"column":2}},"2":{"start":{"line":93,"column":13},"end":{"line":97,"column":2}},"3":{"start":{"line":98,"column":13},"end":{"line":98,"column":104}}},"fnMap":{},"branchMap":{},"s":{"0":1,"1":1,"2":1,"3":1},"f":{},"b":{}}
,"/Users/yanagida/work/torneko3js/src/mathFunctions.ts": {"path":"/Users/yanagida/work/torneko3js/src/mathFunctions.ts","statementMap":{"0":{"start":{"line":5,"column":13},"end":{"line":9,"column":2}},"1":{"start":{"line":6,"column":2},"end":{"line":8,"column":5}},"2":{"start":{"line":7,"column":4},"end":{"line":7,"column":24}},"3":{"start":{"line":11,"column":13},"end":{"line":13,"column":null}},"4":{"start":{"line":12,"column":2},"end":{"line":12,"column":29}},"5":{"start":{"line":15,"column":13},"end":{"line":21,"column":null}},"6":{"start":{"line":16,"column":20},"end":{"line":16,"column":29}},"7":{"start":{"line":17,"column":19},"end":{"line":19,"column":15}},"8":{"start":{"line":17,"column":38},"end":{"line":17,"column":53}},"9":{"start":{"line":18,"column":4},"end":{"line":18,"column":24}},"10":{"start":{"line":20,"column":2},"end":{"line":20,"column":29}},"11":{"start":{"line":28,"column":13},"end":{"line":39,"column":null}},"12":{"start":{"line":29,"column":23},"end":{"line":29,"column":25}},"13":{"start":{"line":30,"column":23},"end":{"line":30,"column":25}},"14":{"start":{"line":32,"column":4},"end":{"line":32,"column":49}},"15":{"start":{"line":32,"column":35},"end":{"line":32,"column":46}},"16":{"start":{"line":33,"column":4},"end":{"line":33,"column":48}},"17":{"start":{"line":33,"column":34},"end":{"line":33,"column":45}},"18":{"start":{"line":31,"column":2},"end":{"line":34,"column":null}},"19":{"start":{"line":31,"column":18},"end":{"line":31,"column":19}},"20":{"start":{"line":31,"column":10},"end":{"line":31,"column":18}},"21":{"start":{"line":35,"column":2},"end":{"line":38,"column":null}}},"fnMap":{"0":{"name":"(anonymous_0)","decl":{"start":{"line":5,"column":20},"end":{"line":5,"column":21}},"loc":{"start":{"line":5,"column":34},"end":{"line":9,"column":1}}},"1":{"name":"(anonymous_1)","decl":{"start":{"line":6,"column":20},"end":{"line":6,"column":21}},"loc":{"start":{"line":6,"column":34},"end":{"line":8,"column":3}}},"2":{"name":"(anonymous_2)","decl":{"start":{"line":11,"column":20},"end":{"line":11,"column":21}},"loc":{"start":{"line":11,"column":34},"end":{"line":13,"column":1}}},"3":{"name":"(anonymous_3)","decl":{"start":{"line":15,"column":19},"end":{"line":15,"column":20}},"loc":{"start":{"line":15,"column":33},"end":{"line":21,"column":1}}},"4":{"name":"(anonymous_4)","decl":{"start":{"line":17,"column":27},"end":{"line":17,"column":34}},"loc":{"start":{"line":17,"column":34},"end":{"line":17,"column":39}}},"5":{"name":"(anonymous_5)","decl":{"start":{"line":17,"column":61},"end":{"line":17,"column":62}},"loc":{"start":{"line":17,"column":75},"end":{"line":19,"column":3}}},"6":{"name":"(anonymous_6)","decl":{"start":{"line":28,"column":38},"end":{"line":28,"column":39}},"loc":{"start":{"line":28,"column":55},"end":{"line":39,"column":1}}},"7":{"name":"(anonymous_8)","decl":{"start":{"line":32,"column":28},"end":{"line":32,"column":31}},"loc":{"start":{"line":32,"column":31},"end":{"line":32,"column":38}}},"8":{"name":"(anonymous_9)","decl":{"start":{"line":33,"column":27},"end":{"line":33,"column":30}},"loc":{"start":{"line":33,"column":30},"end":{"line":33,"column":37}}}},"branchMap":{},"s":{"0":1,"1":11,"2":17,"3":1,"4":10,"5":1,"6":5,"7":5,"8":12,"9":7,"10":5,"11":1,"12":1,"13":1,"14":4,"15":8,"16":4,"17":8,"18":1,"19":1,"20":4,"21":1},"f":{"0":11,"1":17,"2":10,"3":5,"4":12,"5":7,"6":1,"7":8,"8":8},"b":{}}
,"/Users/yanagida/work/torneko3js/src/scsField.ts": {"path":"/Users/yanagida/work/torneko3js/src/scsField.ts","statementMap":{"0":{"start":{"line":5,"column":0},"end":{"line":5,"column":13}},"1":{"start":{"line":10,"column":16},"end":{"line":10,"column":28}},"2":{"start":{"line":11,"column":16},"end":{"line":11,"column":28}},"3":{"start":{"line":12,"column":17},"end":{"line":12,"column":30}},"4":{"start":{"line":14,"column":4},"end":{"line":14,"column":19}},"5":{"start":{"line":15,"column":4},"end":{"line":15,"column":19}},"6":{"start":{"line":17,"column":4},"end":{"line":17,"column":19}},"7":{"start":{"line":18,"column":4},"end":{"line":23,"column":null}},"8":{"start":{"line":18,"column":20},"end":{"line":18,"column":21}},"9":{"start":{"line":19,"column":6},"end":{"line":22,"column":9}},"10":{"start":{"line":26,"column":2},"end":{"line":28,"column":null}},"11":{"start":{"line":27,"column":4},"end":{"line":27,"column":42}},"12":{"start":{"line":30,"column":2},"end":{"line":32,"column":null}},"13":{"start":{"line":31,"column":4},"end":{"line":31,"column":43}},"14":{"start":{"line":42,"column":2},"end":{"line":87,"column":null}},"15":{"start":{"line":42,"column":28},"end":{"line":42,"column":45}},"16":{"start":{"line":42,"column":45},"end":{"line":42,"column":null}},"17":{"start":{"line":43,"column":21},"end":{"line":43,"column":41}},"18":{"start":{"line":44,"column":18},"end":{"line":44,"column":27}},"19":{"start":{"line":45,"column":18},"end":{"line":45,"column":27}},"20":{"start":{"line":47,"column":21},"end":{"line":52,"column":null}},"21":{"start":{"line":48,"column":23},"end":{"line":48,"column":null}},"22":{"start":{"line":50,"column":23},"end":{"line":50,"column":null}},"23":{"start":{"line":50,"column":52},"end":{"line":50,"column":57}},"24":{"start":{"line":52,"column":23},"end":{"line":52,"column":null}},"25":{"start":{"line":55,"column":18},"end":{"line":55,"column":20}},"26":{"start":{"line":56,"column":4},"end":{"line":85,"column":null}},"27":{"start":{"line":56,"column":21},"end":{"line":56,"column":33}},"28":{"start":{"line":56,"column":31},"end":{"line":56,"column":33}},"29":{"start":{"line":56,"column":17},"end":{"line":56,"column":21}},"30":{"start":{"line":57,"column":6},"end":{"line":84,"column":null}},"31":{"start":{"line":57,"column":23},"end":{"line":57,"column":35}},"32":{"start":{"line":57,"column":33},"end":{"line":57,"column":35}},"33":{"start":{"line":57,"column":19},"end":{"line":57,"column":23}},"34":{"start":{"line":58,"column":23},"end":{"line":58,"column":57}},"35":{"start":{"line":59,"column":24},"end":{"line":59,"column":45}},"36":{"start":{"line":60,"column":8},"end":{"line":60,"column":53}},"37":{"start":{"line":60,"column":35},"end":{"line":60,"column":44}},"38":{"start":{"line":61,"column":8},"end":{"line":61,"column":53}},"39":{"start":{"line":61,"column":40},"end":{"line":61,"column":49}},"40":{"start":{"line":64,"column":8},"end":{"line":71,"column":null}},"41":{"start":{"line":65,"column":10},"end":{"line":69,"column":null}},"42":{"start":{"line":66,"column":12},"end":{"line":66,"column":33}},"43":{"start":{"line":68,"column":12},"end":{"line":68,"column":34}},"44":{"start":{"line":70,"column":10},"end":{"line":70,"column":19}},"45":{"start":{"line":74,"column":25},"end":{"line":74,"column":53}},"46":{"start":{"line":75,"column":25},"end":{"line":75,"column":53}},"47":{"start":{"line":76,"column":29},"end":{"line":76,"column":61}},"48":{"start":{"line":77,"column":8},"end":{"line":83,"column":null}},"49":{"start":{"line":78,"column":10},"end":{"line":82,"column":null}},"50":{"start":{"line":79,"column":12},"end":{"line":79,"column":33}},"51":{"start":{"line":81,"column":12},"end":{"line":81,"column":34}},"52":{"start":{"line":86,"column":4},"end":{"line":86,"column":19}},"53":{"start":{"line":99,"column":2},"end":{"line":183,"column":null}},"54":{"start":{"line":99,"column":52},"end":{"line":99,"column":null}},"55":{"start":{"line":100,"column":21},"end":{"line":100,"column":41}},"56":{"start":{"line":101,"column":18},"end":{"line":101,"column":27}},"57":{"start":{"line":102,"column":18},"end":{"line":102,"column":27}},"58":{"start":{"line":103,"column":17},"end":{"line":103,"column":19}},"59":{"start":{"line":104,"column":21},"end":{"line":107,"column":null}},"60":{"start":{"line":105,"column":23},"end":{"line":105,"column":null}},"61":{"start":{"line":105,"column":52},"end":{"line":105,"column":57}},"62":{"start":{"line":107,"column":23},"end":{"line":107,"column":null}},"63":{"start":{"line":111,"column":4},"end":{"line":111,"column":16}},"64":{"start":{"line":112,"column":4},"end":{"line":117,"column":null}},"65":{"start":{"line":112,"column":19},"end":{"line":112,"column":26}},"66":{"start":{"line":113,"column":23},"end":{"line":113,"column":60}},"67":{"start":{"line":114,"column":6},"end":{"line":114,"column":31}},"68":{"start":{"line":114,"column":25},"end":{"line":114,"column":31}},"69":{"start":{"line":115,"column":6},"end":{"line":115,"column":58}},"70":{"start":{"line":115,"column":40},"end":{"line":115,"column":58}},"71":{"start":{"line":116,"column":6},"end":{"line":116,"column":74}},"72":{"start":{"line":116,"column":60},"end":{"line":116,"column":74}},"73":{"start":{"line":120,"column":4},"end":{"line":120,"column":16}},"74":{"start":{"line":121,"column":4},"end":{"line":126,"column":null}},"75":{"start":{"line":121,"column":18},"end":{"line":121,"column":19}},"76":{"start":{"line":122,"column":23},"end":{"line":122,"column":68}},"77":{"start":{"line":123,"column":6},"end":{"line":123,"column":31}},"78":{"start":{"line":123,"column":25},"end":{"line":123,"column":31}},"79":{"start":{"line":124,"column":6},"end":{"line":124,"column":58}},"80":{"start":{"line":124,"column":40},"end":{"line":124,"column":58}},"81":{"start":{"line":125,"column":6},"end":{"line":125,"column":74}},"82":{"start":{"line":125,"column":60},"end":{"line":125,"column":74}},"83":{"start":{"line":129,"column":4},"end":{"line":129,"column":16}},"84":{"start":{"line":130,"column":4},"end":{"line":135,"column":null}},"85":{"start":{"line":130,"column":19},"end":{"line":130,"column":26}},"86":{"start":{"line":131,"column":23},"end":{"line":131,"column":60}},"87":{"start":{"line":132,"column":6},"end":{"line":132,"column":31}},"88":{"start":{"line":132,"column":25},"end":{"line":132,"column":31}},"89":{"start":{"line":133,"column":6},"end":{"line":133,"column":58}},"90":{"start":{"line":133,"column":40},"end":{"line":133,"column":58}},"91":{"start":{"line":134,"column":6},"end":{"line":134,"column":74}},"92":{"start":{"line":134,"column":60},"end":{"line":134,"column":74}},"93":{"start":{"line":138,"column":4},"end":{"line":138,"column":16}},"94":{"start":{"line":139,"column":4},"end":{"line":144,"column":null}},"95":{"start":{"line":139,"column":18},"end":{"line":139,"column":19}},"96":{"start":{"line":140,"column":23},"end":{"line":140,"column":68}},"97":{"start":{"line":141,"column":6},"end":{"line":141,"column":31}},"98":{"start":{"line":141,"column":25},"end":{"line":141,"column":31}},"99":{"start":{"line":142,"column":6},"end":{"line":142,"column":58}},"100":{"start":{"line":142,"column":40},"end":{"line":142,"column":58}},"101":{"start":{"line":143,"column":6},"end":{"line":143,"column":74}},"102":{"start":{"line":143,"column":60},"end":{"line":143,"column":74}},"103":{"start":{"line":147,"column":4},"end":{"line":147,"column":16}},"104":{"start":{"line":148,"column":4},"end":{"line":153,"column":null}},"105":{"start":{"line":148,"column":19},"end":{"line":148,"column":26}},"106":{"start":{"line":149,"column":23},"end":{"line":149,"column":60}},"107":{"start":{"line":150,"column":6},"end":{"line":150,"column":31}},"108":{"start":{"line":150,"column":25},"end":{"line":150,"column":31}},"109":{"start":{"line":151,"column":6},"end":{"line":151,"column":58}},"110":{"start":{"line":151,"column":40},"end":{"line":151,"column":58}},"111":{"start":{"line":152,"column":6},"end":{"line":152,"column":74}},"112":{"start":{"line":152,"column":60},"end":{"line":152,"column":74}},"113":{"start":{"line":156,"column":4},"end":{"line":156,"column":16}},"114":{"start":{"line":157,"column":4},"end":{"line":162,"column":null}},"115":{"start":{"line":157,"column":18},"end":{"line":157,"column":19}},"116":{"start":{"line":158,"column":23},"end":{"line":158,"column":68}},"117":{"start":{"line":159,"column":6},"end":{"line":159,"column":31}},"118":{"start":{"line":159,"column":25},"end":{"line":159,"column":31}},"119":{"start":{"line":160,"column":6},"end":{"line":160,"column":58}},"120":{"start":{"line":160,"column":40},"end":{"line":160,"column":58}},"121":{"start":{"line":161,"column":6},"end":{"line":161,"column":74}},"122":{"start":{"line":161,"column":60},"end":{"line":161,"column":74}},"123":{"start":{"line":165,"column":4},"end":{"line":165,"column":16}},"124":{"start":{"line":166,"column":4},"end":{"line":171,"column":null}},"125":{"start":{"line":166,"column":19},"end":{"line":166,"column":26}},"126":{"start":{"line":167,"column":23},"end":{"line":167,"column":60}},"127":{"start":{"line":168,"column":6},"end":{"line":168,"column":31}},"128":{"start":{"line":168,"column":25},"end":{"line":168,"column":31}},"129":{"start":{"line":169,"column":6},"end":{"line":169,"column":58}},"130":{"start":{"line":169,"column":40},"end":{"line":169,"column":58}},"131":{"start":{"line":170,"column":6},"end":{"line":170,"column":74}},"132":{"start":{"line":170,"column":60},"end":{"line":170,"column":74}},"133":{"start":{"line":174,"column":4},"end":{"line":174,"column":16}},"134":{"start":{"line":175,"column":4},"end":{"line":180,"column":null}},"135":{"start":{"line":175,"column":18},"end":{"line":175,"column":19}},"136":{"start":{"line":176,"column":23},"end":{"line":176,"column":68}},"137":{"start":{"line":177,"column":6},"end":{"line":177,"column":31}},"138":{"start":{"line":177,"column":25},"end":{"line":177,"column":31}},"139":{"start":{"line":178,"column":6},"end":{"line":178,"column":58}},"140":{"start":{"line":178,"column":40},"end":{"line":178,"column":58}},"141":{"start":{"line":179,"column":6},"end":{"line":179,"column":74}},"142":{"start":{"line":179,"column":60},"end":{"line":179,"column":74}},"143":{"start":{"line":182,"column":4},"end":{"line":182,"column":13}},"144":{"start":{"line":185,"column":2},"end":{"line":197,"column":null}},"145":{"start":{"line":186,"column":17},"end":{"line":186,"column":19}},"146":{"start":{"line":187,"column":4},"end":{"line":195,"column":null}},"147":{"start":{"line":187,"column":22},"end":{"line":187,"column":33}},"148":{"start":{"line":187,"column":31},"end":{"line":187,"column":33}},"149":{"start":{"line":187,"column":18},"end":{"line":187,"column":22}},"150":{"start":{"line":188,"column":6},"end":{"line":193,"column":null}},"151":{"start":{"line":188,"column":25},"end":{"line":188,"column":30}},"152":{"start":{"line":188,"column":28},"end":{"line":188,"column":30}},"153":{"start":{"line":188,"column":21},"end":{"line":188,"column":25}},"154":{"start":{"line":189,"column":8},"end":{"line":192,"column":null}},"155":{"start":{"line":189,"column":26},"end":{"line":189,"column":40}},"156":{"start":{"line":190,"column":13},"end":{"line":192,"column":null}},"157":{"start":{"line":190,"column":31},"end":{"line":190,"column":45}},"158":{"start":{"line":191,"column":13},"end":{"line":192,"column":null}},"159":{"start":{"line":191,"column":30},"end":{"line":191,"column":63}},"160":{"start":{"line":192,"column":15},"end":{"line":192,"column":29}},"161":{"start":{"line":194,"column":6},"end":{"line":194,"column":21}},"162":{"start":{"line":196,"column":4},"end":{"line":196,"column":18}},"163":{"start":{"line":198,"column":0},"end":{"line":198,"column":null}},"164":{"start":{"line":5,"column":13},"end":{"line":5,"column":21}}},"fnMap":{"0":{"name":"(anonymous_4)","decl":{"start":{"line":5,"column":0},"end":{"line":5,"column":13}},"loc":{"start":{"line":5,"column":0},"end":{"line":198,"column":null}}},"1":{"name":"SCSField","decl":{"start":{"line":9,"column":2},"end":{"line":9,"column":14}},"loc":{"start":{"line":9,"column":37},"end":{"line":24,"column":3}}},"2":{"name":"(anonymous_6)","decl":{"start":{"line":26,"column":2},"end":{"line":26,"column":10}},"loc":{"start":{"line":26,"column":36},"end":{"line":28,"column":3}}},"3":{"name":"(anonymous_7)","decl":{"start":{"line":30,"column":2},"end":{"line":30,"column":10}},"loc":{"start":{"line":30,"column":23},"end":{"line":32,"column":3}}},"4":{"name":"(anonymous_8)","decl":{"start":{"line":42,"column":2},"end":{"line":42,"column":13}},"loc":{"start":{"line":42,"column":62},"end":{"line":87,"column":3}}},"5":{"name":"(anonymous_9)","decl":{"start":{"line":48,"column":6},"end":{"line":48,"column":7}},"loc":{"start":{"line":48,"column":18},"end":{"line":48,"column":24}}},"6":{"name":"(anonymous_10)","decl":{"start":{"line":50,"column":6},"end":{"line":50,"column":7}},"loc":{"start":{"line":50,"column":18},"end":{"line":50,"column":27}}},"7":{"name":"(anonymous_11)","decl":{"start":{"line":50,"column":42},"end":{"line":50,"column":43}},"loc":{"start":{"line":50,"column":47},"end":{"line":50,"column":53}}},"8":{"name":"(anonymous_12)","decl":{"start":{"line":52,"column":6},"end":{"line":52,"column":7}},"loc":{"start":{"line":52,"column":18},"end":{"line":52,"column":24}}},"9":{"name":"(anonymous_13)","decl":{"start":{"line":99,"column":2},"end":{"line":99,"column":16}},"loc":{"start":{"line":99,"column":76},"end":{"line":183,"column":3}}},"10":{"name":"(anonymous_14)","decl":{"start":{"line":105,"column":6},"end":{"line":105,"column":7}},"loc":{"start":{"line":105,"column":18},"end":{"line":105,"column":27}}},"11":{"name":"(anonymous_15)","decl":{"start":{"line":105,"column":42},"end":{"line":105,"column":43}},"loc":{"start":{"line":105,"column":47},"end":{"line":105,"column":53}}},"12":{"name":"(anonymous_16)","decl":{"start":{"line":107,"column":6},"end":{"line":107,"column":7}},"loc":{"start":{"line":107,"column":18},"end":{"line":107,"column":24}}},"13":{"name":"(anonymous_17)","decl":{"start":{"line":185,"column":2},"end":{"line":185,"column":6}},"loc":{"start":{"line":185,"column":2},"end":{"line":197,"column":3}}}},"branchMap":{"0":{"loc":{"start":{"line":42,"column":28},"end":{"line":42,"column":45}},"type":"if","locations":[{"start":{"line":42,"column":28},"end":{"line":42,"column":45}},{"start":{"line":42,"column":28},"end":{"line":42,"column":45}}]},"1":{"loc":{"start":{"line":42,"column":45},"end":{"line":42,"column":null}},"type":"if","locations":[{"start":{"line":42,"column":45},"end":{"line":42,"column":null}},{"start":{"line":42,"column":45},"end":{"line":42,"column":null}}]},"2":{"loc":{"start":{"line":48,"column":6},"end":{"line":48,"column":24}},"type":"cond-expr","locations":[{"start":{"line":48,"column":6},"end":{"line":48,"column":24}},{"start":{"line":49,"column":8},"end":{"line":52,"column":null}}]},"3":{"loc":{"start":{"line":50,"column":6},"end":{"line":50,"column":27}},"type":"cond-expr","locations":[{"start":{"line":50,"column":6},"end":{"line":50,"column":27}},{"start":{"line":52,"column":6},"end":{"line":52,"column":24}}]},"4":{"loc":{"start":{"line":60,"column":8},"end":{"line":60,"column":53}},"type":"if","locations":[{"start":{"line":60,"column":8},"end":{"line":60,"column":53}},{"start":{"line":60,"column":8},"end":{"line":60,"column":53}}]},"5":{"loc":{"start":{"line":61,"column":8},"end":{"line":61,"column":53}},"type":"if","locations":[{"start":{"line":61,"column":8},"end":{"line":61,"column":53}},{"start":{"line":61,"column":8},"end":{"line":61,"column":53}}]},"6":{"loc":{"start":{"line":61,"column":12},"end":{"line":61,"column":22}},"type":"binary-expr","locations":[{"start":{"line":61,"column":12},"end":{"line":61,"column":22}},{"start":{"line":61,"column":26},"end":{"line":61,"column":36}}]},"7":{"loc":{"start":{"line":64,"column":8},"end":{"line":71,"column":null}},"type":"if","locations":[{"start":{"line":64,"column":8},"end":{"line":71,"column":null}},{"start":{"line":64,"column":8},"end":{"line":71,"column":null}}]},"8":{"loc":{"start":{"line":65,"column":10},"end":{"line":69,"column":null}},"type":"if","locations":[{"start":{"line":65,"column":10},"end":{"line":69,"column":null}},{"start":{"line":65,"column":10},"end":{"line":69,"column":null}}]},"9":{"loc":{"start":{"line":76,"column":29},"end":{"line":76,"column":43}},"type":"binary-expr","locations":[{"start":{"line":76,"column":29},"end":{"line":76,"column":43}},{"start":{"line":76,"column":47},"end":{"line":76,"column":61}}]},"10":{"loc":{"start":{"line":77,"column":8},"end":{"line":83,"column":null}},"type":"if","locations":[{"start":{"line":77,"column":8},"end":{"line":83,"column":null}},{"start":{"line":77,"column":8},"end":{"line":83,"column":null}}]},"11":{"loc":{"start":{"line":77,"column":12},"end":{"line":77,"column":24}},"type":"binary-expr","locations":[{"start":{"line":77,"column":12},"end":{"line":77,"column":24}},{"start":{"line":77,"column":28},"end":{"line":77,"column":39}}]},"12":{"loc":{"start":{"line":78,"column":10},"end":{"line":82,"column":null}},"type":"if","locations":[{"start":{"line":78,"column":10},"end":{"line":82,"column":null}},{"start":{"line":78,"column":10},"end":{"line":82,"column":null}}]},"13":{"loc":{"start":{"line":99,"column":52},"end":{"line":99,"column":null}},"type":"if","locations":[{"start":{"line":99,"column":52},"end":{"line":99,"column":null}},{"start":{"line":99,"column":52},"end":{"line":99,"column":null}}]},"14":{"loc":{"start":{"line":105,"column":6},"end":{"line":105,"column":27}},"type":"cond-expr","locations":[{"start":{"line":105,"column":6},"end":{"line":105,"column":27}},{"start":{"line":107,"column":6},"end":{"line":107,"column":24}}]},"15":{"loc":{"start":{"line":114,"column":6},"end":{"line":114,"column":31}},"type":"if","locations":[{"start":{"line":114,"column":6},"end":{"line":114,"column":31}},{"start":{"line":114,"column":6},"end":{"line":114,"column":31}}]},"16":{"loc":{"start":{"line":115,"column":6},"end":{"line":115,"column":58}},"type":"if","locations":[{"start":{"line":115,"column":6},"end":{"line":115,"column":58}},{"start":{"line":115,"column":6},"end":{"line":115,"column":58}}]},"17":{"loc":{"start":{"line":115,"column":9},"end":{"line":115,"column":22}},"type":"binary-expr","locations":[{"start":{"line":115,"column":9},"end":{"line":115,"column":22}},{"start":{"line":115,"column":26},"end":{"line":115,"column":38}}]},"18":{"loc":{"start":{"line":116,"column":6},"end":{"line":116,"column":74}},"type":"if","locations":[{"start":{"line":116,"column":6},"end":{"line":116,"column":74}},{"start":{"line":116,"column":6},"end":{"line":116,"column":74}}]},"19":{"loc":{"start":{"line":116,"column":9},"end":{"line":116,"column":27}},"type":"binary-expr","locations":[{"start":{"line":116,"column":9},"end":{"line":116,"column":27}},{"start":{"line":116,"column":31},"end":{"line":116,"column":58}}]},"20":{"loc":{"start":{"line":121,"column":21},"end":{"line":121,"column":59}},"type":"binary-expr","locations":[{"start":{"line":121,"column":21},"end":{"line":121,"column":59}},{"start":{"line":121,"column":63},"end":{"line":121,"column":101}}]},"21":{"loc":{"start":{"line":123,"column":6},"end":{"line":123,"column":31}},"type":"if","locations":[{"start":{"line":123,"column":6},"end":{"line":123,"column":31}},{"start":{"line":123,"column":6},"end":{"line":123,"column":31}}]},"22":{"loc":{"start":{"line":124,"column":6},"end":{"line":124,"column":58}},"type":"if","locations":[{"start":{"line":124,"column":6},"end":{"line":124,"column":58}},{"start":{"line":124,"column":6},"end":{"line":124,"column":58}}]},"23":{"loc":{"start":{"line":124,"column":9},"end":{"line":124,"column":22}},"type":"binary-expr","locations":[{"start":{"line":124,"column":9},"end":{"line":124,"column":22}},{"start":{"line":124,"column":26},"end":{"line":124,"column":38}}]},"24":{"loc":{"start":{"line":125,"column":6},"end":{"line":125,"column":74}},"type":"if","locations":[{"start":{"line":125,"column":6},"end":{"line":125,"column":74}},{"start":{"line":125,"column":6},"end":{"line":125,"column":74}}]},"25":{"loc":{"start":{"line":125,"column":9},"end":{"line":125,"column":27}},"type":"binary-expr","locations":[{"start":{"line":125,"column":9},"end":{"line":125,"column":27}},{"start":{"line":125,"column":31},"end":{"line":125,"column":58}}]},"26":{"loc":{"start":{"line":132,"column":6},"end":{"line":132,"column":31}},"type":"if","locations":[{"start":{"line":132,"column":6},"end":{"line":132,"column":31}},{"start":{"line":132,"column":6},"end":{"line":132,"column":31}}]},"27":{"loc":{"start":{"line":133,"column":6},"end":{"line":133,"column":58}},"type":"if","locations":[{"start":{"line":133,"column":6},"end":{"line":133,"column":58}},{"start":{"line":133,"column":6},"end":{"line":133,"column":58}}]},"28":{"loc":{"start":{"line":133,"column":9},"end":{"line":133,"column":22}},"type":"binary-expr","locations":[{"start":{"line":133,"column":9},"end":{"line":133,"column":22}},{"start":{"line":133,"column":26},"end":{"line":133,"column":38}}]},"29":{"loc":{"start":{"line":134,"column":6},"end":{"line":134,"column":74}},"type":"if","locations":[{"start":{"line":134,"column":6},"end":{"line":134,"column":74}},{"start":{"line":134,"column":6},"end":{"line":134,"column":74}}]},"30":{"loc":{"start":{"line":134,"column":9},"end":{"line":134,"column":27}},"type":"binary-expr","locations":[{"start":{"line":134,"column":9},"end":{"line":134,"column":27}},{"start":{"line":134,"column":31},"end":{"line":134,"column":58}}]},"31":{"loc":{"start":{"line":139,"column":21},"end":{"line":139,"column":66}},"type":"binary-expr","locations":[{"start":{"line":139,"column":21},"end":{"line":139,"column":66}},{"start":{"line":139,"column":70},"end":{"line":139,"column":108}}]},"32":{"loc":{"start":{"line":141,"column":6},"end":{"line":141,"column":31}},"type":"if","locations":[{"start":{"line":141,"column":6},"end":{"line":141,"column":31}},{"start":{"line":141,"column":6},"end":{"line":141,"column":31}}]},"33":{"loc":{"start":{"line":142,"column":6},"end":{"line":142,"column":58}},"type":"if","locations":[{"start":{"line":142,"column":6},"end":{"line":142,"column":58}},{"start":{"line":142,"column":6},"end":{"line":142,"column":58}}]},"34":{"loc":{"start":{"line":142,"column":9},"end":{"line":142,"column":22}},"type":"binary-expr","locations":[{"start":{"line":142,"column":9},"end":{"line":142,"column":22}},{"start":{"line":142,"column":26},"end":{"line":142,"column":38}}]},"35":{"loc":{"start":{"line":143,"column":6},"end":{"line":143,"column":74}},"type":"if","locations":[{"start":{"line":143,"column":6},"end":{"line":143,"column":74}},{"start":{"line":143,"column":6},"end":{"line":143,"column":74}}]},"36":{"loc":{"start":{"line":143,"column":9},"end":{"line":143,"column":27}},"type":"binary-expr","locations":[{"start":{"line":143,"column":9},"end":{"line":143,"column":27}},{"start":{"line":143,"column":31},"end":{"line":143,"column":58}}]},"37":{"loc":{"start":{"line":150,"column":6},"end":{"line":150,"column":31}},"type":"if","locations":[{"start":{"line":150,"column":6},"end":{"line":150,"column":31}},{"start":{"line":150,"column":6},"end":{"line":150,"column":31}}]},"38":{"loc":{"start":{"line":151,"column":6},"end":{"line":151,"column":58}},"type":"if","locations":[{"start":{"line":151,"column":6},"end":{"line":151,"column":58}},{"start":{"line":151,"column":6},"end":{"line":151,"column":58}}]},"39":{"loc":{"start":{"line":151,"column":9},"end":{"line":151,"column":22}},"type":"binary-expr","locations":[{"start":{"line":151,"column":9},"end":{"line":151,"column":22}},{"start":{"line":151,"column":26},"end":{"line":151,"column":38}}]},"40":{"loc":{"start":{"line":152,"column":6},"end":{"line":152,"column":74}},"type":"if","locations":[{"start":{"line":152,"column":6},"end":{"line":152,"column":74}},{"start":{"line":152,"column":6},"end":{"line":152,"column":74}}]},"41":{"loc":{"start":{"line":152,"column":9},"end":{"line":152,"column":27}},"type":"binary-expr","locations":[{"start":{"line":152,"column":9},"end":{"line":152,"column":27}},{"start":{"line":152,"column":31},"end":{"line":152,"column":58}}]},"42":{"loc":{"start":{"line":157,"column":21},"end":{"line":157,"column":66}},"type":"binary-expr","locations":[{"start":{"line":157,"column":21},"end":{"line":157,"column":66}},{"start":{"line":157,"column":70},"end":{"line":157,"column":115}}]},"43":{"loc":{"start":{"line":159,"column":6},"end":{"line":159,"column":31}},"type":"if","locations":[{"start":{"line":159,"column":6},"end":{"line":159,"column":31}},{"start":{"line":159,"column":6},"end":{"line":159,"column":31}}]},"44":{"loc":{"start":{"line":160,"column":6},"end":{"line":160,"column":58}},"type":"if","locations":[{"start":{"line":160,"column":6},"end":{"line":160,"column":58}},{"start":{"line":160,"column":6},"end":{"line":160,"column":58}}]},"45":{"loc":{"start":{"line":160,"column":9},"end":{"line":160,"column":22}},"type":"binary-expr","locations":[{"start":{"line":160,"column":9},"end":{"line":160,"column":22}},{"start":{"line":160,"column":26},"end":{"line":160,"column":38}}]},"46":{"loc":{"start":{"line":161,"column":6},"end":{"line":161,"column":74}},"type":"if","locations":[{"start":{"line":161,"column":6},"end":{"line":161,"column":74}},{"start":{"line":161,"column":6},"end":{"line":161,"column":74}}]},"47":{"loc":{"start":{"line":161,"column":9},"end":{"line":161,"column":27}},"type":"binary-expr","locations":[{"start":{"line":161,"column":9},"end":{"line":161,"column":27}},{"start":{"line":161,"column":31},"end":{"line":161,"column":58}}]},"48":{"loc":{"start":{"line":168,"column":6},"end":{"line":168,"column":31}},"type":"if","locations":[{"start":{"line":168,"column":6},"end":{"line":168,"column":31}},{"start":{"line":168,"column":6},"end":{"line":168,"column":31}}]},"49":{"loc":{"start":{"line":169,"column":6},"end":{"line":169,"column":58}},"type":"if","locations":[{"start":{"line":169,"column":6},"end":{"line":169,"column":58}},{"start":{"line":169,"column":6},"end":{"line":169,"column":58}}]},"50":{"loc":{"start":{"line":169,"column":9},"end":{"line":169,"column":22}},"type":"binary-expr","locations":[{"start":{"line":169,"column":9},"end":{"line":169,"column":22}},{"start":{"line":169,"column":26},"end":{"line":169,"column":38}}]},"51":{"loc":{"start":{"line":170,"column":6},"end":{"line":170,"column":74}},"type":"if","locations":[{"start":{"line":170,"column":6},"end":{"line":170,"column":74}},{"start":{"line":170,"column":6},"end":{"line":170,"column":74}}]},"52":{"loc":{"start":{"line":170,"column":9},"end":{"line":170,"column":27}},"type":"binary-expr","locations":[{"start":{"line":170,"column":9},"end":{"line":170,"column":27}},{"start":{"line":170,"column":31},"end":{"line":170,"column":58}}]},"53":{"loc":{"start":{"line":175,"column":21},"end":{"line":175,"column":59}},"type":"binary-expr","locations":[{"start":{"line":175,"column":21},"end":{"line":175,"column":59}},{"start":{"line":175,"column":63},"end":{"line":175,"column":108}}]},"54":{"loc":{"start":{"line":177,"column":6},"end":{"line":177,"column":31}},"type":"if","locations":[{"start":{"line":177,"column":6},"end":{"line":177,"column":31}},{"start":{"line":177,"column":6},"end":{"line":177,"column":31}}]},"55":{"loc":{"start":{"line":178,"column":6},"end":{"line":178,"column":58}},"type":"if","locations":[{"start":{"line":178,"column":6},"end":{"line":178,"column":58}},{"start":{"line":178,"column":6},"end":{"line":178,"column":58}}]},"56":{"loc":{"start":{"line":178,"column":9},"end":{"line":178,"column":22}},"type":"binary-expr","locations":[{"start":{"line":178,"column":9},"end":{"line":178,"column":22}},{"start":{"line":178,"column":26},"end":{"line":178,"column":38}}]},"57":{"loc":{"start":{"line":179,"column":6},"end":{"line":179,"column":74}},"type":"if","locations":[{"start":{"line":179,"column":6},"end":{"line":179,"column":74}},{"start":{"line":179,"column":6},"end":{"line":179,"column":74}}]},"58":{"loc":{"start":{"line":179,"column":9},"end":{"line":179,"column":27}},"type":"binary-expr","locations":[{"start":{"line":179,"column":9},"end":{"line":179,"column":27}},{"start":{"line":179,"column":31},"end":{"line":179,"column":58}}]},"59":{"loc":{"start":{"line":189,"column":8},"end":{"line":192,"column":null}},"type":"if","locations":[{"start":{"line":189,"column":8},"end":{"line":192,"column":null}},{"start":{"line":189,"column":8},"end":{"line":192,"column":null}}]},"60":{"loc":{"start":{"line":190,"column":13},"end":{"line":192,"column":null}},"type":"if","locations":[{"start":{"line":190,"column":13},"end":{"line":192,"column":null}},{"start":{"line":190,"column":13},"end":{"line":192,"column":null}}]},"61":{"loc":{"start":{"line":191,"column":13},"end":{"line":192,"column":null}},"type":"if","locations":[{"start":{"line":191,"column":13},"end":{"line":192,"column":null}},{"start":{"line":191,"column":13},"end":{"line":192,"column":null}}]}},"s":{"0":1,"1":2,"2":2,"3":2,"4":2,"5":2,"6":2,"7":2,"8":2,"9":12,"10":1,"11":8,"12":1,"13":114,"14":1,"15":9,"16":10,"17":6,"18":6,"19":6,"20":6,"21":18,"22":18,"23":180,"24":18,"25":6,"26":6,"27":6,"28":6,"29":18,"30":18,"31":18,"32":18,"33":54,"34":54,"35":54,"36":54,"37":39,"38":15,"39":0,"40":15,"41":9,"42":3,"43":6,"44":9,"45":6,"46":6,"47":6,"48":6,"49":5,"50":4,"51":1,"52":6,"53":1,"54":16,"55":8,"56":8,"57":8,"58":8,"59":8,"60":0,"61":0,"62":16,"63":8,"64":8,"65":8,"66":9,"67":9,"68":7,"69":2,"70":1,"71":2,"72":1,"73":7,"74":7,"75":7,"76":8,"77":8,"78":6,"79":2,"80":1,"81":2,"82":1,"83":6,"84":6,"85":6,"86":7,"87":7,"88":5,"89":2,"90":1,"91":2,"92":1,"93":5,"94":5,"95":5,"96":6,"97":6,"98":4,"99":2,"100":1,"101":2,"102":1,"103":4,"104":4,"105":4,"106":5,"107":5,"108":3,"109":2,"110":1,"111":2,"112":1,"113":3,"114":3,"115":3,"116":4,"117":4,"118":2,"119":2,"120":1,"121":2,"122":1,"123":2,"124":2,"125":2,"126":3,"127":3,"128":1,"129":2,"130":1,"131":2,"132":1,"133":1,"134":1,"135":1,"136":2,"137":2,"138":0,"139":2,"140":1,"141":2,"142":1,"143":0,"144":1,"145":1,"146":1,"147":1,"148":1,"149":5,"150":5,"151":5,"152":5,"153":25,"154":25,"155":4,"156":21,"157":17,"158":4,"159":1,"160":3,"161":5,"162":1,"163":1,"164":1},"f":{"0":1,"1":2,"2":8,"3":114,"4":6,"5":18,"6":18,"7":180,"8":18,"9":8,"10":0,"11":0,"12":16,"13":1},"b":{"0":[3,3],"1":[4,2],"2":[2,4],"3":[2,2],"4":[39,15],"5":[0,15],"6":[15,3],"7":[9,6],"8":[3,6],"9":[6,6],"10":[5,1],"11":[6,3],"12":[4,1],"13":[8,0],"14":[0,8],"15":[7,2],"16":[1,1],"17":[2,2],"18":[1,1],"19":[2,1],"20":[8,8],"21":[6,2],"22":[1,1],"23":[2,2],"24":[1,1],"25":[2,1],"26":[5,2],"27":[1,1],"28":[2,2],"29":[1,1],"30":[2,1],"31":[6,6],"32":[4,2],"33":[1,1],"34":[2,2],"35":[1,1],"36":[2,1],"37":[3,2],"38":[1,1],"39":[2,2],"40":[1,1],"41":[2,1],"42":[4,4],"43":[2,2],"44":[1,1],"45":[2,2],"46":[1,1],"47":[2,1],"48":[1,2],"49":[1,1],"50":[2,2],"51":[1,1],"52":[2,1],"53":[2,2],"54":[0,2],"55":[1,1],"56":[2,2],"57":[1,1],"58":[2,1],"59":[4,21],"60":[17,4],"61":[1,3]}}
,"/Users/yanagida/work/torneko3js/src/status.ts": {"path":"/Users/yanagida/work/torneko3js/src/status.ts","statementMap":{"0":{"start":{"line":4,"column":0},"end":{"line":4,"column":null}},"1":{"start":{"line":5,"column":2},"end":{"line":5,"column":null}},"2":{"start":{"line":6,"column":2},"end":{"line":6,"column":null}},"3":{"start":{"line":7,"column":2},"end":{"line":7,"column":null}},"4":{"start":{"line":8,"column":2},"end":{"line":8,"column":null}},"5":{"start":{"line":9,"column":2},"end":{"line":9,"column":null}},"6":{"start":{"line":10,"column":2},"end":{"line":10,"column":null}},"7":{"start":{"line":11,"column":2},"end":{"line":11,"column":null}},"8":{"start":{"line":12,"column":2},"end":{"line":12,"column":null}},"9":{"start":{"line":15,"column":15},"end":{"line":34,"column":1}},"10":{"start":{"line":16,"column":2},"end":{"line":33,"column":null}},"11":{"start":{"line":18,"column":4},"end":{"line":18,"column":766}},"12":{"start":{"line":20,"column":4},"end":{"line":20,"column":772}},"13":{"start":{"line":22,"column":4},"end":{"line":22,"column":780}},"14":{"start":{"line":24,"column":4},"end":{"line":24,"column":846}},"15":{"start":{"line":26,"column":4},"end":{"line":26,"column":804}},"16":{"start":{"line":28,"column":4},"end":{"line":28,"column":807}},"17":{"start":{"line":30,"column":4},"end":{"line":30,"column":894}},"18":{"start":{"line":32,"column":4},"end":{"line":32,"column":833}},"19":{"start":{"line":36,"column":19},"end":{"line":55,"column":1}},"20":{"start":{"line":37,"column":2},"end":{"line":54,"column":null}},"21":{"start":{"line":39,"column":4},"end":{"line":39,"column":459}},"22":{"start":{"line":41,"column":4},"end":{"line":41,"column":410}},"23":{"start":{"line":43,"column":4},"end":{"line":43,"column":411}},"24":{"start":{"line":45,"column":4},"end":{"line":45,"column":489}},"25":{"start":{"line":47,"column":4},"end":{"line":47,"column":443}},"26":{"start":{"line":49,"column":4},"end":{"line":49,"column":412}},"27":{"start":{"line":51,"column":4},"end":{"line":51,"column":413}},"28":{"start":{"line":53,"column":4},"end":{"line":53,"column":315}},"29":{"start":{"line":57,"column":19},"end":{"line":76,"column":1}},"30":{"start":{"line":58,"column":2},"end":{"line":75,"column":null}},"31":{"start":{"line":60,"column":4},"end":{"line":60,"column":412}},"32":{"start":{"line":62,"column":4},"end":{"line":62,"column":441}},"33":{"start":{"line":64,"column":4},"end":{"line":64,"column":412}},"34":{"start":{"line":66,"column":4},"end":{"line":66,"column":479}},"35":{"start":{"line":68,"column":4},"end":{"line":68,"column":450}},"36":{"start":{"line":70,"column":4},"end":{"line":70,"column":409}},"37":{"start":{"line":72,"column":4},"end":{"line":72,"column":510}},"38":{"start":{"line":74,"column":4},"end":{"line":74,"column":315}},"39":{"start":{"line":78,"column":19},"end":{"line":97,"column":1}},"40":{"start":{"line":79,"column":2},"end":{"line":96,"column":null}},"41":{"start":{"line":81,"column":4},"end":{"line":81,"column":409}},"42":{"start":{"line":83,"column":4},"end":{"line":83,"column":408}},"43":{"start":{"line":85,"column":4},"end":{"line":85,"column":409}},"44":{"start":{"line":87,"column":4},"end":{"line":87,"column":417}},"45":{"start":{"line":89,"column":4},"end":{"line":89,"column":406}},"46":{"start":{"line":91,"column":4},"end":{"line":91,"column":446}},"47":{"start":{"line":93,"column":4},"end":{"line":93,"column":479}},"48":{"start":{"line":95,"column":4},"end":{"line":95,"column":463}},"49":{"start":{"line":110,"column":13},"end":{"line":316,"column":null}},"50":{"start":{"line":111,"column":72},"end":{"line":298,"column":4}},"51":{"start":{"line":300,"column":14},"end":{"line":300,"column":42}},"52":{"start":{"line":301,"column":2},"end":{"line":303,"column":null}},"53":{"start":{"line":302,"column":4},"end":{"line":302,"column":42}},"54":{"start":{"line":304,"column":2},"end":{"line":306,"column":null}},"55":{"start":{"line":305,"column":4},"end":{"line":305,"column":50}},"56":{"start":{"line":307,"column":2},"end":{"line":307,"column":37}},"57":{"start":{"line":308,"column":2},"end":{"line":308,"column":43}},"58":{"start":{"line":309,"column":2},"end":{"line":309,"column":43}},"59":{"start":{"line":310,"column":2},"end":{"line":310,"column":43}},"60":{"start":{"line":312,"column":2},"end":{"line":314,"column":null}},"61":{"start":{"line":318,"column":13},"end":{"line":327,"column":null}},"62":{"start":{"line":319,"column":15},"end":{"line":319,"column":51}},"63":{"start":{"line":320,"column":2},"end":{"line":325,"column":null}},"64":{"start":{"line":320,"column":15},"end":{"line":320,"column":24}},"65":{"start":{"line":321,"column":17},"end":{"line":321,"column":48}},"66":{"start":{"line":322,"column":4},"end":{"line":324,"column":null}},"67":{"start":{"line":323,"column":6},"end":{"line":323,"column":20}},"68":{"start":{"line":326,"column":2},"end":{"line":326,"column":100}}},"fnMap":{"0":{"name":"(anonymous_2)","decl":{"start":{"line":4,"column":0},"end":{"line":4,"column":5}},"loc":{"start":{"line":4,"column":13},"end":{"line":13,"column":1}}},"1":{"name":"(anonymous_3)","decl":{"start":{"line":15,"column":15},"end":{"line":15,"column":16}},"loc":{"start":{"line":15,"column":39},"end":{"line":34,"column":1}}},"2":{"name":"(anonymous_4)","decl":{"start":{"line":36,"column":19},"end":{"line":36,"column":20}},"loc":{"start":{"line":36,"column":43},"end":{"line":55,"column":1}}},"3":{"name":"(anonymous_5)","decl":{"start":{"line":57,"column":19},"end":{"line":57,"column":20}},"loc":{"start":{"line":57,"column":43},"end":{"line":76,"column":1}}},"4":{"name":"(anonymous_6)","decl":{"start":{"line":78,"column":19},"end":{"line":78,"column":20}},"loc":{"start":{"line":78,"column":43},"end":{"line":97,"column":1}}},"5":{"name":"(anonymous_7)","decl":{"start":{"line":110,"column":37},"end":{"line":110,"column":38}},"loc":{"start":{"line":110,"column":62},"end":{"line":316,"column":1}}},"6":{"name":"(anonymous_8)","decl":{"start":{"line":318,"column":27},"end":{"line":318,"column":28}},"loc":{"start":{"line":318,"column":71},"end":{"line":327,"column":1}}}},"branchMap":{"0":{"loc":{"start":{"line":4,"column":5},"end":{"line":4,"column":13}},"type":"binary-expr","locations":[{"start":{"line":4,"column":5},"end":{"line":4,"column":13}},{"start":{"line":4,"column":5},"end":{"line":4,"column":null}}]},"1":{"loc":{"start":{"line":17,"column":2},"end":{"line":18,"column":766}},"type":"switch","locations":[{"start":{"line":17,"column":2},"end":{"line":18,"column":766}},{"start":{"line":19,"column":2},"end":{"line":20,"column":772}},{"start":{"line":21,"column":2},"end":{"line":22,"column":780}},{"start":{"line":23,"column":2},"end":{"line":24,"column":846}},{"start":{"line":25,"column":2},"end":{"line":26,"column":804}},{"start":{"line":27,"column":2},"end":{"line":28,"column":807}},{"start":{"line":29,"column":2},"end":{"line":30,"column":894}},{"start":{"line":31,"column":2},"end":{"line":32,"column":833}}]},"2":{"loc":{"start":{"line":38,"column":2},"end":{"line":39,"column":459}},"type":"switch","locations":[{"start":{"line":38,"column":2},"end":{"line":39,"column":459}},{"start":{"line":40,"column":2},"end":{"line":41,"column":410}},{"start":{"line":42,"column":2},"end":{"line":43,"column":411}},{"start":{"line":44,"column":2},"end":{"line":45,"column":489}},{"start":{"line":46,"column":2},"end":{"line":47,"column":443}},{"start":{"line":48,"column":2},"end":{"line":49,"column":412}},{"start":{"line":50,"column":2},"end":{"line":51,"column":413}},{"start":{"line":52,"column":2},"end":{"line":53,"column":315}}]},"3":{"loc":{"start":{"line":59,"column":2},"end":{"line":60,"column":412}},"type":"switch","locations":[{"start":{"line":59,"column":2},"end":{"line":60,"column":412}},{"start":{"line":61,"column":2},"end":{"line":62,"column":441}},{"start":{"line":63,"column":2},"end":{"line":64,"column":412}},{"start":{"line":65,"column":2},"end":{"line":66,"column":479}},{"start":{"line":67,"column":2},"end":{"line":68,"column":450}},{"start":{"line":69,"column":2},"end":{"line":70,"column":409}},{"start":{"line":71,"column":2},"end":{"line":72,"column":510}},{"start":{"line":73,"column":2},"end":{"line":74,"column":315}}]},"4":{"loc":{"start":{"line":80,"column":2},"end":{"line":81,"column":409}},"type":"switch","locations":[{"start":{"line":80,"column":2},"end":{"line":81,"column":409}},{"start":{"line":82,"column":2},"end":{"line":83,"column":408}},{"start":{"line":84,"column":2},"end":{"line":85,"column":409}},{"start":{"line":86,"column":2},"end":{"line":87,"column":417}},{"start":{"line":88,"column":2},"end":{"line":89,"column":406}},{"start":{"line":90,"column":2},"end":{"line":91,"column":446}},{"start":{"line":92,"column":2},"end":{"line":93,"column":479}},{"start":{"line":94,"column":2},"end":{"line":95,"column":463}}]},"5":{"loc":{"start":{"line":301,"column":2},"end":{"line":303,"column":null}},"type":"if","locations":[{"start":{"line":301,"column":2},"end":{"line":303,"column":null}},{"start":{"line":301,"column":2},"end":{"line":303,"column":null}}]},"6":{"loc":{"start":{"line":304,"column":2},"end":{"line":306,"column":null}},"type":"if","locations":[{"start":{"line":304,"column":2},"end":{"line":306,"column":null}},{"start":{"line":304,"column":2},"end":{"line":306,"column":null}}]},"7":{"loc":{"start":{"line":304,"column":6},"end":{"line":304,"column":12}},"type":"binary-expr","locations":[{"start":{"line":304,"column":6},"end":{"line":304,"column":12}},{"start":{"line":304,"column":16},"end":{"line":304,"column":34}}]},"8":{"loc":{"start":{"line":322,"column":4},"end":{"line":324,"column":null}},"type":"if","locations":[{"start":{"line":322,"column":4},"end":{"line":324,"column":null}},{"start":{"line":322,"column":4},"end":{"line":324,"column":null}}]}},"s":{"0":2,"1":2,"2":2,"3":2,"4":2,"5":2,"6":2,"7":2,"8":2,"9":2,"10":73,"11":1,"12":21,"13":1,"14":0,"15":0,"16":50,"17":0,"18":0,"19":2,"20":73,"21":1,"22":21,"23":1,"24":0,"25":0,"26":50,"27":0,"28":0,"29":2,"30":73,"31":1,"32":21,"33":1,"34":0,"35":0,"36":50,"37":0,"38":0,"39":2,"40":73,"41":1,"42":21,"43":1,"44":0,"45":0,"46":50,"47":0,"48":0,"49":2,"50":73,"51":73,"52":73,"53":0,"54":73,"55":0,"56":73,"57":73,"58":73,"59":73,"60":73,"61":2,"62":1,"63":1,"64":1,"65":10,"66":10,"67":1,"68":0},"f":{"0":2,"1":73,"2":73,"3":73,"4":73,"5":73,"6":1},"b":{"0":[2,2],"1":[1,21,1,0,0,50,0,0],"2":[1,21,1,0,0,50,0,0],"3":[1,21,1,0,0,50,0,0],"4":[1,21,1,0,0,50,0,0],"5":[0,73],"6":[0,73],"7":[73,73],"8":[1,9]}}
,"/Users/yanagida/work/torneko3js/src/unit.ts": {"path":"/Users/yanagida/work/torneko3js/src/unit.ts","statementMap":{"0":{"start":{"line":4,"column":0},"end":{"line":4,"column":49}},"1":{"start":{"line":7,"column":0},"end":{"line":7,"column":13}},"2":{"start":{"line":26,"column":58},"end":{"line":26,"column":82}},"3":{"start":{"line":10,"column":2},"end":{"line":10,"column":19}},"4":{"start":{"line":11,"column":2},"end":{"line":11,"column":19}},"5":{"start":{"line":12,"column":2},"end":{"line":12,"column":19}},"6":{"start":{"line":13,"column":2},"end":{"line":13,"column":19}},"7":{"start":{"line":27,"column":4},"end":{"line":27,"column":25}},"8":{"start":{"line":28,"column":4},"end":{"line":28,"column":21}},"9":{"start":{"line":29,"column":4},"end":{"line":29,"column":55}},"10":{"start":{"line":30,"column":4},"end":{"line":30,"column":55}},"11":{"start":{"line":31,"column":4},"end":{"line":31,"column":49}},"12":{"start":{"line":32,"column":4},"end":{"line":32,"column":46}},"13":{"start":{"line":33,"column":4},"end":{"line":33,"column":70}},"14":{"start":{"line":34,"column":4},"end":{"line":34,"column":23}},"15":{"start":{"line":36,"column":19},"end":{"line":36,"column":58}},"16":{"start":{"line":37,"column":4},"end":{"line":37,"column":36}},"17":{"start":{"line":38,"column":4},"end":{"line":38,"column":26}},"18":{"start":{"line":40,"column":4},"end":{"line":40,"column":17}},"19":{"start":{"line":41,"column":4},"end":{"line":41,"column":18}},"20":{"start":{"line":42,"column":4},"end":{"line":42,"column":18}},"21":{"start":{"line":43,"column":4},"end":{"line":43,"column":24}},"22":{"start":{"line":46,"column":2},"end":{"line":49,"column":null}},"23":{"start":{"line":47,"column":14},"end":{"line":47,"column":74}},"24":{"start":{"line":48,"column":4},"end":{"line":48,"column":19}},"25":{"start":{"line":51,"column":2},"end":{"line":66,"column":null}},"26":{"start":{"line":53,"column":14},"end":{"line":53,"column":75}},"27":{"start":{"line":55,"column":4},"end":{"line":58,"column":null}},"28":{"start":{"line":57,"column":6},"end":{"line":57,"column":33}},"29":{"start":{"line":59,"column":4},"end":{"line":62,"column":null}},"30":{"start":{"line":61,"column":6},"end":{"line":61,"column":14}},"31":{"start":{"line":64,"column":4},"end":{"line":64,"column":25}},"32":{"start":{"line":65,"column":4},"end":{"line":65,"column":null}},"33":{"start":{"line":68,"column":2},"end":{"line":88,"column":null}},"34":{"start":{"line":70,"column":14},"end":{"line":70,"column":60}},"35":{"start":{"line":72,"column":4},"end":{"line":84,"column":null}},"36":{"start":{"line":73,"column":6},"end":{"line":73,"column":17}},"37":{"start":{"line":74,"column":11},"end":{"line":84,"column":null}},"38":{"start":{"line":75,"column":6},"end":{"line":75,"column":17}},"39":{"start":{"line":76,"column":11},"end":{"line":84,"column":null}},"40":{"start":{"line":77,"column":6},"end":{"line":77,"column":17}},"41":{"start":{"line":78,"column":11},"end":{"line":84,"column":null}},"42":{"start":{"line":79,"column":6},"end":{"line":79,"column":17}},"43":{"start":{"line":80,"column":11},"end":{"line":84,"column":null}},"44":{"start":{"line":81,"column":6},"end":{"line":81,"column":17}},"45":{"start":{"line":82,"column":11},"end":{"line":84,"column":null}},"46":{"start":{"line":83,"column":6},"end":{"line":83,"column":19}},"47":{"start":{"line":86,"column":4},"end":{"line":86,"column":26}},"48":{"start":{"line":87,"column":4},"end":{"line":87,"column":19}},"49":{"start":{"line":90,"column":2},"end":{"line":107,"column":null}},"50":{"start":{"line":90,"column":22},"end":{"line":90,"column":null}},"51":{"start":{"line":91,"column":4},"end":{"line":93,"column":null}},"52":{"start":{"line":92,"column":6},"end":{"line":92,"column":null}},"53":{"start":{"line":94,"column":4},"end":{"line":106,"column":null}},"54":{"start":{"line":95,"column":21},"end":{"line":97,"column":21}},"55":{"start":{"line":98,"column":6},"end":{"line":102,"column":null}},"56":{"start":{"line":99,"column":8},"end":{"line":99,"column":25}},"57":{"start":{"line":101,"column":8},"end":{"line":101,"column":28}},"58":{"start":{"line":103,"column":6},"end":{"line":103,"column":18}},"59":{"start":{"line":105,"column":6},"end":{"line":105,"column":19}},"60":{"start":{"line":109,"column":2},"end":{"line":122,"column":null}},"61":{"start":{"line":109,"column":2},"end":{"line":109,"column":20}},"62":{"start":{"line":110,"column":20},"end":{"line":110,"column":23}},"63":{"start":{"line":111,"column":17},"end":{"line":114,"column":5}},"64":{"start":{"line":112,"column":21},"end":{"line":112,"column":110}},"65":{"start":{"line":113,"column":6},"end":{"line":113,"column":39}},"66":{"start":{"line":115,"column":22},"end":{"line":115,"column":29}},"67":{"start":{"line":116,"column":22},"end":{"line":116,"column":37}},"68":{"start":{"line":117,"column":21},"end":{"line":117,"column":22}},"69":{"start":{"line":118,"column":4},"end":{"line":120,"column":null}},"70":{"start":{"line":118,"column":20},"end":{"line":118,"column":21}},"71":{"start":{"line":119,"column":6},"end":{"line":119,"column":39}},"72":{"start":{"line":121,"column":4},"end":{"line":121,"column":46}},"73":{"start":{"line":123,"column":0},"end":{"line":123,"column":null}},"74":{"start":{"line":7,"column":13},"end":{"line":7,"column":17}},"75":{"start":{"line":125,"column":0},"end":{"line":125,"column":null}},"76":{"start":{"line":125,"column":28},"end":{"line":125,"column":32}},"77":{"start":{"line":134,"column":6},"end":{"line":134,"column":null}},"78":{"start":{"line":127,"column":2},"end":{"line":127,"column":23}},"79":{"start":{"line":128,"column":2},"end":{"line":128,"column":31}},"80":{"start":{"line":129,"column":2},"end":{"line":129,"column":29}},"81":{"start":{"line":135,"column":6},"end":{"line":135,"column":25}},"82":{"start":{"line":136,"column":6},"end":{"line":136,"column":81}},"83":{"start":{"line":137,"column":6},"end":{"line":137,"column":74}},"84":{"start":{"line":140,"column":2},"end":{"line":155,"column":null}},"85":{"start":{"line":140,"column":9},"end":{"line":140,"column":null}},"86":{"start":{"line":141,"column":4},"end":{"line":141,"column":24}},"87":{"start":{"line":142,"column":4},"end":{"line":142,"column":20}},"88":{"start":{"line":145,"column":4},"end":{"line":154,"column":null}},"89":{"start":{"line":146,"column":22},"end":{"line":146,"column":63}},"90":{"start":{"line":147,"column":22},"end":{"line":147,"column":65}},"91":{"start":{"line":149,"column":6},"end":{"line":149,"column":19}},"92":{"start":{"line":150,"column":6},"end":{"line":150,"column":44}},"93":{"start":{"line":151,"column":6},"end":{"line":151,"column":46}},"94":{"start":{"line":152,"column":6},"end":{"line":152,"column":20}},"95":{"start":{"line":153,"column":6},"end":{"line":153,"column":20}},"96":{"start":{"line":157,"column":2},"end":{"line":159,"column":null}},"97":{"start":{"line":158,"column":4},"end":{"line":158,"column":23}},"98":{"start":{"line":161,"column":2},"end":{"line":166,"column":null}},"99":{"start":{"line":162,"column":4},"end":{"line":162,"column":41}},"100":{"start":{"line":163,"column":4},"end":{"line":165,"column":null}},"101":{"start":{"line":164,"column":6},"end":{"line":164,"column":26}},"102":{"start":{"line":167,"column":0},"end":{"line":167,"column":null}},"103":{"start":{"line":125,"column":13},"end":{"line":125,"column":19}},"104":{"start":{"line":169,"column":0},"end":{"line":169,"column":null}},"105":{"start":{"line":169,"column":27},"end":{"line":169,"column":31}},"106":{"start":{"line":172,"column":4},"end":{"line":172,"column":null}},"107":{"start":{"line":173,"column":4},"end":{"line":173,"column":19}},"108":{"start":{"line":175,"column":0},"end":{"line":175,"column":null}},"109":{"start":{"line":169,"column":13},"end":{"line":169,"column":18}}},"fnMap":{"0":{"name":"(anonymous_6)","decl":{"start":{"line":7,"column":0},"end":{"line":7,"column":13}},"loc":{"start":{"line":7,"column":0},"end":{"line":123,"column":null}}},"1":{"name":"Unit","decl":{"start":{"line":26,"column":2},"end":{"line":26,"column":14}},"loc":{"start":{"line":26,"column":82},"end":{"line":44,"column":3}}},"2":{"name":"(anonymous_8)","decl":{"start":{"line":46,"column":2},"end":{"line":46,"column":7}},"loc":{"start":{"line":46,"column":2},"end":{"line":49,"column":3}}},"3":{"name":"(anonymous_9)","decl":{"start":{"line":51,"column":2},"end":{"line":51,"column":8}},"loc":{"start":{"line":51,"column":2},"end":{"line":66,"column":3}}},"4":{"name":"(anonymous_10)","decl":{"start":{"line":68,"column":2},"end":{"line":68,"column":8}},"loc":{"start":{"line":68,"column":2},"end":{"line":88,"column":3}}},"5":{"name":"(anonymous_11)","decl":{"start":{"line":90,"column":2},"end":{"line":90,"column":8}},"loc":{"start":{"line":90,"column":45},"end":{"line":107,"column":3}}},"6":{"name":"(anonymous_12)","decl":{"start":{"line":109,"column":2},"end":{"line":109,"column":20}},"loc":{"start":{"line":109,"column":32},"end":{"line":122,"column":3}}},"7":{"name":"(anonymous_13)","decl":{"start":{"line":111,"column":17},"end":{"line":111,"column":18}},"loc":{"start":{"line":111,"column":30},"end":{"line":114,"column":5}}},"8":{"name":"(anonymous_14)","decl":{"start":{"line":125,"column":0},"end":{"line":125,"column":13}},"loc":{"start":{"line":125,"column":0},"end":{"line":167,"column":null}}},"9":{"name":"Friend","decl":{"start":{"line":133,"column":2},"end":{"line":133,"column":14}},"loc":{"start":{"line":133,"column":88},"end":{"line":138,"column":3}}},"10":{"name":"(anonymous_16)","decl":{"start":{"line":140,"column":2},"end":{"line":140,"column":8}},"loc":{"start":{"line":140,"column":24},"end":{"line":155,"column":3}}},"11":{"name":"(anonymous_17)","decl":{"start":{"line":157,"column":2},"end":{"line":157,"column":11}},"loc":{"start":{"line":157,"column":26},"end":{"line":159,"column":3}}},"12":{"name":"(anonymous_18)","decl":{"start":{"line":161,"column":2},"end":{"line":161,"column":17}},"loc":{"start":{"line":161,"column":2},"end":{"line":166,"column":3}}},"13":{"name":"(anonymous_19)","decl":{"start":{"line":169,"column":0},"end":{"line":169,"column":13}},"loc":{"start":{"line":169,"column":0},"end":{"line":175,"column":null}}},"14":{"name":"Enemy","decl":{"start":{"line":171,"column":2},"end":{"line":171,"column":14}},"loc":{"start":{"line":171,"column":65},"end":{"line":174,"column":3}}}},"branchMap":{"0":{"loc":{"start":{"line":29,"column":37},"end":{"line":29,"column":50}},"type":"cond-expr","locations":[{"start":{"line":29,"column":37},"end":{"line":29,"column":50}},{"start":{"line":29,"column":53},"end":{"line":29,"column":54}}]},"1":{"loc":{"start":{"line":30,"column":37},"end":{"line":30,"column":50}},"type":"cond-expr","locations":[{"start":{"line":30,"column":37},"end":{"line":30,"column":50}},{"start":{"line":30,"column":53},"end":{"line":30,"column":54}}]},"2":{"loc":{"start":{"line":31,"column":33},"end":{"line":31,"column":44}},"type":"cond-expr","locations":[{"start":{"line":31,"column":33},"end":{"line":31,"column":44}},{"start":{"line":31,"column":47},"end":{"line":31,"column":48}}]},"3":{"loc":{"start":{"line":32,"column":31},"end":{"line":32,"column":41}},"type":"cond-expr","locations":[{"start":{"line":32,"column":31},"end":{"line":32,"column":41}},{"start":{"line":32,"column":44},"end":{"line":32,"column":45}}]},"4":{"loc":{"start":{"line":33,"column":49},"end":{"line":33,"column":61}},"type":"cond-expr","locations":[{"start":{"line":33,"column":49},"end":{"line":33,"column":61}},{"start":{"line":33,"column":64},"end":{"line":33,"column":69}}]},"5":{"loc":{"start":{"line":55,"column":4},"end":{"line":58,"column":null}},"type":"if","locations":[{"start":{"line":55,"column":4},"end":{"line":58,"column":null}},{"start":{"line":55,"column":4},"end":{"line":58,"column":null}}]},"6":{"loc":{"start":{"line":59,"column":4},"end":{"line":62,"column":null}},"type":"if","locations":[{"start":{"line":59,"column":4},"end":{"line":62,"column":null}},{"start":{"line":59,"column":4},"end":{"line":62,"column":null}}]},"7":{"loc":{"start":{"line":72,"column":4},"end":{"line":84,"column":null}},"type":"if","locations":[{"start":{"line":72,"column":4},"end":{"line":84,"column":null}},{"start":{"line":72,"column":4},"end":{"line":84,"column":null}}]},"8":{"loc":{"start":{"line":74,"column":11},"end":{"line":84,"column":null}},"type":"if","locations":[{"start":{"line":74,"column":11},"end":{"line":84,"column":null}},{"start":{"line":74,"column":11},"end":{"line":84,"column":null}}]},"9":{"loc":{"start":{"line":76,"column":11},"end":{"line":84,"column":null}},"type":"if","locations":[{"start":{"line":76,"column":11},"end":{"line":84,"column":null}},{"start":{"line":76,"column":11},"end":{"line":84,"column":null}}]},"10":{"loc":{"start":{"line":78,"column":11},"end":{"line":84,"column":null}},"type":"if","locations":[{"start":{"line":78,"column":11},"end":{"line":84,"column":null}},{"start":{"line":78,"column":11},"end":{"line":84,"column":null}}]},"11":{"loc":{"start":{"line":80,"column":11},"end":{"line":84,"column":null}},"type":"if","locations":[{"start":{"line":80,"column":11},"end":{"line":84,"column":null}},{"start":{"line":80,"column":11},"end":{"line":84,"column":null}}]},"12":{"loc":{"start":{"line":82,"column":11},"end":{"line":84,"column":null}},"type":"if","locations":[{"start":{"line":82,"column":11},"end":{"line":84,"column":null}},{"start":{"line":82,"column":11},"end":{"line":84,"column":null}}]},"13":{"loc":{"start":{"line":90,"column":22},"end":{"line":90,"column":null}},"type":"if","locations":[{"start":{"line":90,"column":22},"end":{"line":90,"column":null}},{"start":{"line":90,"column":22},"end":{"line":90,"column":null}}]},"14":{"loc":{"start":{"line":91,"column":4},"end":{"line":93,"column":null}},"type":"if","locations":[{"start":{"line":91,"column":4},"end":{"line":93,"column":null}},{"start":{"line":91,"column":4},"end":{"line":93,"column":null}}]},"15":{"loc":{"start":{"line":94,"column":4},"end":{"line":106,"column":null}},"type":"if","locations":[{"start":{"line":94,"column":4},"end":{"line":106,"column":null}},{"start":{"line":94,"column":4},"end":{"line":106,"column":null}}]},"16":{"loc":{"start":{"line":96,"column":8},"end":{"line":96,"column":102}},"type":"cond-expr","locations":[{"start":{"line":96,"column":8},"end":{"line":96,"column":102}},{"start":{"line":97,"column":10},"end":{"line":97,"column":21}}]},"17":{"loc":{"start":{"line":98,"column":6},"end":{"line":102,"column":null}},"type":"if","locations":[{"start":{"line":98,"column":6},"end":{"line":102,"column":null}},{"start":{"line":98,"column":6},"end":{"line":102,"column":null}}]},"18":{"loc":{"start":{"line":113,"column":28},"end":{"line":113,"column":29}},"type":"cond-expr","locations":[{"start":{"line":113,"column":28},"end":{"line":113,"column":29}},{"start":{"line":113,"column":32},"end":{"line":113,"column":38}}]},"19":{"loc":{"start":{"line":134,"column":6},"end":{"line":134,"column":30}},"type":"binary-expr","locations":[{"start":{"line":134,"column":6},"end":{"line":134,"column":30}},{"start":{"line":134,"column":30},"end":{"line":134,"column":null}}]},"20":{"loc":{"start":{"line":136,"column":57},"end":{"line":136,"column":72}},"type":"cond-expr","locations":[{"start":{"line":136,"column":57},"end":{"line":136,"column":72}},{"start":{"line":136,"column":75},"end":{"line":136,"column":80}}]},"21":{"loc":{"start":{"line":137,"column":53},"end":{"line":137,"column":66}},"type":"cond-expr","locations":[{"start":{"line":137,"column":53},"end":{"line":137,"column":66}},{"start":{"line":137,"column":69},"end":{"line":137,"column":73}}]},"22":{"loc":{"start":{"line":140,"column":9},"end":{"line":140,"column":null}},"type":"if","locations":[{"start":{"line":140,"column":9},"end":{"line":140,"column":null}},{"start":{"line":140,"column":9},"end":{"line":140,"column":null}}]},"23":{"loc":{"start":{"line":163,"column":4},"end":{"line":165,"column":null}},"type":"if","locations":[{"start":{"line":163,"column":4},"end":{"line":165,"column":null}},{"start":{"line":163,"column":4},"end":{"line":165,"column":null}}]},"24":{"loc":{"start":{"line":172,"column":4},"end":{"line":172,"column":51}},"type":"binary-expr","locations":[{"start":{"line":172,"column":4},"end":{"line":172,"column":51}},{"start":{"line":172,"column":51},"end":{"line":172,"column":null}}]}},"s":{"0":1,"1":1,"2":11,"3":11,"4":11,"5":11,"6":11,"7":11,"8":11,"9":11,"10":11,"11":11,"12":11,"13":11,"14":11,"15":11,"16":11,"17":11,"18":11,"19":11,"20":11,"21":11,"22":1,"23":11,"24":11,"25":1,"26":12,"27":12,"28":2,"29":12,"30":1,"31":12,"32":12,"33":1,"34":18,"35":18,"36":1,"37":17,"38":1,"39":16,"40":1,"41":15,"42":1,"43":14,"44":1,"45":13,"46":1,"47":18,"48":18,"49":1,"50":6,"51":3,"52":1,"53":2,"54":1,"55":1,"56":0,"57":1,"58":1,"59":1,"60":1,"61":0,"62":0,"63":0,"64":0,"65":0,"66":0,"67":0,"68":0,"69":0,"70":0,"71":0,"72":0,"73":1,"74":1,"75":1,"76":1,"77":6,"78":6,"79":6,"80":6,"81":6,"82":6,"83":6,"84":1,"85":6,"86":3,"87":3,"88":3,"89":1,"90":1,"91":1,"92":1,"93":1,"94":1,"95":1,"96":1,"97":3,"98":1,"99":2,"100":2,"101":0,"102":1,"103":1,"104":1,"105":1,"106":5,"107":5,"108":1,"109":1},"f":{"0":1,"1":11,"2":11,"3":12,"4":18,"5":3,"6":0,"7":0,"8":1,"9":6,"10":3,"11":3,"12":2,"13":1,"14":5},"b":{"0":[2,9],"1":[0,11],"2":[1,10],"3":[1,10],"4":[0,11],"5":[2,10],"6":[1,11],"7":[1,17],"8":[1,16],"9":[1,15],"10":[1,14],"11":[1,13],"12":[1,12],"13":[3,0],"14":[1,2],"15":[1,1],"16":[1,0],"17":[0,1],"18":[0,0],"19":[6,6],"20":[0,6],"21":[0,6],"22":[3,0],"23":[0,2],"24":[5,5]}}
}
