TN:
SF:src\lib\actionOrder.ts
FN:6,(anonymous_0)
FN:14,(anonymous_1)
FN:24,(anonymous_2)
FN:44,(anonymous_3)
FN:49,(anonymous_6)
FN:154,(anonymous_7)
FN:155,(anonymous_8)
FN:156,(anonymous_9)
FN:157,(anonymous_10)
FNF:9
FNH:9
FNDA:12,(anonymous_0)
FNDA:2,(anonymous_1)
FNDA:6,(anonymous_2)
FNDA:1,(anonymous_3)
FNDA:30,(anonymous_6)
FNDA:4,(anonymous_7)
FNDA:6,(anonymous_8)
FNDA:315,(anonymous_9)
FNDA:143,(anonymous_10)
DA:6,1
DA:7,12
DA:8,2
DA:10,10
DA:14,1
DA:15,2
DA:16,2
DA:17,6
DA:18,18
DA:19,8
DA:24,2
DA:25,6
DA:26,6
DA:27,6
DA:28,0
DA:30,6
DA:31,4
DA:33,2
DA:34,2
DA:35,2
DA:36,0
DA:37,0
DA:40,0
DA:44,1
DA:45,1
DA:46,1
DA:47,3
DA:48,9
DA:49,30
DA:50,9
DA:51,5
DA:53,4
DA:56,3
DA:58,1
DA:62,1
DA:154,1
DA:155,4
DA:156,315
DA:157,143
DA:159,6
DA:160,1
DA:162,5
DA:163,1
DA:166,4
DA:167,2
DA:168,2
DA:169,1
DA:171,1
LF:48
LH:44
BRDA:7,0,0,2
BRDA:7,0,1,10
BRDA:18,1,0,8
BRDA:18,1,1,10
BRDA:27,2,0,0
BRDA:27,2,1,6
BRDA:30,3,0,4
BRDA:30,3,1,2
BRDA:33,4,0,2
BRDA:33,4,1,0
BRDA:34,5,0,2
BRDA:34,5,1,0
BRDA:36,6,0,0
BRDA:36,6,1,0
BRDA:49,7,0,30
BRDA:49,7,1,11
BRDA:50,8,0,5
BRDA:50,8,1,4
BRDA:156,9,0,315
BRDA:156,9,1,19
BRDA:157,10,0,143
BRDA:157,10,1,11
BRDA:159,11,0,1
BRDA:159,11,1,5
BRDA:162,12,0,1
BRDA:162,12,1,4
BRDA:166,13,0,2
BRDA:166,13,1,2
BRDA:168,14,0,1
BRDA:168,14,1,1
BRF:30
BRH:25
end_of_record
TN:
SF:src\lib\checkInp.ts
FN:6,(anonymous_2)
FN:46,(anonymous_3)
FNF:2
FNH:2
FNDA:26,(anonymous_2)
FNDA:70,(anonymous_3)
DA:6,3
DA:8,26
DA:9,1
DA:11,70
DA:12,70
DA:16,19
DA:17,19
DA:18,1
DA:20,18
DA:21,1
DA:23,17
DA:24,1
DA:26,16
DA:27,667
DA:28,667
DA:29,1
DA:32,15
DA:33,60
DA:34,1
DA:39,14
DA:40,14
DA:41,13
DA:42,12
DA:43,11
DA:46,3
DA:47,70
DA:48,1
DA:50,69
DA:51,1
DA:53,68
DA:54,1
DA:56,67
DA:57,1
DA:59,66
DA:60,1
DA:62,65
DA:63,1
DA:67,3
LF:38
LH:38
BRDA:8,0,0,1
BRDA:8,0,1,25
BRDA:8,1,0,26
BRDA:8,1,1,25
BRDA:17,2,0,1
BRDA:17,2,1,18
BRDA:17,3,0,19
BRDA:17,3,1,19
BRDA:20,4,0,1
BRDA:20,4,1,17
BRDA:20,5,0,18
BRDA:20,5,1,18
BRDA:23,6,0,1
BRDA:23,6,1,16
BRDA:28,7,0,1
BRDA:28,7,1,666
BRDA:33,8,0,1
BRDA:33,8,1,59
BRDA:40,9,0,1
BRDA:40,9,1,13
BRDA:41,10,0,1
BRDA:41,10,1,12
BRDA:42,11,0,1
BRDA:42,11,1,11
BRDA:43,12,0,1
BRDA:43,12,1,10
BRDA:47,13,0,1
BRDA:47,13,1,69
BRDA:47,14,0,70
BRDA:47,14,1,70
BRDA:47,14,2,69
BRDA:50,15,0,1
BRDA:50,15,1,68
BRDA:50,16,0,69
BRDA:50,16,1,1
BRDA:50,16,2,1
BRDA:53,17,0,1
BRDA:53,17,1,67
BRDA:53,18,0,68
BRDA:53,18,1,1
BRDA:53,18,2,1
BRDA:56,19,0,1
BRDA:56,19,1,66
BRDA:56,20,0,67
BRDA:56,20,1,20
BRDA:59,21,0,1
BRDA:59,21,1,65
BRDA:59,22,0,66
BRDA:59,22,1,1
BRDA:62,23,0,1
BRDA:62,23,1,64
BRDA:62,24,0,65
BRDA:62,24,1,2
BRDA:62,24,2,2
BRF:54
BRH:54
end_of_record
TN:
SF:src\lib\config.ts
FNF:0
FNH:0
DA:1,3
DA:4,3
DA:6,3
DA:12,3
DA:96,3
DA:107,3
DA:112,3
LF:7
LH:7
BRF:0
BRH:0
end_of_record
TN:
SF:src\lib\manager.ts
FN:30,(anonymous_4)
FN:34,(anonymous_5)
FN:41,(anonymous_6)
FN:61,(anonymous_7)
FN:71,Manager
FN:80,(anonymous_9)
FN:95,(anonymous_11)
FN:104,(anonymous_12)
FN:124,(anonymous_13)
FN:156,(anonymous_14)
FN:157,(anonymous_15)
FN:160,(anonymous_16)
FN:177,(anonymous_17)
FN:184,(anonymous_18)
FN:203,(anonymous_19)
FN:208,(anonymous_20)
FN:215,(anonymous_21)
FN:238,(anonymous_22)
FN:253,(anonymous_23)
FN:273,(anonymous_24)
FN:275,(anonymous_25)
FN:285,(anonymous_26)
FN:307,(anonymous_27)
FN:322,(anonymous_28)
FN:441,(anonymous_29)
FN:493,(anonymous_30)
FN:516,(anonymous_31)
FN:597,(anonymous_32)
FN:612,(anonymous_33)
FN:612,(anonymous_34)
FN:617,(anonymous_35)
FN:618,(anonymous_36)
FN:621,(anonymous_37)
FN:622,(anonymous_38)
FN:630,(anonymous_39)
FN:641,(anonymous_40)
FN:642,(anonymous_41)
FN:643,(anonymous_42)
FN:646,(anonymous_43)
FN:647,(anonymous_44)
FN:653,(anonymous_45)
FN:654,(anonymous_46)
FN:656,(anonymous_47)
FN:659,(anonymous_48)
FN:660,(anonymous_49)
FNF:45
FNH:44
FNDA:52728,(anonymous_4)
FNDA:189824,(anonymous_5)
FNDA:3,(anonymous_6)
FNDA:2,(anonymous_7)
FNDA:10,Manager
FNDA:207,(anonymous_9)
FNDA:4016,(anonymous_11)
FNDA:3025,(anonymous_12)
FNDA:104,(anonymous_13)
FNDA:39034,(anonymous_14)
FNDA:113864,(anonymous_15)
FNDA:217,(anonymous_16)
FNDA:7,(anonymous_17)
FNDA:207,(anonymous_18)
FNDA:9209,(anonymous_19)
FNDA:9209,(anonymous_20)
FNDA:21214,(anonymous_21)
FNDA:9209,(anonymous_22)
FNDA:106709,(anonymous_23)
FNDA:102,(anonymous_24)
FNDA:103,(anonymous_25)
FNDA:61526,(anonymous_26)
FNDA:13703,(anonymous_27)
FNDA:1500,(anonymous_28)
FNDA:9,(anonymous_29)
FNDA:72000,(anonymous_30)
FNDA:21000,(anonymous_31)
FNDA:7,(anonymous_32)
FNDA:52,(anonymous_33)
FNDA:0,(anonymous_34)
FNDA:52,(anonymous_35)
FNDA:52,(anonymous_36)
FNDA:52,(anonymous_37)
FNDA:52,(anonymous_38)
FNDA:7,(anonymous_39)
FNDA:7,(anonymous_40)
FNDA:7,(anonymous_41)
FNDA:7,(anonymous_42)
FNDA:7,(anonymous_43)
FNDA:7,(anonymous_44)
FNDA:7,(anonymous_45)
FNDA:7,(anonymous_46)
FNDA:7,(anonymous_47)
FNDA:7,(anonymous_48)
FNDA:7,(anonymous_49)
DA:4,2
DA:5,2
DA:15,2
DA:23,2
DA:24,2
DA:30,2
DA:31,52728
DA:34,2
DA:35,189824
DA:41,2
DA:42,3
DA:44,3
DA:45,3
DA:46,3
DA:47,3
DA:48,3
DA:49,3
DA:50,2
DA:54,1
DA:55,1
DA:58,2
DA:61,2
DA:65,10
DA:66,10
DA:67,10
DA:68,10
DA:69,10
DA:72,10
DA:74,10
DA:75,10
DA:76,9
DA:77,9
DA:80,2
DA:81,207
DA:82,207
DA:83,207
DA:84,207
DA:85,207
DA:93,252
DA:95,4016
DA:96,252
DA:100,252
DA:104,207
DA:105,3025
DA:106,215
DA:108,3025
DA:110,215
DA:111,215
DA:115,215
DA:124,2
DA:125,104
DA:126,104
DA:127,0
DA:128,0
DA:131,104
DA:142,104
DA:143,104
DA:144,824
DA:145,824
DA:147,824
DA:148,824
DA:149,2
DA:150,2
DA:153,102
DA:156,2
DA:157,113864
DA:160,219
DA:161,217
DA:162,216
DA:163,216
DA:164,216
DA:165,216
DA:177,2
DA:178,7
DA:179,7
DA:180,7
DA:184,2
DA:185,207
DA:186,207
DA:188,9209
DA:190,76709
DA:191,76709
DA:192,0
DA:196,9209
DA:198,9108
DA:200,106
DA:203,2
DA:204,9209
DA:205,9209
DA:208,2
DA:210,21214
DA:211,21214
DA:215,2
DA:217,21214
DA:218,21214
DA:219,18025
DA:220,18025
DA:221,18025
DA:223,18025
DA:224,100
DA:226,18025
DA:229,3189
DA:230,3189
DA:231,175
DA:232,175
DA:233,175
DA:234,175
DA:238,2
DA:240,18418
DA:241,153418
DA:242,153418
DA:243,106709
DA:244,106709
DA:245,54177
DA:247,106709
DA:253,2
DA:254,106709
DA:255,1500
DA:256,105209
DA:257,72000
DA:258,33209
DA:259,21000
DA:260,12209
DA:261,9
DA:262,12200
DA:263,1500
DA:265,10700
DA:273,2
DA:274,102
DA:275,103
DA:285,123052
DA:286,61526
DA:288,61526
DA:290,100
DA:291,100
DA:292,100
DA:293,61426
DA:295,0
DA:296,0
DA:297,0
DA:299,0
DA:301,61426
DA:307,2
DA:308,13703
DA:309,13703
DA:310,1526
DA:311,1526
DA:312,1526
DA:313,1526
DA:315,12177
DA:322,2
DA:323,1500
DA:325,1500
DA:326,1500
DA:327,1500
DA:328,0
DA:329,0
DA:332,0
DA:334,0
DA:335,0
DA:336,0
DA:337,0
DA:339,0
DA:341,0
DA:342,0
DA:343,0
DA:345,0
DA:347,0
DA:348,0
DA:349,0
DA:351,0
DA:353,0
DA:354,0
DA:355,0
DA:357,0
DA:359,0
DA:360,0
DA:361,0
DA:363,0
DA:365,0
DA:366,0
DA:367,0
DA:369,0
DA:371,0
DA:372,0
DA:373,0
DA:375,0
DA:377,0
DA:378,0
DA:379,0
DA:381,0
DA:382,0
DA:384,0
DA:386,0
DA:388,0
DA:389,0
DA:390,0
DA:392,0
DA:393,0
DA:395,0
DA:397,0
DA:399,0
DA:400,0
DA:401,0
DA:402,0
DA:403,0
DA:405,0
DA:407,0
DA:409,0
DA:410,0
DA:411,0
DA:412,0
DA:413,0
DA:415,0
DA:417,0
DA:419,0
DA:420,0
DA:421,0
DA:422,0
DA:423,0
DA:425,0
DA:427,0
DA:429,0
DA:434,1500
DA:441,2
DA:442,9
DA:443,9
DA:444,9
DA:446,9
DA:449,9
DA:450,3
DA:451,3
DA:454,6
DA:455,0
DA:456,0
DA:460,6
DA:461,6
DA:462,6
DA:466,6
DA:467,6
DA:468,6
DA:469,6
DA:472,6
DA:473,2
DA:474,2
DA:475,2
DA:479,4
DA:480,0
DA:482,4
DA:483,4
DA:484,2
DA:486,4
DA:493,2
DA:494,72000
DA:495,72000
DA:496,30000
DA:497,30000
DA:499,30000
DA:500,30000
DA:501,30000
DA:502,30000
DA:504,42000
DA:516,2
DA:517,21000
DA:518,21000
DA:521,21000
DA:522,63000
DA:523,189000
DA:524,189000
DA:525,189000
DA:526,189000
DA:528,168000
DA:529,43500
DA:530,43500
DA:531,124500
DA:532,7500
DA:533,7500
DA:537,21000
DA:538,21000
DA:541,21000
DA:542,21000
DA:543,0
DA:544,0
DA:545,0
DA:548,21000
DA:549,0
DA:550,0
DA:551,0
DA:552,0
DA:553,0
DA:555,0
DA:559,21000
DA:560,21000
DA:561,21000
DA:564,21000
DA:565,0
DA:566,0
DA:567,0
DA:568,0
DA:569,0
DA:571,0
DA:575,21000
DA:576,21000
DA:577,21000
DA:578,21000
DA:584,2898
DA:585,2898
DA:586,2898
DA:587,2898
DA:588,2898
DA:591,2898
DA:594,18102
DA:597,7
DA:599,7
DA:600,7
DA:601,1
DA:602,1
DA:604,0
DA:608,7
DA:612,52
DA:617,52
DA:618,52
DA:621,52
DA:622,52
DA:630,2
DA:631,7
DA:632,7
DA:633,7
DA:634,0
DA:638,7
DA:641,7
DA:642,7
DA:643,7
DA:646,7
DA:647,7
DA:653,7
DA:654,7
DA:656,7
DA:659,7
DA:660,7
DA:665,2
LF:341
LH:246
BRDA:75,0,0,3
BRDA:75,0,1,7
BRDA:105,1,0,215
BRDA:105,1,1,2810
BRDA:125,2,0,0
BRDA:125,2,1,104
BRDA:126,3,0,0
BRDA:126,3,1,104
BRDA:145,4,0,296
BRDA:145,4,1,528
BRDA:148,5,0,2
BRDA:148,5,1,822
BRDA:160,6,0,2
BRDA:160,6,1,215
BRDA:161,7,0,216
BRDA:161,7,1,1
BRDA:191,8,0,0
BRDA:191,8,1,76709
BRDA:196,9,0,101
BRDA:196,9,1,9108
BRDA:218,10,0,18025
BRDA:218,10,1,3189
BRDA:223,11,0,100
BRDA:223,11,1,17925
BRDA:223,12,0,18025
BRDA:223,12,1,1525
BRDA:223,12,2,200
BRDA:230,13,0,175
BRDA:230,13,1,3014
BRDA:242,14,0,106709
BRDA:242,14,1,46709
BRDA:242,15,0,153418
BRDA:242,15,1,76709
BRDA:244,16,0,54177
BRDA:244,16,1,52532
BRDA:254,17,0,1500
BRDA:254,17,1,105209
BRDA:256,18,0,72000
BRDA:256,18,1,33209
BRDA:256,19,0,105209
BRDA:256,19,1,33209
BRDA:258,20,0,21000
BRDA:258,20,1,12209
BRDA:260,21,0,9
BRDA:260,21,1,12200
BRDA:260,22,0,12209
BRDA:260,22,1,12209
BRDA:262,23,0,1500
BRDA:262,23,1,10700
BRDA:285,24,0,61526
BRDA:285,24,1,0
BRDA:288,25,0,100
BRDA:288,25,1,61426
BRDA:293,26,0,0
BRDA:293,26,1,61426
BRDA:296,27,0,0
BRDA:296,27,1,0
BRDA:309,28,0,1526
BRDA:309,28,1,12177
BRDA:327,29,0,0
BRDA:327,29,1,1500
BRDA:333,30,0,0
BRDA:333,30,1,0
BRDA:333,30,2,0
BRDA:333,30,3,0
BRDA:333,30,4,0
BRDA:333,30,5,0
BRDA:333,30,6,0
BRDA:333,30,7,0
BRDA:333,30,8,0
BRDA:333,30,9,0
BRDA:333,30,10,0
BRDA:333,30,11,0
BRDA:333,30,12,0
BRDA:334,31,0,0
BRDA:334,31,1,0
BRDA:341,32,0,0
BRDA:341,32,1,0
BRDA:347,33,0,0
BRDA:347,33,1,0
BRDA:353,34,0,0
BRDA:353,34,1,0
BRDA:359,35,0,0
BRDA:359,35,1,0
BRDA:365,36,0,0
BRDA:365,36,1,0
BRDA:371,37,0,0
BRDA:371,37,1,0
BRDA:377,38,0,0
BRDA:377,38,1,0
BRDA:378,39,0,0
BRDA:378,39,1,0
BRDA:388,40,0,0
BRDA:388,40,1,0
BRDA:389,41,0,0
BRDA:389,41,1,0
BRDA:399,42,0,0
BRDA:399,42,1,0
BRDA:401,43,0,0
BRDA:401,43,1,0
BRDA:409,44,0,0
BRDA:409,44,1,0
BRDA:411,45,0,0
BRDA:411,45,1,0
BRDA:419,46,0,0
BRDA:419,46,1,0
BRDA:421,47,0,0
BRDA:421,47,1,0
BRDA:443,48,0,0
BRDA:443,48,1,9
BRDA:444,49,0,0
BRDA:444,49,1,9
BRDA:449,50,0,3
BRDA:449,50,1,6
BRDA:454,51,0,0
BRDA:454,51,1,6
BRDA:461,52,0,0
BRDA:461,52,1,6
BRDA:472,53,0,2
BRDA:472,53,1,4
BRDA:479,54,0,0
BRDA:479,54,1,4
BRDA:483,55,0,2
BRDA:483,55,1,2
BRDA:495,56,0,30000
BRDA:495,56,1,42000
BRDA:500,57,0,0
BRDA:500,57,1,30000
BRDA:526,58,0,21000
BRDA:526,58,1,168000
BRDA:526,59,0,189000
BRDA:526,59,1,63000
BRDA:528,60,0,43500
BRDA:528,60,1,124500
BRDA:528,61,0,168000
BRDA:528,61,1,51000
BRDA:530,62,0,0
BRDA:530,62,1,43500
BRDA:531,63,0,7500
BRDA:531,63,1,117000
BRDA:533,64,0,0
BRDA:533,64,1,7500
BRDA:538,65,0,21000
BRDA:538,65,1,21000
BRDA:543,66,0,0
BRDA:543,66,1,0
BRDA:548,67,0,0
BRDA:548,67,1,21000
BRDA:553,68,0,0
BRDA:553,68,1,0
BRDA:560,69,0,21000
BRDA:560,69,1,21000
BRDA:565,70,0,0
BRDA:565,70,1,0
BRDA:576,71,0,21000
BRDA:576,71,1,21000
BRDA:578,72,0,2898
BRDA:578,72,1,18102
BRDA:579,73,0,21000
BRDA:579,73,1,3000
BRDA:579,73,2,3000
BRDA:579,73,3,2898
BRDA:600,74,0,1
BRDA:600,74,1,6
BRDA:601,75,0,1
BRDA:601,75,1,0
BRF:166
BRH:95
end_of_record
TN:
SF:src\lib\mathFunctions.ts
FN:5,(anonymous_0)
FN:6,(anonymous_1)
FN:11,(anonymous_2)
FN:15,(anonymous_3)
FN:17,(anonymous_4)
FN:17,(anonymous_5)
FN:28,(anonymous_6)
FN:32,(anonymous_8)
FN:33,(anonymous_9)
FNF:9
FNH:9
FNDA:351,(anonymous_0)
FNDA:17,(anonymous_1)
FNDA:350,(anonymous_2)
FNDA:175,(anonymous_3)
FNDA:182,(anonymous_4)
FNDA:7,(anonymous_5)
FNDA:22,(anonymous_6)
FNDA:164,(anonymous_8)
FNDA:164,(anonymous_9)
DA:5,3
DA:6,351
DA:7,17
DA:11,3
DA:12,350
DA:15,3
DA:16,175
DA:17,182
DA:18,7
DA:20,175
DA:28,3
DA:29,22
DA:30,22
DA:31,160
DA:32,164
DA:33,164
DA:35,22
LF:17
LH:17
BRF:0
BRH:0
end_of_record
TN:
SF:src\lib\sampleInputs.ts
FNF:0
FNH:0
DA:3,1
LF:1
LH:1
BRF:0
BRH:0
end_of_record
TN:
SF:src\lib\scsField.ts
FN:5,(anonymous_4)
FN:9,SCSField
FN:26,(anonymous_6)
FN:30,(anonymous_7)
FN:40,(anonymous_8)
FN:46,(anonymous_9)
FN:46,(anonymous_10)
FN:48,(anonymous_11)
FN:84,(anonymous_12)
FN:89,(anonymous_13)
FN:126,(anonymous_14)
FN:139,(anonymous_15)
FN:216,(anonymous_16)
FNF:13
FNH:13
FNDA:3,(anonymous_4)
FNDA:219,SCSField
FNDA:6472,(anonymous_6)
FNDA:1726077,(anonymous_7)
FNDA:129421,(anonymous_8)
FNDA:190944,(anonymous_9)
FNDA:1909440,(anonymous_10)
FNDA:973845,(anonymous_11)
FNDA:24191,(anonymous_12)
FNDA:217719,(anonymous_13)
FNDA:18,(anonymous_14)
FNDA:35,(anonymous_15)
FNDA:1,(anonymous_16)
DA:5,3
DA:10,219
DA:11,219
DA:12,219
DA:14,219
DA:15,219
DA:17,219
DA:18,219
DA:19,877
DA:26,3
DA:27,6472
DA:30,3
DA:31,1726077
DA:40,257341
DA:41,129421
DA:42,129421
DA:43,129421
DA:45,129421
DA:46,1909440
DA:48,973845
DA:51,129421
DA:52,388263
DA:53,1164789
DA:54,1164789
DA:55,1164789
DA:56,1164789
DA:60,117066
DA:61,40906
DA:62,40906
DA:66,76160
DA:67,76160
DA:68,76160
DA:69,76160
DA:70,58152
DA:74,129421
DA:84,24192
DA:85,24191
DA:86,24191
DA:87,24191
DA:89,217719
DA:91,24191
DA:92,72573
DA:93,217719
DA:94,217719
DA:95,217719
DA:96,217719
DA:100,73287
DA:101,39693
DA:102,39693
DA:106,33594
DA:107,33594
DA:108,33594
DA:109,33594
DA:110,29088
DA:114,24191
DA:126,26
DA:127,18
DA:128,18
DA:129,18
DA:130,18
DA:139,35
DA:142,18
DA:143,18
DA:144,19
DA:145,19
DA:146,2
DA:147,2
DA:151,17
DA:152,17
DA:153,18
DA:154,18
DA:155,2
DA:156,2
DA:160,16
DA:161,16
DA:162,17
DA:163,17
DA:164,2
DA:165,2
DA:169,15
DA:170,15
DA:171,27
DA:172,27
DA:173,19
DA:174,19
DA:178,8
DA:179,8
DA:180,9
DA:181,9
DA:182,2
DA:183,2
DA:187,7
DA:188,7
DA:189,8
DA:190,8
DA:191,2
DA:192,2
DA:196,6
DA:197,6
DA:198,7
DA:199,7
DA:200,2
DA:201,2
DA:205,5
DA:206,5
DA:207,8
DA:208,8
DA:209,4
DA:210,4
DA:213,4
DA:216,3
DA:217,1
DA:218,5
DA:219,25
DA:220,25
DA:221,21
DA:222,4
DA:223,3
DA:225,5
DA:227,1
DA:229,3
LF:121
LH:121
BRDA:40,0,0,127920
BRDA:40,0,1,1501
BRDA:46,1,0,21216
BRDA:46,1,1,108205
BRDA:56,2,0,1047723
BRDA:56,2,1,117066
BRDA:60,3,0,40906
BRDA:60,3,1,76160
BRDA:68,4,0,76160
BRDA:68,4,1,67153
BRDA:69,5,0,58152
BRDA:69,5,1,18008
BRDA:69,6,0,76160
BRDA:69,6,1,18009
BRDA:84,7,0,1
BRDA:84,7,1,24190
BRDA:96,8,0,144432
BRDA:96,8,1,73287
BRDA:100,9,0,39693
BRDA:100,9,1,33594
BRDA:108,10,0,33594
BRDA:108,10,1,32090
BRDA:109,11,0,29088
BRDA:109,11,1,4506
BRDA:109,12,0,33594
BRDA:109,12,1,4507
BRDA:126,13,0,8
BRDA:126,13,1,10
BRDA:145,14,0,17
BRDA:145,14,1,2
BRDA:146,15,0,1
BRDA:146,15,1,1
BRDA:146,16,0,2
BRDA:146,16,1,2
BRDA:147,17,0,1
BRDA:147,17,1,1
BRDA:147,18,0,2
BRDA:147,18,1,1
BRDA:152,19,0,18
BRDA:152,19,1,18
BRDA:154,20,0,16
BRDA:154,20,1,2
BRDA:155,21,0,1
BRDA:155,21,1,1
BRDA:155,22,0,2
BRDA:155,22,1,2
BRDA:156,23,0,1
BRDA:156,23,1,1
BRDA:156,24,0,2
BRDA:156,24,1,1
BRDA:163,25,0,15
BRDA:163,25,1,2
BRDA:164,26,0,1
BRDA:164,26,1,1
BRDA:164,27,0,2
BRDA:164,27,1,2
BRDA:165,28,0,1
BRDA:165,28,1,1
BRDA:165,29,0,2
BRDA:165,29,1,1
BRDA:170,30,0,27
BRDA:170,30,1,27
BRDA:172,31,0,8
BRDA:172,31,1,19
BRDA:173,32,0,10
BRDA:173,32,1,9
BRDA:173,33,0,19
BRDA:173,33,1,15
BRDA:174,34,0,7
BRDA:174,34,1,12
BRDA:174,35,0,19
BRDA:174,35,1,14
BRDA:181,36,0,7
BRDA:181,36,1,2
BRDA:182,37,0,1
BRDA:182,37,1,1
BRDA:182,38,0,2
BRDA:182,38,1,2
BRDA:183,39,0,1
BRDA:183,39,1,1
BRDA:183,40,0,2
BRDA:183,40,1,1
BRDA:188,41,0,8
BRDA:188,41,1,8
BRDA:190,42,0,6
BRDA:190,42,1,2
BRDA:191,43,0,1
BRDA:191,43,1,1
BRDA:191,44,0,2
BRDA:191,44,1,2
BRDA:192,45,0,1
BRDA:192,45,1,1
BRDA:192,46,0,2
BRDA:192,46,1,1
BRDA:199,47,0,5
BRDA:199,47,1,2
BRDA:200,48,0,1
BRDA:200,48,1,1
BRDA:200,49,0,2
BRDA:200,49,1,2
BRDA:201,50,0,1
BRDA:201,50,1,1
BRDA:201,51,0,2
BRDA:201,51,1,1
BRDA:206,52,0,8
BRDA:206,52,1,8
BRDA:208,53,0,4
BRDA:208,53,1,4
BRDA:209,54,0,2
BRDA:209,54,1,2
BRDA:209,55,0,4
BRDA:209,55,1,4
BRDA:210,56,0,1
BRDA:210,56,1,3
BRDA:210,57,0,4
BRDA:210,57,1,2
BRDA:220,58,0,4
BRDA:220,58,1,21
BRDA:221,59,0,17
BRDA:221,59,1,4
BRDA:222,60,0,1
BRDA:222,60,1,3
BRF:122
BRH:122
end_of_record
TN:
SF:src\lib\status.ts
FN:4,(anonymous_2)
FN:15,(anonymous_3)
FN:36,(anonymous_4)
FN:57,(anonymous_5)
FN:78,(anonymous_6)
FN:110,(anonymous_7)
FNF:6
FNH:6
FNDA:4,(anonymous_2)
FNDA:1971,(anonymous_3)
FNDA:1971,(anonymous_4)
FNDA:1971,(anonymous_5)
FNDA:1971,(anonymous_6)
FNDA:1973,(anonymous_7)
DA:4,4
DA:5,4
DA:6,4
DA:7,4
DA:8,4
DA:9,4
DA:10,4
DA:11,4
DA:12,4
DA:15,4
DA:16,1971
DA:18,42
DA:20,1725
DA:22,1
DA:24,1
DA:26,1
DA:28,198
DA:30,1
DA:32,2
DA:36,4
DA:37,1971
DA:39,42
DA:41,1725
DA:43,1
DA:45,1
DA:47,1
DA:49,198
DA:51,1
DA:53,2
DA:57,4
DA:58,1971
DA:60,42
DA:62,1725
DA:64,1
DA:66,1
DA:68,1
DA:70,198
DA:72,1
DA:74,2
DA:78,4
DA:79,1971
DA:81,42
DA:83,1725
DA:85,1
DA:87,1
DA:89,1
DA:91,198
DA:93,1
DA:95,2
DA:110,4
DA:111,1973
DA:300,1973
DA:301,1973
DA:302,1
DA:304,1972
DA:305,1
DA:307,1971
DA:308,1971
DA:309,1971
DA:310,1971
DA:312,1971
LF:61
LH:61
BRDA:4,0,0,4
BRDA:4,0,1,4
BRDA:17,1,0,42
BRDA:17,1,1,1725
BRDA:17,1,2,1
BRDA:17,1,3,1
BRDA:17,1,4,1
BRDA:17,1,5,198
BRDA:17,1,6,1
BRDA:17,1,7,2
BRDA:38,2,0,42
BRDA:38,2,1,1725
BRDA:38,2,2,1
BRDA:38,2,3,1
BRDA:38,2,4,1
BRDA:38,2,5,198
BRDA:38,2,6,1
BRDA:38,2,7,2
BRDA:59,3,0,42
BRDA:59,3,1,1725
BRDA:59,3,2,1
BRDA:59,3,3,1
BRDA:59,3,4,1
BRDA:59,3,5,198
BRDA:59,3,6,1
BRDA:59,3,7,2
BRDA:80,4,0,42
BRDA:80,4,1,1725
BRDA:80,4,2,1
BRDA:80,4,3,1
BRDA:80,4,4,1
BRDA:80,4,5,198
BRDA:80,4,6,1
BRDA:80,4,7,2
BRDA:301,5,0,1
BRDA:301,5,1,1972
BRDA:304,6,0,1
BRDA:304,6,1,1971
BRDA:304,7,0,1972
BRDA:304,7,1,1971
BRF:40
BRH:40
end_of_record
TN:
SF:src\lib\unit.ts
FN:8,(anonymous_6)
FN:28,Unit
FN:49,(anonymous_8)
FN:54,(anonymous_9)
FN:71,(anonymous_10)
FN:93,(anonymous_11)
FN:115,(anonymous_12)
FN:117,(anonymous_13)
FN:131,(anonymous_14)
FN:139,Friend
FN:152,(anonymous_16)
FN:172,(anonymous_17)
FN:176,(anonymous_18)
FN:185,(anonymous_19)
FN:187,Enemy
FNF:15
FNH:15
FNDA:3,(anonymous_6)
FNDA:487,Unit
FNDA:487,(anonymous_8)
FNDA:488,(anonymous_9)
FNDA:493,(anonymous_10)
FNDA:79556,(anonymous_11)
FNDA:2,(anonymous_12)
FNDA:516,(anonymous_13)
FNDA:3,(anonymous_14)
FNDA:262,Friend
FNDA:105,(anonymous_16)
FNDA:3,(anonymous_17)
FNDA:106711,(anonymous_18)
FNDA:3,(anonymous_19)
FNDA:225,Enemy
DA:4,3
DA:6,3
DA:8,3
DA:11,487
DA:12,487
DA:13,487
DA:14,487
DA:28,487
DA:29,487
DA:30,487
DA:31,487
DA:32,487
DA:33,487
DA:34,487
DA:35,487
DA:36,487
DA:38,487
DA:39,487
DA:40,487
DA:41,487
DA:43,487
DA:44,487
DA:45,487
DA:46,487
DA:49,3
DA:50,487
DA:51,487
DA:54,3
DA:56,488
DA:58,488
DA:60,23
DA:62,488
DA:64,1
DA:67,488
DA:68,488
DA:71,3
DA:73,493
DA:75,493
DA:76,1
DA:77,492
DA:78,1
DA:79,491
DA:80,1
DA:81,490
DA:82,1
DA:83,489
DA:84,1
DA:85,488
DA:86,1
DA:89,493
DA:90,493
DA:93,97585
DA:94,79556
DA:95,1
DA:96,1
DA:98,79555
DA:99,203
DA:102,203
DA:103,1
DA:105,202
DA:107,203
DA:108,203
DA:110,79352
DA:111,79352
DA:115,3
DA:116,2
DA:117,2
DA:118,516
DA:119,516
DA:121,2
DA:122,2
DA:123,2
DA:124,2
DA:125,512
DA:127,2
DA:129,3
DA:131,3
DA:133,262
DA:134,262
DA:135,262
DA:140,262
DA:141,262
DA:142,262
DA:143,262
DA:144,262
DA:152,209
DA:153,105
DA:154,105
DA:155,105
DA:156,105
DA:159,3
DA:160,1
DA:161,1
DA:163,1
DA:164,1
DA:165,1
DA:166,1
DA:167,1
DA:168,1
DA:172,3
DA:173,3
DA:176,3
DA:177,106711
DA:178,106711
DA:179,106711
DA:180,106609
DA:183,3
DA:185,3
DA:188,225
DA:189,225
DA:191,3
LF:111
LH:111
BRDA:31,0,0,23
BRDA:31,0,1,464
BRDA:32,1,0,1
BRDA:32,1,1,486
BRDA:33,2,0,1
BRDA:33,2,1,486
BRDA:34,3,0,1
BRDA:34,3,1,486
BRDA:35,4,0,1
BRDA:35,4,1,486
BRDA:58,5,0,23
BRDA:58,5,1,465
BRDA:62,6,0,1
BRDA:62,6,1,487
BRDA:75,7,0,1
BRDA:75,7,1,492
BRDA:77,8,0,1
BRDA:77,8,1,491
BRDA:79,9,0,1
BRDA:79,9,1,490
BRDA:81,10,0,1
BRDA:81,10,1,489
BRDA:83,11,0,1
BRDA:83,11,1,488
BRDA:85,12,0,1
BRDA:85,12,1,487
BRDA:93,13,0,18029
BRDA:93,13,1,61527
BRDA:94,14,0,1
BRDA:94,14,1,79555
BRDA:98,15,0,203
BRDA:98,15,1,79352
BRDA:100,16,0,202
BRDA:100,16,1,1
BRDA:102,17,0,1
BRDA:102,17,1,202
BRDA:119,18,0,258
BRDA:119,18,1,258
BRDA:140,19,0,262
BRDA:140,19,1,262
BRDA:142,20,0,20
BRDA:142,20,1,242
BRDA:143,21,0,1
BRDA:143,21,1,261
BRDA:152,22,0,104
BRDA:152,22,1,1
BRDA:156,23,0,102
BRDA:156,23,1,3
BRDA:179,24,0,106609
BRDA:179,24,1,102
BRDA:188,25,0,225
BRDA:188,25,1,225
BRF:52
BRH:52
end_of_record
