TN:
SF:src\scsField.ts
FN:5,(anonymous_4)
FN:9,SCSField
FN:26,(anonymous_6)
FN:30,(anonymous_7)
FN:36,(anonymous_8)
FN:42,(anonymous_9)
FN:44,(anonymous_10)
FN:44,(anonymous_11)
FN:46,(anonymous_12)
FN:83,(anonymous_13)
FNF:10
FNH:10
FNDA:1,(anonymous_4)
FNDA:1,SCSField
FNDA:1,(anonymous_6)
FNDA:62,(anonymous_7)
FNDA:6,(anonymous_8)
FNDA:18,(anonymous_9)
FNDA:18,(anonymous_10)
FNDA:180,(anonymous_11)
FNDA:18,(anonymous_12)
FNDA:1,(anonymous_13)
DA:5,1
DA:10,1
DA:11,1
DA:12,1
DA:14,1
DA:15,1
DA:17,1
DA:18,1
DA:19,5
DA:26,1
DA:27,1
DA:30,1
DA:31,62
DA:36,10
DA:37,6
DA:38,6
DA:39,6
DA:41,6
DA:42,18
DA:44,180
DA:46,18
DA:49,6
DA:50,18
DA:51,54
DA:52,54
DA:53,54
DA:54,54
DA:55,15
DA:58,15
DA:59,9
DA:60,3
DA:62,6
DA:64,9
DA:68,6
DA:69,6
DA:70,6
DA:71,6
DA:72,5
DA:73,4
DA:75,1
DA:80,6
DA:83,1
DA:84,1
DA:85,5
DA:86,25
DA:87,25
DA:88,21
DA:89,4
DA:90,3
DA:92,5
DA:94,1
DA:96,1
LF:52
LH:52
BRDA:36,0,0,3
BRDA:36,0,1,3
BRDA:36,1,0,4
BRDA:36,1,1,2
BRDA:42,2,0,2
BRDA:42,2,1,4
BRDA:44,3,0,2
BRDA:44,3,1,2
BRDA:54,4,0,39
BRDA:54,4,1,15
BRDA:55,5,0,0
BRDA:55,5,1,15
BRDA:55,6,0,15
BRDA:55,6,1,3
BRDA:58,7,0,9
BRDA:58,7,1,6
BRDA:59,8,0,3
BRDA:59,8,1,6
BRDA:70,9,0,6
BRDA:70,9,1,6
BRDA:71,10,0,5
BRDA:71,10,1,1
BRDA:71,11,0,6
BRDA:71,11,1,3
BRDA:72,12,0,4
BRDA:72,12,1,1
BRDA:87,13,0,4
BRDA:87,13,1,21
BRDA:88,14,0,17
BRDA:88,14,1,4
BRDA:89,15,0,1
BRDA:89,15,1,3
BRF:32
BRH:31
end_of_record
TN:
SF:src\status.ts
FN:4,(anonymous_2)
FN:15,(anonymous_3)
FN:36,(anonymous_4)
FN:57,(anonymous_5)
FN:78,(anonymous_6)
FN:110,(anonymous_7)
FN:318,(anonymous_8)
FNF:7
FNH:7
FNDA:1,(anonymous_2)
FNDA:14,(anonymous_3)
FNDA:14,(anonymous_4)
FNDA:14,(anonymous_5)
FNDA:14,(anonymous_6)
FNDA:14,(anonymous_7)
FNDA:1,(anonymous_8)
DA:4,1
DA:5,1
DA:6,1
DA:7,1
DA:8,1
DA:9,1
DA:10,1
DA:11,1
DA:12,1
DA:15,1
DA:16,14
DA:18,1
DA:20,1
DA:22,0
DA:24,0
DA:26,0
DA:28,12
DA:30,0
DA:32,0
DA:36,1
DA:37,14
DA:39,1
DA:41,1
DA:43,0
DA:45,0
DA:47,0
DA:49,12
DA:51,0
DA:53,0
DA:57,1
DA:58,14
DA:60,1
DA:62,1
DA:64,0
DA:66,0
DA:68,0
DA:70,12
DA:72,0
DA:74,0
DA:78,1
DA:79,14
DA:81,1
DA:83,1
DA:85,0
DA:87,0
DA:89,0
DA:91,12
DA:93,0
DA:95,0
DA:110,1
DA:111,14
DA:300,14
DA:301,14
DA:302,0
DA:304,14
DA:305,0
DA:307,14
DA:308,14
DA:309,14
DA:310,14
DA:312,14
DA:318,1
DA:319,1
DA:320,1
DA:321,10
DA:322,10
DA:323,1
DA:326,0
LF:68
LH:45
BRDA:4,0,0,1
BRDA:4,0,1,1
BRDA:17,1,0,1
BRDA:17,1,1,1
BRDA:17,1,2,0
BRDA:17,1,3,0
BRDA:17,1,4,0
BRDA:17,1,5,12
BRDA:17,1,6,0
BRDA:17,1,7,0
BRDA:38,2,0,1
BRDA:38,2,1,1
BRDA:38,2,2,0
BRDA:38,2,3,0
BRDA:38,2,4,0
BRDA:38,2,5,12
BRDA:38,2,6,0
BRDA:38,2,7,0
BRDA:59,3,0,1
BRDA:59,3,1,1
BRDA:59,3,2,0
BRDA:59,3,3,0
BRDA:59,3,4,0
BRDA:59,3,5,12
BRDA:59,3,6,0
BRDA:59,3,7,0
BRDA:80,4,0,1
BRDA:80,4,1,1
BRDA:80,4,2,0
BRDA:80,4,3,0
BRDA:80,4,4,0
BRDA:80,4,5,12
BRDA:80,4,6,0
BRDA:80,4,7,0
BRDA:301,5,0,0
BRDA:301,5,1,14
BRDA:304,6,0,0
BRDA:304,6,1,14
BRDA:304,7,0,14
BRDA:304,7,1,14
BRDA:322,8,0,1
BRDA:322,8,1,9
BRF:42
BRH:20
end_of_record
